<?xml version="1.0" encoding="UTF-8"?>
<map xmlns="http://www.w3.org/2005/xpath-functions">
    <string key="@context">http://iiif.io/api/presentation/2/context.json</string>
    <string key="@type">sc:Manifest</string>
    <string key="@id"
        >https://api.nb.no/catalog/v1/iiif/51a97ce22ce73c66bfa9d73a16064250/manifest{?fields}</string>
    <string key="label">Bemerkninger om stedsnavnene i den søndre del af Helgeland</string>
    <array key="metadata">
        <map>
            <string key="label">Tittel</string>
            <string key="value">&lt;a
                href="https://www.nb.no/search?mediatype=bøker&amp;title=%22Bemerkninger%20om%20stedsnavnene%20i%20den%20s%C3%B8ndre%20del%20af%20Helgeland%22"&gt;Bemerkninger
                om stedsnavnene i den søndre del af Helgeland&lt;/a&gt;</string>
        </map>
        <map>
            <string key="label">Forfatter</string>
            <string key="value">&lt;a
                href="https://www.nb.no/search?mediatype=bøker&amp;name=%22Rygh,%20K.%22"&gt;Rygh,
                K.&lt;/a&gt;</string>
        </map>
        <map>
            <string key="label">Publisert</string>
            <string key="value">Kristiania:Mallings bogtrykkeri, &lt;a
                href="https://www.nb.no/search?mediatype=bøker&amp;fromDate=18700101&amp;toDate=18700101"&gt;1870&lt;/a&gt;</string>
        </map>
        <map>
            <string key="label">Språk</string>
            <string key="value">&lt;a
                href="https://www.nb.no/search?mediatype=bøker&amp;languages=%22nob%22"&gt;Norsk
                (Bokmål)&lt;/a&gt;</string>
        </map>
        <map>
            <string key="label">Kilde for metadata</string>
            <string key="value">nb.bibsys.no (&lt;a title="Link til post i Oria"
                href="http://bibsys-almaprimo.hosted.exlibrisgroup.com/openurl/47BIBSYS_NB/NB?u.ignore_date_coverage=true&amp;rft.mms_id=999104212854702202"&gt;999104212854702202&lt;/a&gt;)</string>
        </map>
        <map>
            <string key="label">Varig lenke</string>
            <string key="value">&lt;a href="https://urn.nb.no/URN:NBN:no-nb_digibok_2016101048158"
                target="_blank"&gt;https://urn.nb.no/URN:NBN:no-nb_digibok_2016101048158&lt;/a&gt;</string>
        </map>
        <map>
            <string key="label">Omfang</string>
            <string key="value">140 s.</string>
        </map>
        <map>
            <string key="label">Medietype</string>
            <string key="value">bøker</string>
        </map>
        <map>
            <string key="label">Tilgang</string>
            <string key="value">Tilgang for alle</string>
        </map>
    </array>
    <string key="license">https://www.nb.no/lisens/publicdomain</string>
    <string key="attribution">&lt;span&gt;Du kan kopiere, endre, spre, vise og fremføre dette
        verket, selv for kommersielle formål, uten å spørre om
        tillatelse.&lt;br/&gt;&lt;br/&gt;&lt;img
        src="https://static.nb.no/images/license/publicdomain_88x31.png"/&gt;&lt;/span&gt;</string>
    <map key="service">
        <string key="@context">http://iiif.io/api/search/0/context.json</string>
        <string key="@id"
            >https://api.nb.no:443/catalog/v1/contentsearch/51a97ce22ce73c66bfa9d73a16064250/search</string>
        <string key="profile">http://iiif.io/api/search/0/search</string>
    </map>
    <array key="sequences">
        <map>
            <string key="@id"
                >https://api.nb.no/catalog/v1/iiif/51a97ce22ce73c66bfa9d73a16064250/sequence/normal</string>
            <string key="@type">sc:Sequence</string>
            <string key="label">Current Page Order</string>
            <string key="viewingHint">paged</string>
            <array key="rendering">
                <map>
                    <string key="@id"
                        >https://www.nb.no/services/downloader?urn=URN:NBN:no-nb_digibok_2016101048158</string>
                    <string key="format">application/pdf</string>
                    <string key="label">Last ned som PDF</string>
                </map>
            </array>
            <array key="canvases">
                <map>
                    <string key="@id"
                        >https://api.nb.no/catalog/v1/iiif/51a97ce22ce73c66bfa9d73a16064250/canvas/URN:NBN:no-nb_digibok_2016101048158_C1</string>
                    <string key="@type">sc:Canvas</string>
                    <map key="@seeAlso">
                        <string key="id"
                            >https://api.nb.no:443/catalog/v1/metadata/51a97ce22ce73c66bfa9d73a16064250/altos/URN:NBN:no-nb_digibok_2016101048158_C1</string>
                        <string key="format">application/alto+xml</string>
                        <string key="profile">http://www.loc.gov/standards/alto</string>
                    </map>
                    <string key="label">93</string>
                    <string key="thumbnail"
                        >https://www.nb.no/services/image/resolver/URN:NBN:no-nb_digibok_2016101048158_C1/full/72,0/0/native.jpg</string>
                    <number key="height">3142</number>
                    <number key="width">1929</number>
                    <array key="images">
                        <map>
                            <string key="@id"
                                >https://api.nb.no/catalog/v1/iiif/51a97ce22ce73c66bfa9d73a16064250/annotation/URN:NBN:no-nb_digibok_2016101048158_C1</string>
                            <string key="@type">oa:Annotation</string>
                            <string key="motivation">sc:painting</string>
                            <map key="resource">
                                <string key="@id">URN:NBN:no-nb_digibok_2016101048158_C1</string>
                                <string key="@type">dctypes:Image</string>
                                <string key="format">image/jpeg</string>
                                <map key="service">
                                    <string key="@context"
                                        >http://iiif.io/api/image/2/context.json</string>
                                    <string key="@id"
                                        >https://www.nb.no/services/image/resolver/URN:NBN:no-nb_digibok_2016101048158_C1</string>
                                    <string key="protocol">http://iiif.io/api/image</string>
                                    <number key="width">1929</number>
                                    <number key="height">3142</number>
                                    <array key="sizes">
                                        <map>
                                            <number key="width">964</number>
                                            <number key="height">1571</number>
                                        </map>
                                        <map>
                                            <number key="width">482</number>
                                            <number key="height">785</number>
                                        </map>
                                        <map>
                                            <number key="width">241</number>
                                            <number key="height">392</number>
                                        </map>
                                        <map>
                                            <number key="width">120</number>
                                            <number key="height">196</number>
                                        </map>
                                        <map>
                                            <number key="width">60</number>
                                            <number key="height">98</number>
                                        </map>
                                    </array>
                                    <array key="tiles">
                                        <map>
                                            <number key="width">1024</number>
                                            <array key="scaleFactors">
                                                <number>1</number>
                                                <number>2</number>
                                                <number>4</number>
                                                <number>8</number>
                                                <number>16</number>
                                                <number>32</number>
                                            </array>
                                        </map>
                                    </array>
                                    <string key="profile"
                                        >http://iiif.io/api/image/2/level1.json</string>
                                    <map key="service">
                                        <string key="@context"
                                            >http://iiif.io/api/annex/service/physdim/1/context.json</string>
                                        <string key="profile"
                                            >http://iiif.io/api/annex/service/physdim</string>
                                        <number key="physicalScale">0.0025</number>
                                        <string key="physicalUnits">in</string>
                                    </map>
                                </map>
                                <number key="height">3142</number>
                                <number key="width">1929</number>
                            </map>
                            <string key="on"
                                >https://api.nb.no/catalog/v1/iiif/51a97ce22ce73c66bfa9d73a16064250/canvas/URN:NBN:no-nb_digibok_2016101048158_C1</string>
                        </map>
                    </array>
                </map>
                <map>
                    <string key="@id"
                        >https://api.nb.no/catalog/v1/iiif/51a97ce22ce73c66bfa9d73a16064250/canvas/URN:NBN:no-nb_digibok_2016101048158_I1</string>
                    <string key="@type">sc:Canvas</string>
                    <map key="@seeAlso">
                        <string key="id"
                            >https://api.nb.no:443/catalog/v1/metadata/51a97ce22ce73c66bfa9d73a16064250/altos/URN:NBN:no-nb_digibok_2016101048158_I1</string>
                        <string key="format">application/alto+xml</string>
                        <string key="profile">http://www.loc.gov/standards/alto</string>
                    </map>
                    <string key="label">96</string>
                    <string key="thumbnail"
                        >https://www.nb.no/services/image/resolver/URN:NBN:no-nb_digibok_2016101048158_I1/full/72,0/0/native.jpg</string>
                    <number key="height">3004</number>
                    <number key="width">1798</number>
                    <array key="images">
                        <map>
                            <string key="@id"
                                >https://api.nb.no/catalog/v1/iiif/51a97ce22ce73c66bfa9d73a16064250/annotation/URN:NBN:no-nb_digibok_2016101048158_I1</string>
                            <string key="@type">oa:Annotation</string>
                            <string key="motivation">sc:painting</string>
                            <map key="resource">
                                <string key="@id">URN:NBN:no-nb_digibok_2016101048158_I1</string>
                                <string key="@type">dctypes:Image</string>
                                <string key="format">image/jpeg</string>
                                <map key="service">
                                    <string key="@context"
                                        >http://iiif.io/api/image/2/context.json</string>
                                    <string key="@id"
                                        >https://www.nb.no/services/image/resolver/URN:NBN:no-nb_digibok_2016101048158_I1</string>
                                    <string key="protocol">http://iiif.io/api/image</string>
                                    <number key="width">1798</number>
                                    <number key="height">3004</number>
                                    <array key="sizes">
                                        <map>
                                            <number key="width">899</number>
                                            <number key="height">1502</number>
                                        </map>
                                        <map>
                                            <number key="width">449</number>
                                            <number key="height">751</number>
                                        </map>
                                        <map>
                                            <number key="width">224</number>
                                            <number key="height">375</number>
                                        </map>
                                        <map>
                                            <number key="width">112</number>
                                            <number key="height">187</number>
                                        </map>
                                    </array>
                                    <array key="tiles">
                                        <map>
                                            <number key="width">1024</number>
                                            <array key="scaleFactors">
                                                <number>1</number>
                                                <number>2</number>
                                                <number>4</number>
                                                <number>8</number>
                                                <number>16</number>
                                            </array>
                                        </map>
                                    </array>
                                    <string key="profile"
                                        >http://iiif.io/api/image/2/level1.json</string>
                                    <map key="service">
                                        <string key="@context"
                                            >http://iiif.io/api/annex/service/physdim/1/context.json</string>
                                        <string key="profile"
                                            >http://iiif.io/api/annex/service/physdim</string>
                                        <number key="physicalScale">0.0025</number>
                                        <string key="physicalUnits">in</string>
                                    </map>
                                </map>
                                <number key="height">3004</number>
                                <number key="width">1798</number>
                            </map>
                            <string key="on"
                                >https://api.nb.no/catalog/v1/iiif/51a97ce22ce73c66bfa9d73a16064250/canvas/URN:NBN:no-nb_digibok_2016101048158_I1</string>
                        </map>
                    </array>
                </map>
                <map>
                    <string key="@id"
                        >https://api.nb.no/catalog/v1/iiif/51a97ce22ce73c66bfa9d73a16064250/canvas/URN:NBN:no-nb_digibok_2016101048158_0001</string>
                    <string key="@type">sc:Canvas</string>
                    <map key="@seeAlso">
                        <string key="id"
                            >https://api.nb.no:443/catalog/v1/metadata/51a97ce22ce73c66bfa9d73a16064250/altos/URN:NBN:no-nb_digibok_2016101048158_0001</string>
                        <string key="format">application/alto+xml</string>
                        <string key="profile">http://www.loc.gov/standards/alto</string>
                    </map>
                    <string key="label">-</string>
                    <string key="thumbnail"
                        >https://www.nb.no/services/image/resolver/URN:NBN:no-nb_digibok_2016101048158_0001/full/72,0/0/native.jpg</string>
                    <number key="height">3004</number>
                    <number key="width">1798</number>
                    <array key="images">
                        <map>
                            <string key="@id"
                                >https://api.nb.no/catalog/v1/iiif/51a97ce22ce73c66bfa9d73a16064250/annotation/URN:NBN:no-nb_digibok_2016101048158_0001</string>
                            <string key="@type">oa:Annotation</string>
                            <string key="motivation">sc:painting</string>
                            <map key="resource">
                                <string key="@id">URN:NBN:no-nb_digibok_2016101048158_0001</string>
                                <string key="@type">dctypes:Image</string>
                                <string key="format">image/jpeg</string>
                                <map key="service">
                                    <string key="@context"
                                        >http://iiif.io/api/image/2/context.json</string>
                                    <string key="@id"
                                        >https://www.nb.no/services/image/resolver/URN:NBN:no-nb_digibok_2016101048158_0001</string>
                                    <string key="protocol">http://iiif.io/api/image</string>
                                    <number key="width">1798</number>
                                    <number key="height">3004</number>
                                    <array key="sizes">
                                        <map>
                                            <number key="width">899</number>
                                            <number key="height">1502</number>
                                        </map>
                                        <map>
                                            <number key="width">449</number>
                                            <number key="height">751</number>
                                        </map>
                                        <map>
                                            <number key="width">224</number>
                                            <number key="height">375</number>
                                        </map>
                                        <map>
                                            <number key="width">112</number>
                                            <number key="height">187</number>
                                        </map>
                                    </array>
                                    <array key="tiles">
                                        <map>
                                            <number key="width">1024</number>
                                            <array key="scaleFactors">
                                                <number>1</number>
                                                <number>2</number>
                                                <number>4</number>
                                                <number>8</number>
                                                <number>16</number>
                                            </array>
                                        </map>
                                    </array>
                                    <string key="profile"
                                        >http://iiif.io/api/image/2/level1.json</string>
                                    <map key="service">
                                        <string key="@context"
                                            >http://iiif.io/api/annex/service/physdim/1/context.json</string>
                                        <string key="profile"
                                            >http://iiif.io/api/annex/service/physdim</string>
                                        <number key="physicalScale">0.0025</number>
                                        <string key="physicalUnits">in</string>
                                    </map>
                                </map>
                                <number key="height">3004</number>
                                <number key="width">1798</number>
                            </map>
                            <string key="on"
                                >https://api.nb.no/catalog/v1/iiif/51a97ce22ce73c66bfa9d73a16064250/canvas/URN:NBN:no-nb_digibok_2016101048158_0001</string>
                        </map>
                    </array>
                </map>
                <map>
                    <string key="@id"
                        >https://api.nb.no/catalog/v1/iiif/51a97ce22ce73c66bfa9d73a16064250/canvas/URN:NBN:no-nb_digibok_2016101048158_0002</string>
                    <string key="@type">sc:Canvas</string>
                    <map key="@seeAlso">
                        <string key="id"
                            >https://api.nb.no:443/catalog/v1/metadata/51a97ce22ce73c66bfa9d73a16064250/altos/URN:NBN:no-nb_digibok_2016101048158_0002</string>
                        <string key="format">application/alto+xml</string>
                        <string key="profile">http://www.loc.gov/standards/alto</string>
                    </map>
                    <string key="label">-</string>
                    <string key="thumbnail"
                        >https://www.nb.no/services/image/resolver/URN:NBN:no-nb_digibok_2016101048158_0002/full/72,0/0/native.jpg</string>
                    <number key="height">3004</number>
                    <number key="width">1798</number>
                    <array key="images">
                        <map>
                            <string key="@id"
                                >https://api.nb.no/catalog/v1/iiif/51a97ce22ce73c66bfa9d73a16064250/annotation/URN:NBN:no-nb_digibok_2016101048158_0002</string>
                            <string key="@type">oa:Annotation</string>
                            <string key="motivation">sc:painting</string>
                            <map key="resource">
                                <string key="@id">URN:NBN:no-nb_digibok_2016101048158_0002</string>
                                <string key="@type">dctypes:Image</string>
                                <string key="format">image/jpeg</string>
                                <map key="service">
                                    <string key="@context"
                                        >http://iiif.io/api/image/2/context.json</string>
                                    <string key="@id"
                                        >https://www.nb.no/services/image/resolver/URN:NBN:no-nb_digibok_2016101048158_0002</string>
                                    <string key="protocol">http://iiif.io/api/image</string>
                                    <number key="width">1798</number>
                                    <number key="height">3004</number>
                                    <array key="sizes">
                                        <map>
                                            <number key="width">899</number>
                                            <number key="height">1502</number>
                                        </map>
                                        <map>
                                            <number key="width">449</number>
                                            <number key="height">751</number>
                                        </map>
                                        <map>
                                            <number key="width">224</number>
                                            <number key="height">375</number>
                                        </map>
                                        <map>
                                            <number key="width">112</number>
                                            <number key="height">187</number>
                                        </map>
                                    </array>
                                    <array key="tiles">
                                        <map>
                                            <number key="width">1024</number>
                                            <array key="scaleFactors">
                                                <number>1</number>
                                                <number>2</number>
                                                <number>4</number>
                                                <number>8</number>
                                                <number>16</number>
                                            </array>
                                        </map>
                                    </array>
                                    <string key="profile"
                                        >http://iiif.io/api/image/2/level1.json</string>
                                    <map key="service">
                                        <string key="@context"
                                            >http://iiif.io/api/annex/service/physdim/1/context.json</string>
                                        <string key="profile"
                                            >http://iiif.io/api/annex/service/physdim</string>
                                        <number key="physicalScale">0.0025</number>
                                        <string key="physicalUnits">in</string>
                                    </map>
                                </map>
                                <number key="height">3004</number>
                                <number key="width">1798</number>
                            </map>
                            <string key="on"
                                >https://api.nb.no/catalog/v1/iiif/51a97ce22ce73c66bfa9d73a16064250/canvas/URN:NBN:no-nb_digibok_2016101048158_0002</string>
                        </map>
                    </array>
                </map>
                <map>
                    <string key="@id"
                        >https://api.nb.no/catalog/v1/iiif/51a97ce22ce73c66bfa9d73a16064250/canvas/URN:NBN:no-nb_digibok_2016101048158_0003</string>
                    <string key="@type">sc:Canvas</string>
                    <map key="@seeAlso">
                        <string key="id"
                            >https://api.nb.no:443/catalog/v1/metadata/51a97ce22ce73c66bfa9d73a16064250/altos/URN:NBN:no-nb_digibok_2016101048158_0003</string>
                        <string key="format">application/alto+xml</string>
                        <string key="profile">http://www.loc.gov/standards/alto</string>
                    </map>
                    <string key="label">1</string>
                    <string key="thumbnail"
                        >https://www.nb.no/services/image/resolver/URN:NBN:no-nb_digibok_2016101048158_0003/full/72,0/0/native.jpg</string>
                    <number key="height">3004</number>
                    <number key="width">1798</number>
                    <array key="images">
                        <map>
                            <string key="@id"
                                >https://api.nb.no/catalog/v1/iiif/51a97ce22ce73c66bfa9d73a16064250/annotation/URN:NBN:no-nb_digibok_2016101048158_0003</string>
                            <string key="@type">oa:Annotation</string>
                            <string key="motivation">sc:painting</string>
                            <map key="resource">
                                <string key="@id">URN:NBN:no-nb_digibok_2016101048158_0003</string>
                                <string key="@type">dctypes:Image</string>
                                <string key="format">image/jpeg</string>
                                <map key="service">
                                    <string key="@context"
                                        >http://iiif.io/api/image/2/context.json</string>
                                    <string key="@id"
                                        >https://www.nb.no/services/image/resolver/URN:NBN:no-nb_digibok_2016101048158_0003</string>
                                    <string key="protocol">http://iiif.io/api/image</string>
                                    <number key="width">1798</number>
                                    <number key="height">3004</number>
                                    <array key="sizes">
                                        <map>
                                            <number key="width">899</number>
                                            <number key="height">1502</number>
                                        </map>
                                        <map>
                                            <number key="width">449</number>
                                            <number key="height">751</number>
                                        </map>
                                        <map>
                                            <number key="width">224</number>
                                            <number key="height">375</number>
                                        </map>
                                        <map>
                                            <number key="width">112</number>
                                            <number key="height">187</number>
                                        </map>
                                    </array>
                                    <array key="tiles">
                                        <map>
                                            <number key="width">1024</number>
                                            <array key="scaleFactors">
                                                <number>1</number>
                                                <number>2</number>
                                                <number>4</number>
                                                <number>8</number>
                                                <number>16</number>
                                            </array>
                                        </map>
                                    </array>
                                    <string key="profile"
                                        >http://iiif.io/api/image/2/level1.json</string>
                                    <map key="service">
                                        <string key="@context"
                                            >http://iiif.io/api/annex/service/physdim/1/context.json</string>
                                        <string key="profile"
                                            >http://iiif.io/api/annex/service/physdim</string>
                                        <number key="physicalScale">0.0025</number>
                                        <string key="physicalUnits">in</string>
                                    </map>
                                </map>
                                <number key="height">3004</number>
                                <number key="width">1798</number>
                            </map>
                            <string key="on"
                                >https://api.nb.no/catalog/v1/iiif/51a97ce22ce73c66bfa9d73a16064250/canvas/URN:NBN:no-nb_digibok_2016101048158_0003</string>
                        </map>
                    </array>
                </map>
                <map>
                    <string key="@id"
                        >https://api.nb.no/catalog/v1/iiif/51a97ce22ce73c66bfa9d73a16064250/canvas/URN:NBN:no-nb_digibok_2016101048158_0004</string>
                    <string key="@type">sc:Canvas</string>
                    <map key="@seeAlso">
                        <string key="id"
                            >https://api.nb.no:443/catalog/v1/metadata/51a97ce22ce73c66bfa9d73a16064250/altos/URN:NBN:no-nb_digibok_2016101048158_0004</string>
                        <string key="format">application/alto+xml</string>
                        <string key="profile">http://www.loc.gov/standards/alto</string>
                    </map>
                    <string key="label">2</string>
                    <string key="thumbnail"
                        >https://www.nb.no/services/image/resolver/URN:NBN:no-nb_digibok_2016101048158_0004/full/72,0/0/native.jpg</string>
                    <number key="height">3004</number>
                    <number key="width">1798</number>
                    <array key="images">
                        <map>
                            <string key="@id"
                                >https://api.nb.no/catalog/v1/iiif/51a97ce22ce73c66bfa9d73a16064250/annotation/URN:NBN:no-nb_digibok_2016101048158_0004</string>
                            <string key="@type">oa:Annotation</string>
                            <string key="motivation">sc:painting</string>
                            <map key="resource">
                                <string key="@id">URN:NBN:no-nb_digibok_2016101048158_0004</string>
                                <string key="@type">dctypes:Image</string>
                                <string key="format">image/jpeg</string>
                                <map key="service">
                                    <string key="@context"
                                        >http://iiif.io/api/image/2/context.json</string>
                                    <string key="@id"
                                        >https://www.nb.no/services/image/resolver/URN:NBN:no-nb_digibok_2016101048158_0004</string>
                                    <string key="protocol">http://iiif.io/api/image</string>
                                    <number key="width">1798</number>
                                    <number key="height">3004</number>
                                    <array key="sizes">
                                        <map>
                                            <number key="width">899</number>
                                            <number key="height">1502</number>
                                        </map>
                                        <map>
                                            <number key="width">449</number>
                                            <number key="height">751</number>
                                        </map>
                                        <map>
                                            <number key="width">224</number>
                                            <number key="height">375</number>
                                        </map>
                                        <map>
                                            <number key="width">112</number>
                                            <number key="height">187</number>
                                        </map>
                                    </array>
                                    <array key="tiles">
                                        <map>
                                            <number key="width">1024</number>
                                            <array key="scaleFactors">
                                                <number>1</number>
                                                <number>2</number>
                                                <number>4</number>
                                                <number>8</number>
                                                <number>16</number>
                                            </array>
                                        </map>
                                    </array>
                                    <string key="profile"
                                        >http://iiif.io/api/image/2/level1.json</string>
                                    <map key="service">
                                        <string key="@context"
                                            >http://iiif.io/api/annex/service/physdim/1/context.json</string>
                                        <string key="profile"
                                            >http://iiif.io/api/annex/service/physdim</string>
                                        <number key="physicalScale">0.0025</number>
                                        <string key="physicalUnits">in</string>
                                    </map>
                                </map>
                                <number key="height">3004</number>
                                <number key="width">1798</number>
                            </map>
                            <string key="on"
                                >https://api.nb.no/catalog/v1/iiif/51a97ce22ce73c66bfa9d73a16064250/canvas/URN:NBN:no-nb_digibok_2016101048158_0004</string>
                        </map>
                    </array>
                </map>
                <map>
                    <string key="@id"
                        >https://api.nb.no/catalog/v1/iiif/51a97ce22ce73c66bfa9d73a16064250/canvas/URN:NBN:no-nb_digibok_2016101048158_0005</string>
                    <string key="@type">sc:Canvas</string>
                    <map key="@seeAlso">
                        <string key="id"
                            >https://api.nb.no:443/catalog/v1/metadata/51a97ce22ce73c66bfa9d73a16064250/altos/URN:NBN:no-nb_digibok_2016101048158_0005</string>
                        <string key="format">application/alto+xml</string>
                        <string key="profile">http://www.loc.gov/standards/alto</string>
                    </map>
                    <string key="label">3</string>
                    <string key="thumbnail"
                        >https://www.nb.no/services/image/resolver/URN:NBN:no-nb_digibok_2016101048158_0005/full/72,0/0/native.jpg</string>
                    <number key="height">3004</number>
                    <number key="width">1798</number>
                    <array key="images">
                        <map>
                            <string key="@id"
                                >https://api.nb.no/catalog/v1/iiif/51a97ce22ce73c66bfa9d73a16064250/annotation/URN:NBN:no-nb_digibok_2016101048158_0005</string>
                            <string key="@type">oa:Annotation</string>
                            <string key="motivation">sc:painting</string>
                            <map key="resource">
                                <string key="@id">URN:NBN:no-nb_digibok_2016101048158_0005</string>
                                <string key="@type">dctypes:Image</string>
                                <string key="format">image/jpeg</string>
                                <map key="service">
                                    <string key="@context"
                                        >http://iiif.io/api/image/2/context.json</string>
                                    <string key="@id"
                                        >https://www.nb.no/services/image/resolver/URN:NBN:no-nb_digibok_2016101048158_0005</string>
                                    <string key="protocol">http://iiif.io/api/image</string>
                                    <number key="width">1798</number>
                                    <number key="height">3004</number>
                                    <array key="sizes">
                                        <map>
                                            <number key="width">899</number>
                                            <number key="height">1502</number>
                                        </map>
                                        <map>
                                            <number key="width">449</number>
                                            <number key="height">751</number>
                                        </map>
                                        <map>
                                            <number key="width">224</number>
                                            <number key="height">375</number>
                                        </map>
                                        <map>
                                            <number key="width">112</number>
                                            <number key="height">187</number>
                                        </map>
                                    </array>
                                    <array key="tiles">
                                        <map>
                                            <number key="width">1024</number>
                                            <array key="scaleFactors">
                                                <number>1</number>
                                                <number>2</number>
                                                <number>4</number>
                                                <number>8</number>
                                                <number>16</number>
                                            </array>
                                        </map>
                                    </array>
                                    <string key="profile"
                                        >http://iiif.io/api/image/2/level1.json</string>
                                    <map key="service">
                                        <string key="@context"
                                            >http://iiif.io/api/annex/service/physdim/1/context.json</string>
                                        <string key="profile"
                                            >http://iiif.io/api/annex/service/physdim</string>
                                        <number key="physicalScale">0.0025</number>
                                        <string key="physicalUnits">in</string>
                                    </map>
                                </map>
                                <number key="height">3004</number>
                                <number key="width">1798</number>
                            </map>
                            <string key="on"
                                >https://api.nb.no/catalog/v1/iiif/51a97ce22ce73c66bfa9d73a16064250/canvas/URN:NBN:no-nb_digibok_2016101048158_0005</string>
                        </map>
                    </array>
                </map>
                <map>
                    <string key="@id"
                        >https://api.nb.no/catalog/v1/iiif/51a97ce22ce73c66bfa9d73a16064250/canvas/URN:NBN:no-nb_digibok_2016101048158_0006</string>
                    <string key="@type">sc:Canvas</string>
                    <map key="@seeAlso">
                        <string key="id"
                            >https://api.nb.no:443/catalog/v1/metadata/51a97ce22ce73c66bfa9d73a16064250/altos/URN:NBN:no-nb_digibok_2016101048158_0006</string>
                        <string key="format">application/alto+xml</string>
                        <string key="profile">http://www.loc.gov/standards/alto</string>
                    </map>
                    <string key="label">4</string>
                    <string key="thumbnail"
                        >https://www.nb.no/services/image/resolver/URN:NBN:no-nb_digibok_2016101048158_0006/full/72,0/0/native.jpg</string>
                    <number key="height">3004</number>
                    <number key="width">1798</number>
                    <array key="images">
                        <map>
                            <string key="@id"
                                >https://api.nb.no/catalog/v1/iiif/51a97ce22ce73c66bfa9d73a16064250/annotation/URN:NBN:no-nb_digibok_2016101048158_0006</string>
                            <string key="@type">oa:Annotation</string>
                            <string key="motivation">sc:painting</string>
                            <map key="resource">
                                <string key="@id">URN:NBN:no-nb_digibok_2016101048158_0006</string>
                                <string key="@type">dctypes:Image</string>
                                <string key="format">image/jpeg</string>
                                <map key="service">
                                    <string key="@context"
                                        >http://iiif.io/api/image/2/context.json</string>
                                    <string key="@id"
                                        >https://www.nb.no/services/image/resolver/URN:NBN:no-nb_digibok_2016101048158_0006</string>
                                    <string key="protocol">http://iiif.io/api/image</string>
                                    <number key="width">1798</number>
                                    <number key="height">3004</number>
                                    <array key="sizes">
                                        <map>
                                            <number key="width">899</number>
                                            <number key="height">1502</number>
                                        </map>
                                        <map>
                                            <number key="width">449</number>
                                            <number key="height">751</number>
                                        </map>
                                        <map>
                                            <number key="width">224</number>
                                            <number key="height">375</number>
                                        </map>
                                        <map>
                                            <number key="width">112</number>
                                            <number key="height">187</number>
                                        </map>
                                    </array>
                                    <array key="tiles">
                                        <map>
                                            <number key="width">1024</number>
                                            <array key="scaleFactors">
                                                <number>1</number>
                                                <number>2</number>
                                                <number>4</number>
                                                <number>8</number>
                                                <number>16</number>
                                            </array>
                                        </map>
                                    </array>
                                    <string key="profile"
                                        >http://iiif.io/api/image/2/level1.json</string>
                                    <map key="service">
                                        <string key="@context"
                                            >http://iiif.io/api/annex/service/physdim/1/context.json</string>
                                        <string key="profile"
                                            >http://iiif.io/api/annex/service/physdim</string>
                                        <number key="physicalScale">0.0025</number>
                                        <string key="physicalUnits">in</string>
                                    </map>
                                </map>
                                <number key="height">3004</number>
                                <number key="width">1798</number>
                            </map>
                            <string key="on"
                                >https://api.nb.no/catalog/v1/iiif/51a97ce22ce73c66bfa9d73a16064250/canvas/URN:NBN:no-nb_digibok_2016101048158_0006</string>
                        </map>
                    </array>
                </map>
                <map>
                    <string key="@id"
                        >https://api.nb.no/catalog/v1/iiif/51a97ce22ce73c66bfa9d73a16064250/canvas/URN:NBN:no-nb_digibok_2016101048158_0007</string>
                    <string key="@type">sc:Canvas</string>
                    <map key="@seeAlso">
                        <string key="id"
                            >https://api.nb.no:443/catalog/v1/metadata/51a97ce22ce73c66bfa9d73a16064250/altos/URN:NBN:no-nb_digibok_2016101048158_0007</string>
                        <string key="format">application/alto+xml</string>
                        <string key="profile">http://www.loc.gov/standards/alto</string>
                    </map>
                    <string key="label">5</string>
                    <string key="thumbnail"
                        >https://www.nb.no/services/image/resolver/URN:NBN:no-nb_digibok_2016101048158_0007/full/72,0/0/native.jpg</string>
                    <number key="height">3004</number>
                    <number key="width">1798</number>
                    <array key="images">
                        <map>
                            <string key="@id"
                                >https://api.nb.no/catalog/v1/iiif/51a97ce22ce73c66bfa9d73a16064250/annotation/URN:NBN:no-nb_digibok_2016101048158_0007</string>
                            <string key="@type">oa:Annotation</string>
                            <string key="motivation">sc:painting</string>
                            <map key="resource">
                                <string key="@id">URN:NBN:no-nb_digibok_2016101048158_0007</string>
                                <string key="@type">dctypes:Image</string>
                                <string key="format">image/jpeg</string>
                                <map key="service">
                                    <string key="@context"
                                        >http://iiif.io/api/image/2/context.json</string>
                                    <string key="@id"
                                        >https://www.nb.no/services/image/resolver/URN:NBN:no-nb_digibok_2016101048158_0007</string>
                                    <string key="protocol">http://iiif.io/api/image</string>
                                    <number key="width">1798</number>
                                    <number key="height">3004</number>
                                    <array key="sizes">
                                        <map>
                                            <number key="width">899</number>
                                            <number key="height">1502</number>
                                        </map>
                                        <map>
                                            <number key="width">449</number>
                                            <number key="height">751</number>
                                        </map>
                                        <map>
                                            <number key="width">224</number>
                                            <number key="height">375</number>
                                        </map>
                                        <map>
                                            <number key="width">112</number>
                                            <number key="height">187</number>
                                        </map>
                                    </array>
                                    <array key="tiles">
                                        <map>
                                            <number key="width">1024</number>
                                            <array key="scaleFactors">
                                                <number>1</number>
                                                <number>2</number>
                                                <number>4</number>
                                                <number>8</number>
                                                <number>16</number>
                                            </array>
                                        </map>
                                    </array>
                                    <string key="profile"
                                        >http://iiif.io/api/image/2/level1.json</string>
                                    <map key="service">
                                        <string key="@context"
                                            >http://iiif.io/api/annex/service/physdim/1/context.json</string>
                                        <string key="profile"
                                            >http://iiif.io/api/annex/service/physdim</string>
                                        <number key="physicalScale">0.0025</number>
                                        <string key="physicalUnits">in</string>
                                    </map>
                                </map>
                                <number key="height">3004</number>
                                <number key="width">1798</number>
                            </map>
                            <string key="on"
                                >https://api.nb.no/catalog/v1/iiif/51a97ce22ce73c66bfa9d73a16064250/canvas/URN:NBN:no-nb_digibok_2016101048158_0007</string>
                        </map>
                    </array>
                </map>
                <map>
                    <string key="@id"
                        >https://api.nb.no/catalog/v1/iiif/51a97ce22ce73c66bfa9d73a16064250/canvas/URN:NBN:no-nb_digibok_2016101048158_0008</string>
                    <string key="@type">sc:Canvas</string>
                    <map key="@seeAlso">
                        <string key="id"
                            >https://api.nb.no:443/catalog/v1/metadata/51a97ce22ce73c66bfa9d73a16064250/altos/URN:NBN:no-nb_digibok_2016101048158_0008</string>
                        <string key="format">application/alto+xml</string>
                        <string key="profile">http://www.loc.gov/standards/alto</string>
                    </map>
                    <string key="label">6</string>
                    <string key="thumbnail"
                        >https://www.nb.no/services/image/resolver/URN:NBN:no-nb_digibok_2016101048158_0008/full/72,0/0/native.jpg</string>
                    <number key="height">3004</number>
                    <number key="width">1798</number>
                    <array key="images">
                        <map>
                            <string key="@id"
                                >https://api.nb.no/catalog/v1/iiif/51a97ce22ce73c66bfa9d73a16064250/annotation/URN:NBN:no-nb_digibok_2016101048158_0008</string>
                            <string key="@type">oa:Annotation</string>
                            <string key="motivation">sc:painting</string>
                            <map key="resource">
                                <string key="@id">URN:NBN:no-nb_digibok_2016101048158_0008</string>
                                <string key="@type">dctypes:Image</string>
                                <string key="format">image/jpeg</string>
                                <map key="service">
                                    <string key="@context"
                                        >http://iiif.io/api/image/2/context.json</string>
                                    <string key="@id"
                                        >https://www.nb.no/services/image/resolver/URN:NBN:no-nb_digibok_2016101048158_0008</string>
                                    <string key="protocol">http://iiif.io/api/image</string>
                                    <number key="width">1798</number>
                                    <number key="height">3004</number>
                                    <array key="sizes">
                                        <map>
                                            <number key="width">899</number>
                                            <number key="height">1502</number>
                                        </map>
                                        <map>
                                            <number key="width">449</number>
                                            <number key="height">751</number>
                                        </map>
                                        <map>
                                            <number key="width">224</number>
                                            <number key="height">375</number>
                                        </map>
                                        <map>
                                            <number key="width">112</number>
                                            <number key="height">187</number>
                                        </map>
                                    </array>
                                    <array key="tiles">
                                        <map>
                                            <number key="width">1024</number>
                                            <array key="scaleFactors">
                                                <number>1</number>
                                                <number>2</number>
                                                <number>4</number>
                                                <number>8</number>
                                                <number>16</number>
                                            </array>
                                        </map>
                                    </array>
                                    <string key="profile"
                                        >http://iiif.io/api/image/2/level1.json</string>
                                    <map key="service">
                                        <string key="@context"
                                            >http://iiif.io/api/annex/service/physdim/1/context.json</string>
                                        <string key="profile"
                                            >http://iiif.io/api/annex/service/physdim</string>
                                        <number key="physicalScale">0.0025</number>
                                        <string key="physicalUnits">in</string>
                                    </map>
                                </map>
                                <number key="height">3004</number>
                                <number key="width">1798</number>
                            </map>
                            <string key="on"
                                >https://api.nb.no/catalog/v1/iiif/51a97ce22ce73c66bfa9d73a16064250/canvas/URN:NBN:no-nb_digibok_2016101048158_0008</string>
                        </map>
                    </array>
                </map>
                <map>
                    <string key="@id"
                        >https://api.nb.no/catalog/v1/iiif/51a97ce22ce73c66bfa9d73a16064250/canvas/URN:NBN:no-nb_digibok_2016101048158_0009</string>
                    <string key="@type">sc:Canvas</string>
                    <map key="@seeAlso">
                        <string key="id"
                            >https://api.nb.no:443/catalog/v1/metadata/51a97ce22ce73c66bfa9d73a16064250/altos/URN:NBN:no-nb_digibok_2016101048158_0009</string>
                        <string key="format">application/alto+xml</string>
                        <string key="profile">http://www.loc.gov/standards/alto</string>
                    </map>
                    <string key="label">7</string>
                    <string key="thumbnail"
                        >https://www.nb.no/services/image/resolver/URN:NBN:no-nb_digibok_2016101048158_0009/full/72,0/0/native.jpg</string>
                    <number key="height">3004</number>
                    <number key="width">1798</number>
                    <array key="images">
                        <map>
                            <string key="@id"
                                >https://api.nb.no/catalog/v1/iiif/51a97ce22ce73c66bfa9d73a16064250/annotation/URN:NBN:no-nb_digibok_2016101048158_0009</string>
                            <string key="@type">oa:Annotation</string>
                            <string key="motivation">sc:painting</string>
                            <map key="resource">
                                <string key="@id">URN:NBN:no-nb_digibok_2016101048158_0009</string>
                                <string key="@type">dctypes:Image</string>
                                <string key="format">image/jpeg</string>
                                <map key="service">
                                    <string key="@context"
                                        >http://iiif.io/api/image/2/context.json</string>
                                    <string key="@id"
                                        >https://www.nb.no/services/image/resolver/URN:NBN:no-nb_digibok_2016101048158_0009</string>
                                    <string key="protocol">http://iiif.io/api/image</string>
                                    <number key="width">1798</number>
                                    <number key="height">3004</number>
                                    <array key="sizes">
                                        <map>
                                            <number key="width">899</number>
                                            <number key="height">1502</number>
                                        </map>
                                        <map>
                                            <number key="width">449</number>
                                            <number key="height">751</number>
                                        </map>
                                        <map>
                                            <number key="width">224</number>
                                            <number key="height">375</number>
                                        </map>
                                        <map>
                                            <number key="width">112</number>
                                            <number key="height">187</number>
                                        </map>
                                    </array>
                                    <array key="tiles">
                                        <map>
                                            <number key="width">1024</number>
                                            <array key="scaleFactors">
                                                <number>1</number>
                                                <number>2</number>
                                                <number>4</number>
                                                <number>8</number>
                                                <number>16</number>
                                            </array>
                                        </map>
                                    </array>
                                    <string key="profile"
                                        >http://iiif.io/api/image/2/level1.json</string>
                                    <map key="service">
                                        <string key="@context"
                                            >http://iiif.io/api/annex/service/physdim/1/context.json</string>
                                        <string key="profile"
                                            >http://iiif.io/api/annex/service/physdim</string>
                                        <number key="physicalScale">0.0025</number>
                                        <string key="physicalUnits">in</string>
                                    </map>
                                </map>
                                <number key="height">3004</number>
                                <number key="width">1798</number>
                            </map>
                            <string key="on"
                                >https://api.nb.no/catalog/v1/iiif/51a97ce22ce73c66bfa9d73a16064250/canvas/URN:NBN:no-nb_digibok_2016101048158_0009</string>
                        </map>
                    </array>
                </map>
                <map>
                    <string key="@id"
                        >https://api.nb.no/catalog/v1/iiif/51a97ce22ce73c66bfa9d73a16064250/canvas/URN:NBN:no-nb_digibok_2016101048158_0010</string>
                    <string key="@type">sc:Canvas</string>
                    <map key="@seeAlso">
                        <string key="id"
                            >https://api.nb.no:443/catalog/v1/metadata/51a97ce22ce73c66bfa9d73a16064250/altos/URN:NBN:no-nb_digibok_2016101048158_0010</string>
                        <string key="format">application/alto+xml</string>
                        <string key="profile">http://www.loc.gov/standards/alto</string>
                    </map>
                    <string key="label">8</string>
                    <string key="thumbnail"
                        >https://www.nb.no/services/image/resolver/URN:NBN:no-nb_digibok_2016101048158_0010/full/72,0/0/native.jpg</string>
                    <number key="height">3004</number>
                    <number key="width">1798</number>
                    <array key="images">
                        <map>
                            <string key="@id"
                                >https://api.nb.no/catalog/v1/iiif/51a97ce22ce73c66bfa9d73a16064250/annotation/URN:NBN:no-nb_digibok_2016101048158_0010</string>
                            <string key="@type">oa:Annotation</string>
                            <string key="motivation">sc:painting</string>
                            <map key="resource">
                                <string key="@id">URN:NBN:no-nb_digibok_2016101048158_0010</string>
                                <string key="@type">dctypes:Image</string>
                                <string key="format">image/jpeg</string>
                                <map key="service">
                                    <string key="@context"
                                        >http://iiif.io/api/image/2/context.json</string>
                                    <string key="@id"
                                        >https://www.nb.no/services/image/resolver/URN:NBN:no-nb_digibok_2016101048158_0010</string>
                                    <string key="protocol">http://iiif.io/api/image</string>
                                    <number key="width">1798</number>
                                    <number key="height">3004</number>
                                    <array key="sizes">
                                        <map>
                                            <number key="width">899</number>
                                            <number key="height">1502</number>
                                        </map>
                                        <map>
                                            <number key="width">449</number>
                                            <number key="height">751</number>
                                        </map>
                                        <map>
                                            <number key="width">224</number>
                                            <number key="height">375</number>
                                        </map>
                                        <map>
                                            <number key="width">112</number>
                                            <number key="height">187</number>
                                        </map>
                                    </array>
                                    <array key="tiles">
                                        <map>
                                            <number key="width">1024</number>
                                            <array key="scaleFactors">
                                                <number>1</number>
                                                <number>2</number>
                                                <number>4</number>
                                                <number>8</number>
                                                <number>16</number>
                                            </array>
                                        </map>
                                    </array>
                                    <string key="profile"
                                        >http://iiif.io/api/image/2/level1.json</string>
                                    <map key="service">
                                        <string key="@context"
                                            >http://iiif.io/api/annex/service/physdim/1/context.json</string>
                                        <string key="profile"
                                            >http://iiif.io/api/annex/service/physdim</string>
                                        <number key="physicalScale">0.0025</number>
                                        <string key="physicalUnits">in</string>
                                    </map>
                                </map>
                                <number key="height">3004</number>
                                <number key="width">1798</number>
                            </map>
                            <string key="on"
                                >https://api.nb.no/catalog/v1/iiif/51a97ce22ce73c66bfa9d73a16064250/canvas/URN:NBN:no-nb_digibok_2016101048158_0010</string>
                        </map>
                    </array>
                </map>
                <map>
                    <string key="@id"
                        >https://api.nb.no/catalog/v1/iiif/51a97ce22ce73c66bfa9d73a16064250/canvas/URN:NBN:no-nb_digibok_2016101048158_0011</string>
                    <string key="@type">sc:Canvas</string>
                    <map key="@seeAlso">
                        <string key="id"
                            >https://api.nb.no:443/catalog/v1/metadata/51a97ce22ce73c66bfa9d73a16064250/altos/URN:NBN:no-nb_digibok_2016101048158_0011</string>
                        <string key="format">application/alto+xml</string>
                        <string key="profile">http://www.loc.gov/standards/alto</string>
                    </map>
                    <string key="label">9</string>
                    <string key="thumbnail"
                        >https://www.nb.no/services/image/resolver/URN:NBN:no-nb_digibok_2016101048158_0011/full/72,0/0/native.jpg</string>
                    <number key="height">3004</number>
                    <number key="width">1798</number>
                    <array key="images">
                        <map>
                            <string key="@id"
                                >https://api.nb.no/catalog/v1/iiif/51a97ce22ce73c66bfa9d73a16064250/annotation/URN:NBN:no-nb_digibok_2016101048158_0011</string>
                            <string key="@type">oa:Annotation</string>
                            <string key="motivation">sc:painting</string>
                            <map key="resource">
                                <string key="@id">URN:NBN:no-nb_digibok_2016101048158_0011</string>
                                <string key="@type">dctypes:Image</string>
                                <string key="format">image/jpeg</string>
                                <map key="service">
                                    <string key="@context"
                                        >http://iiif.io/api/image/2/context.json</string>
                                    <string key="@id"
                                        >https://www.nb.no/services/image/resolver/URN:NBN:no-nb_digibok_2016101048158_0011</string>
                                    <string key="protocol">http://iiif.io/api/image</string>
                                    <number key="width">1798</number>
                                    <number key="height">3004</number>
                                    <array key="sizes">
                                        <map>
                                            <number key="width">899</number>
                                            <number key="height">1502</number>
                                        </map>
                                        <map>
                                            <number key="width">449</number>
                                            <number key="height">751</number>
                                        </map>
                                        <map>
                                            <number key="width">224</number>
                                            <number key="height">375</number>
                                        </map>
                                        <map>
                                            <number key="width">112</number>
                                            <number key="height">187</number>
                                        </map>
                                    </array>
                                    <array key="tiles">
                                        <map>
                                            <number key="width">1024</number>
                                            <array key="scaleFactors">
                                                <number>1</number>
                                                <number>2</number>
                                                <number>4</number>
                                                <number>8</number>
                                                <number>16</number>
                                            </array>
                                        </map>
                                    </array>
                                    <string key="profile"
                                        >http://iiif.io/api/image/2/level1.json</string>
                                    <map key="service">
                                        <string key="@context"
                                            >http://iiif.io/api/annex/service/physdim/1/context.json</string>
                                        <string key="profile"
                                            >http://iiif.io/api/annex/service/physdim</string>
                                        <number key="physicalScale">0.0025</number>
                                        <string key="physicalUnits">in</string>
                                    </map>
                                </map>
                                <number key="height">3004</number>
                                <number key="width">1798</number>
                            </map>
                            <string key="on"
                                >https://api.nb.no/catalog/v1/iiif/51a97ce22ce73c66bfa9d73a16064250/canvas/URN:NBN:no-nb_digibok_2016101048158_0011</string>
                        </map>
                    </array>
                </map>
                <map>
                    <string key="@id"
                        >https://api.nb.no/catalog/v1/iiif/51a97ce22ce73c66bfa9d73a16064250/canvas/URN:NBN:no-nb_digibok_2016101048158_0012</string>
                    <string key="@type">sc:Canvas</string>
                    <map key="@seeAlso">
                        <string key="id"
                            >https://api.nb.no:443/catalog/v1/metadata/51a97ce22ce73c66bfa9d73a16064250/altos/URN:NBN:no-nb_digibok_2016101048158_0012</string>
                        <string key="format">application/alto+xml</string>
                        <string key="profile">http://www.loc.gov/standards/alto</string>
                    </map>
                    <string key="label">10</string>
                    <string key="thumbnail"
                        >https://www.nb.no/services/image/resolver/URN:NBN:no-nb_digibok_2016101048158_0012/full/72,0/0/native.jpg</string>
                    <number key="height">3004</number>
                    <number key="width">1798</number>
                    <array key="images">
                        <map>
                            <string key="@id"
                                >https://api.nb.no/catalog/v1/iiif/51a97ce22ce73c66bfa9d73a16064250/annotation/URN:NBN:no-nb_digibok_2016101048158_0012</string>
                            <string key="@type">oa:Annotation</string>
                            <string key="motivation">sc:painting</string>
                            <map key="resource">
                                <string key="@id">URN:NBN:no-nb_digibok_2016101048158_0012</string>
                                <string key="@type">dctypes:Image</string>
                                <string key="format">image/jpeg</string>
                                <map key="service">
                                    <string key="@context"
                                        >http://iiif.io/api/image/2/context.json</string>
                                    <string key="@id"
                                        >https://www.nb.no/services/image/resolver/URN:NBN:no-nb_digibok_2016101048158_0012</string>
                                    <string key="protocol">http://iiif.io/api/image</string>
                                    <number key="width">1798</number>
                                    <number key="height">3004</number>
                                    <array key="sizes">
                                        <map>
                                            <number key="width">899</number>
                                            <number key="height">1502</number>
                                        </map>
                                        <map>
                                            <number key="width">449</number>
                                            <number key="height">751</number>
                                        </map>
                                        <map>
                                            <number key="width">224</number>
                                            <number key="height">375</number>
                                        </map>
                                        <map>
                                            <number key="width">112</number>
                                            <number key="height">187</number>
                                        </map>
                                    </array>
                                    <array key="tiles">
                                        <map>
                                            <number key="width">1024</number>
                                            <array key="scaleFactors">
                                                <number>1</number>
                                                <number>2</number>
                                                <number>4</number>
                                                <number>8</number>
                                                <number>16</number>
                                            </array>
                                        </map>
                                    </array>
                                    <string key="profile"
                                        >http://iiif.io/api/image/2/level1.json</string>
                                    <map key="service">
                                        <string key="@context"
                                            >http://iiif.io/api/annex/service/physdim/1/context.json</string>
                                        <string key="profile"
                                            >http://iiif.io/api/annex/service/physdim</string>
                                        <number key="physicalScale">0.0025</number>
                                        <string key="physicalUnits">in</string>
                                    </map>
                                </map>
                                <number key="height">3004</number>
                                <number key="width">1798</number>
                            </map>
                            <string key="on"
                                >https://api.nb.no/catalog/v1/iiif/51a97ce22ce73c66bfa9d73a16064250/canvas/URN:NBN:no-nb_digibok_2016101048158_0012</string>
                        </map>
                    </array>
                </map>
                <map>
                    <string key="@id"
                        >https://api.nb.no/catalog/v1/iiif/51a97ce22ce73c66bfa9d73a16064250/canvas/URN:NBN:no-nb_digibok_2016101048158_0013</string>
                    <string key="@type">sc:Canvas</string>
                    <map key="@seeAlso">
                        <string key="id"
                            >https://api.nb.no:443/catalog/v1/metadata/51a97ce22ce73c66bfa9d73a16064250/altos/URN:NBN:no-nb_digibok_2016101048158_0013</string>
                        <string key="format">application/alto+xml</string>
                        <string key="profile">http://www.loc.gov/standards/alto</string>
                    </map>
                    <string key="label">11</string>
                    <string key="thumbnail"
                        >https://www.nb.no/services/image/resolver/URN:NBN:no-nb_digibok_2016101048158_0013/full/72,0/0/native.jpg</string>
                    <number key="height">3004</number>
                    <number key="width">1798</number>
                    <array key="images">
                        <map>
                            <string key="@id"
                                >https://api.nb.no/catalog/v1/iiif/51a97ce22ce73c66bfa9d73a16064250/annotation/URN:NBN:no-nb_digibok_2016101048158_0013</string>
                            <string key="@type">oa:Annotation</string>
                            <string key="motivation">sc:painting</string>
                            <map key="resource">
                                <string key="@id">URN:NBN:no-nb_digibok_2016101048158_0013</string>
                                <string key="@type">dctypes:Image</string>
                                <string key="format">image/jpeg</string>
                                <map key="service">
                                    <string key="@context"
                                        >http://iiif.io/api/image/2/context.json</string>
                                    <string key="@id"
                                        >https://www.nb.no/services/image/resolver/URN:NBN:no-nb_digibok_2016101048158_0013</string>
                                    <string key="protocol">http://iiif.io/api/image</string>
                                    <number key="width">1798</number>
                                    <number key="height">3004</number>
                                    <array key="sizes">
                                        <map>
                                            <number key="width">899</number>
                                            <number key="height">1502</number>
                                        </map>
                                        <map>
                                            <number key="width">449</number>
                                            <number key="height">751</number>
                                        </map>
                                        <map>
                                            <number key="width">224</number>
                                            <number key="height">375</number>
                                        </map>
                                        <map>
                                            <number key="width">112</number>
                                            <number key="height">187</number>
                                        </map>
                                    </array>
                                    <array key="tiles">
                                        <map>
                                            <number key="width">1024</number>
                                            <array key="scaleFactors">
                                                <number>1</number>
                                                <number>2</number>
                                                <number>4</number>
                                                <number>8</number>
                                                <number>16</number>
                                            </array>
                                        </map>
                                    </array>
                                    <string key="profile"
                                        >http://iiif.io/api/image/2/level1.json</string>
                                    <map key="service">
                                        <string key="@context"
                                            >http://iiif.io/api/annex/service/physdim/1/context.json</string>
                                        <string key="profile"
                                            >http://iiif.io/api/annex/service/physdim</string>
                                        <number key="physicalScale">0.0025</number>
                                        <string key="physicalUnits">in</string>
                                    </map>
                                </map>
                                <number key="height">3004</number>
                                <number key="width">1798</number>
                            </map>
                            <string key="on"
                                >https://api.nb.no/catalog/v1/iiif/51a97ce22ce73c66bfa9d73a16064250/canvas/URN:NBN:no-nb_digibok_2016101048158_0013</string>
                        </map>
                    </array>
                </map>
                <map>
                    <string key="@id"
                        >https://api.nb.no/catalog/v1/iiif/51a97ce22ce73c66bfa9d73a16064250/canvas/URN:NBN:no-nb_digibok_2016101048158_0014</string>
                    <string key="@type">sc:Canvas</string>
                    <map key="@seeAlso">
                        <string key="id"
                            >https://api.nb.no:443/catalog/v1/metadata/51a97ce22ce73c66bfa9d73a16064250/altos/URN:NBN:no-nb_digibok_2016101048158_0014</string>
                        <string key="format">application/alto+xml</string>
                        <string key="profile">http://www.loc.gov/standards/alto</string>
                    </map>
                    <string key="label">12</string>
                    <string key="thumbnail"
                        >https://www.nb.no/services/image/resolver/URN:NBN:no-nb_digibok_2016101048158_0014/full/72,0/0/native.jpg</string>
                    <number key="height">3004</number>
                    <number key="width">1798</number>
                    <array key="images">
                        <map>
                            <string key="@id"
                                >https://api.nb.no/catalog/v1/iiif/51a97ce22ce73c66bfa9d73a16064250/annotation/URN:NBN:no-nb_digibok_2016101048158_0014</string>
                            <string key="@type">oa:Annotation</string>
                            <string key="motivation">sc:painting</string>
                            <map key="resource">
                                <string key="@id">URN:NBN:no-nb_digibok_2016101048158_0014</string>
                                <string key="@type">dctypes:Image</string>
                                <string key="format">image/jpeg</string>
                                <map key="service">
                                    <string key="@context"
                                        >http://iiif.io/api/image/2/context.json</string>
                                    <string key="@id"
                                        >https://www.nb.no/services/image/resolver/URN:NBN:no-nb_digibok_2016101048158_0014</string>
                                    <string key="protocol">http://iiif.io/api/image</string>
                                    <number key="width">1798</number>
                                    <number key="height">3004</number>
                                    <array key="sizes">
                                        <map>
                                            <number key="width">899</number>
                                            <number key="height">1502</number>
                                        </map>
                                        <map>
                                            <number key="width">449</number>
                                            <number key="height">751</number>
                                        </map>
                                        <map>
                                            <number key="width">224</number>
                                            <number key="height">375</number>
                                        </map>
                                        <map>
                                            <number key="width">112</number>
                                            <number key="height">187</number>
                                        </map>
                                    </array>
                                    <array key="tiles">
                                        <map>
                                            <number key="width">1024</number>
                                            <array key="scaleFactors">
                                                <number>1</number>
                                                <number>2</number>
                                                <number>4</number>
                                                <number>8</number>
                                                <number>16</number>
                                            </array>
                                        </map>
                                    </array>
                                    <string key="profile"
                                        >http://iiif.io/api/image/2/level1.json</string>
                                    <map key="service">
                                        <string key="@context"
                                            >http://iiif.io/api/annex/service/physdim/1/context.json</string>
                                        <string key="profile"
                                            >http://iiif.io/api/annex/service/physdim</string>
                                        <number key="physicalScale">0.0025</number>
                                        <string key="physicalUnits">in</string>
                                    </map>
                                </map>
                                <number key="height">3004</number>
                                <number key="width">1798</number>
                            </map>
                            <string key="on"
                                >https://api.nb.no/catalog/v1/iiif/51a97ce22ce73c66bfa9d73a16064250/canvas/URN:NBN:no-nb_digibok_2016101048158_0014</string>
                        </map>
                    </array>
                </map>
                <map>
                    <string key="@id"
                        >https://api.nb.no/catalog/v1/iiif/51a97ce22ce73c66bfa9d73a16064250/canvas/URN:NBN:no-nb_digibok_2016101048158_0015</string>
                    <string key="@type">sc:Canvas</string>
                    <map key="@seeAlso">
                        <string key="id"
                            >https://api.nb.no:443/catalog/v1/metadata/51a97ce22ce73c66bfa9d73a16064250/altos/URN:NBN:no-nb_digibok_2016101048158_0015</string>
                        <string key="format">application/alto+xml</string>
                        <string key="profile">http://www.loc.gov/standards/alto</string>
                    </map>
                    <string key="label">13</string>
                    <string key="thumbnail"
                        >https://www.nb.no/services/image/resolver/URN:NBN:no-nb_digibok_2016101048158_0015/full/72,0/0/native.jpg</string>
                    <number key="height">3004</number>
                    <number key="width">1798</number>
                    <array key="images">
                        <map>
                            <string key="@id"
                                >https://api.nb.no/catalog/v1/iiif/51a97ce22ce73c66bfa9d73a16064250/annotation/URN:NBN:no-nb_digibok_2016101048158_0015</string>
                            <string key="@type">oa:Annotation</string>
                            <string key="motivation">sc:painting</string>
                            <map key="resource">
                                <string key="@id">URN:NBN:no-nb_digibok_2016101048158_0015</string>
                                <string key="@type">dctypes:Image</string>
                                <string key="format">image/jpeg</string>
                                <map key="service">
                                    <string key="@context"
                                        >http://iiif.io/api/image/2/context.json</string>
                                    <string key="@id"
                                        >https://www.nb.no/services/image/resolver/URN:NBN:no-nb_digibok_2016101048158_0015</string>
                                    <string key="protocol">http://iiif.io/api/image</string>
                                    <number key="width">1798</number>
                                    <number key="height">3004</number>
                                    <array key="sizes">
                                        <map>
                                            <number key="width">899</number>
                                            <number key="height">1502</number>
                                        </map>
                                        <map>
                                            <number key="width">449</number>
                                            <number key="height">751</number>
                                        </map>
                                        <map>
                                            <number key="width">224</number>
                                            <number key="height">375</number>
                                        </map>
                                        <map>
                                            <number key="width">112</number>
                                            <number key="height">187</number>
                                        </map>
                                    </array>
                                    <array key="tiles">
                                        <map>
                                            <number key="width">1024</number>
                                            <array key="scaleFactors">
                                                <number>1</number>
                                                <number>2</number>
                                                <number>4</number>
                                                <number>8</number>
                                                <number>16</number>
                                            </array>
                                        </map>
                                    </array>
                                    <string key="profile"
                                        >http://iiif.io/api/image/2/level1.json</string>
                                    <map key="service">
                                        <string key="@context"
                                            >http://iiif.io/api/annex/service/physdim/1/context.json</string>
                                        <string key="profile"
                                            >http://iiif.io/api/annex/service/physdim</string>
                                        <number key="physicalScale">0.0025</number>
                                        <string key="physicalUnits">in</string>
                                    </map>
                                </map>
                                <number key="height">3004</number>
                                <number key="width">1798</number>
                            </map>
                            <string key="on"
                                >https://api.nb.no/catalog/v1/iiif/51a97ce22ce73c66bfa9d73a16064250/canvas/URN:NBN:no-nb_digibok_2016101048158_0015</string>
                        </map>
                    </array>
                </map>
                <map>
                    <string key="@id"
                        >https://api.nb.no/catalog/v1/iiif/51a97ce22ce73c66bfa9d73a16064250/canvas/URN:NBN:no-nb_digibok_2016101048158_0016</string>
                    <string key="@type">sc:Canvas</string>
                    <map key="@seeAlso">
                        <string key="id"
                            >https://api.nb.no:443/catalog/v1/metadata/51a97ce22ce73c66bfa9d73a16064250/altos/URN:NBN:no-nb_digibok_2016101048158_0016</string>
                        <string key="format">application/alto+xml</string>
                        <string key="profile">http://www.loc.gov/standards/alto</string>
                    </map>
                    <string key="label">14</string>
                    <string key="thumbnail"
                        >https://www.nb.no/services/image/resolver/URN:NBN:no-nb_digibok_2016101048158_0016/full/72,0/0/native.jpg</string>
                    <number key="height">3004</number>
                    <number key="width">1798</number>
                    <array key="images">
                        <map>
                            <string key="@id"
                                >https://api.nb.no/catalog/v1/iiif/51a97ce22ce73c66bfa9d73a16064250/annotation/URN:NBN:no-nb_digibok_2016101048158_0016</string>
                            <string key="@type">oa:Annotation</string>
                            <string key="motivation">sc:painting</string>
                            <map key="resource">
                                <string key="@id">URN:NBN:no-nb_digibok_2016101048158_0016</string>
                                <string key="@type">dctypes:Image</string>
                                <string key="format">image/jpeg</string>
                                <map key="service">
                                    <string key="@context"
                                        >http://iiif.io/api/image/2/context.json</string>
                                    <string key="@id"
                                        >https://www.nb.no/services/image/resolver/URN:NBN:no-nb_digibok_2016101048158_0016</string>
                                    <string key="protocol">http://iiif.io/api/image</string>
                                    <number key="width">1798</number>
                                    <number key="height">3004</number>
                                    <array key="sizes">
                                        <map>
                                            <number key="width">899</number>
                                            <number key="height">1502</number>
                                        </map>
                                        <map>
                                            <number key="width">449</number>
                                            <number key="height">751</number>
                                        </map>
                                        <map>
                                            <number key="width">224</number>
                                            <number key="height">375</number>
                                        </map>
                                        <map>
                                            <number key="width">112</number>
                                            <number key="height">187</number>
                                        </map>
                                    </array>
                                    <array key="tiles">
                                        <map>
                                            <number key="width">1024</number>
                                            <array key="scaleFactors">
                                                <number>1</number>
                                                <number>2</number>
                                                <number>4</number>
                                                <number>8</number>
                                                <number>16</number>
                                            </array>
                                        </map>
                                    </array>
                                    <string key="profile"
                                        >http://iiif.io/api/image/2/level1.json</string>
                                    <map key="service">
                                        <string key="@context"
                                            >http://iiif.io/api/annex/service/physdim/1/context.json</string>
                                        <string key="profile"
                                            >http://iiif.io/api/annex/service/physdim</string>
                                        <number key="physicalScale">0.0025</number>
                                        <string key="physicalUnits">in</string>
                                    </map>
                                </map>
                                <number key="height">3004</number>
                                <number key="width">1798</number>
                            </map>
                            <string key="on"
                                >https://api.nb.no/catalog/v1/iiif/51a97ce22ce73c66bfa9d73a16064250/canvas/URN:NBN:no-nb_digibok_2016101048158_0016</string>
                        </map>
                    </array>
                </map>
                <map>
                    <string key="@id"
                        >https://api.nb.no/catalog/v1/iiif/51a97ce22ce73c66bfa9d73a16064250/canvas/URN:NBN:no-nb_digibok_2016101048158_0017</string>
                    <string key="@type">sc:Canvas</string>
                    <map key="@seeAlso">
                        <string key="id"
                            >https://api.nb.no:443/catalog/v1/metadata/51a97ce22ce73c66bfa9d73a16064250/altos/URN:NBN:no-nb_digibok_2016101048158_0017</string>
                        <string key="format">application/alto+xml</string>
                        <string key="profile">http://www.loc.gov/standards/alto</string>
                    </map>
                    <string key="label">15</string>
                    <string key="thumbnail"
                        >https://www.nb.no/services/image/resolver/URN:NBN:no-nb_digibok_2016101048158_0017/full/72,0/0/native.jpg</string>
                    <number key="height">3004</number>
                    <number key="width">1798</number>
                    <array key="images">
                        <map>
                            <string key="@id"
                                >https://api.nb.no/catalog/v1/iiif/51a97ce22ce73c66bfa9d73a16064250/annotation/URN:NBN:no-nb_digibok_2016101048158_0017</string>
                            <string key="@type">oa:Annotation</string>
                            <string key="motivation">sc:painting</string>
                            <map key="resource">
                                <string key="@id">URN:NBN:no-nb_digibok_2016101048158_0017</string>
                                <string key="@type">dctypes:Image</string>
                                <string key="format">image/jpeg</string>
                                <map key="service">
                                    <string key="@context"
                                        >http://iiif.io/api/image/2/context.json</string>
                                    <string key="@id"
                                        >https://www.nb.no/services/image/resolver/URN:NBN:no-nb_digibok_2016101048158_0017</string>
                                    <string key="protocol">http://iiif.io/api/image</string>
                                    <number key="width">1798</number>
                                    <number key="height">3004</number>
                                    <array key="sizes">
                                        <map>
                                            <number key="width">899</number>
                                            <number key="height">1502</number>
                                        </map>
                                        <map>
                                            <number key="width">449</number>
                                            <number key="height">751</number>
                                        </map>
                                        <map>
                                            <number key="width">224</number>
                                            <number key="height">375</number>
                                        </map>
                                        <map>
                                            <number key="width">112</number>
                                            <number key="height">187</number>
                                        </map>
                                    </array>
                                    <array key="tiles">
                                        <map>
                                            <number key="width">1024</number>
                                            <array key="scaleFactors">
                                                <number>1</number>
                                                <number>2</number>
                                                <number>4</number>
                                                <number>8</number>
                                                <number>16</number>
                                            </array>
                                        </map>
                                    </array>
                                    <string key="profile"
                                        >http://iiif.io/api/image/2/level1.json</string>
                                    <map key="service">
                                        <string key="@context"
                                            >http://iiif.io/api/annex/service/physdim/1/context.json</string>
                                        <string key="profile"
                                            >http://iiif.io/api/annex/service/physdim</string>
                                        <number key="physicalScale">0.0025</number>
                                        <string key="physicalUnits">in</string>
                                    </map>
                                </map>
                                <number key="height">3004</number>
                                <number key="width">1798</number>
                            </map>
                            <string key="on"
                                >https://api.nb.no/catalog/v1/iiif/51a97ce22ce73c66bfa9d73a16064250/canvas/URN:NBN:no-nb_digibok_2016101048158_0017</string>
                        </map>
                    </array>
                </map>
                <map>
                    <string key="@id"
                        >https://api.nb.no/catalog/v1/iiif/51a97ce22ce73c66bfa9d73a16064250/canvas/URN:NBN:no-nb_digibok_2016101048158_0018</string>
                    <string key="@type">sc:Canvas</string>
                    <map key="@seeAlso">
                        <string key="id"
                            >https://api.nb.no:443/catalog/v1/metadata/51a97ce22ce73c66bfa9d73a16064250/altos/URN:NBN:no-nb_digibok_2016101048158_0018</string>
                        <string key="format">application/alto+xml</string>
                        <string key="profile">http://www.loc.gov/standards/alto</string>
                    </map>
                    <string key="label">16</string>
                    <string key="thumbnail"
                        >https://www.nb.no/services/image/resolver/URN:NBN:no-nb_digibok_2016101048158_0018/full/72,0/0/native.jpg</string>
                    <number key="height">3004</number>
                    <number key="width">1798</number>
                    <array key="images">
                        <map>
                            <string key="@id"
                                >https://api.nb.no/catalog/v1/iiif/51a97ce22ce73c66bfa9d73a16064250/annotation/URN:NBN:no-nb_digibok_2016101048158_0018</string>
                            <string key="@type">oa:Annotation</string>
                            <string key="motivation">sc:painting</string>
                            <map key="resource">
                                <string key="@id">URN:NBN:no-nb_digibok_2016101048158_0018</string>
                                <string key="@type">dctypes:Image</string>
                                <string key="format">image/jpeg</string>
                                <map key="service">
                                    <string key="@context"
                                        >http://iiif.io/api/image/2/context.json</string>
                                    <string key="@id"
                                        >https://www.nb.no/services/image/resolver/URN:NBN:no-nb_digibok_2016101048158_0018</string>
                                    <string key="protocol">http://iiif.io/api/image</string>
                                    <number key="width">1798</number>
                                    <number key="height">3004</number>
                                    <array key="sizes">
                                        <map>
                                            <number key="width">899</number>
                                            <number key="height">1502</number>
                                        </map>
                                        <map>
                                            <number key="width">449</number>
                                            <number key="height">751</number>
                                        </map>
                                        <map>
                                            <number key="width">224</number>
                                            <number key="height">375</number>
                                        </map>
                                        <map>
                                            <number key="width">112</number>
                                            <number key="height">187</number>
                                        </map>
                                    </array>
                                    <array key="tiles">
                                        <map>
                                            <number key="width">1024</number>
                                            <array key="scaleFactors">
                                                <number>1</number>
                                                <number>2</number>
                                                <number>4</number>
                                                <number>8</number>
                                                <number>16</number>
                                            </array>
                                        </map>
                                    </array>
                                    <string key="profile"
                                        >http://iiif.io/api/image/2/level1.json</string>
                                    <map key="service">
                                        <string key="@context"
                                            >http://iiif.io/api/annex/service/physdim/1/context.json</string>
                                        <string key="profile"
                                            >http://iiif.io/api/annex/service/physdim</string>
                                        <number key="physicalScale">0.0025</number>
                                        <string key="physicalUnits">in</string>
                                    </map>
                                </map>
                                <number key="height">3004</number>
                                <number key="width">1798</number>
                            </map>
                            <string key="on"
                                >https://api.nb.no/catalog/v1/iiif/51a97ce22ce73c66bfa9d73a16064250/canvas/URN:NBN:no-nb_digibok_2016101048158_0018</string>
                        </map>
                    </array>
                </map>
                <map>
                    <string key="@id"
                        >https://api.nb.no/catalog/v1/iiif/51a97ce22ce73c66bfa9d73a16064250/canvas/URN:NBN:no-nb_digibok_2016101048158_0019</string>
                    <string key="@type">sc:Canvas</string>
                    <map key="@seeAlso">
                        <string key="id"
                            >https://api.nb.no:443/catalog/v1/metadata/51a97ce22ce73c66bfa9d73a16064250/altos/URN:NBN:no-nb_digibok_2016101048158_0019</string>
                        <string key="format">application/alto+xml</string>
                        <string key="profile">http://www.loc.gov/standards/alto</string>
                    </map>
                    <string key="label">17</string>
                    <string key="thumbnail"
                        >https://www.nb.no/services/image/resolver/URN:NBN:no-nb_digibok_2016101048158_0019/full/72,0/0/native.jpg</string>
                    <number key="height">3004</number>
                    <number key="width">1798</number>
                    <array key="images">
                        <map>
                            <string key="@id"
                                >https://api.nb.no/catalog/v1/iiif/51a97ce22ce73c66bfa9d73a16064250/annotation/URN:NBN:no-nb_digibok_2016101048158_0019</string>
                            <string key="@type">oa:Annotation</string>
                            <string key="motivation">sc:painting</string>
                            <map key="resource">
                                <string key="@id">URN:NBN:no-nb_digibok_2016101048158_0019</string>
                                <string key="@type">dctypes:Image</string>
                                <string key="format">image/jpeg</string>
                                <map key="service">
                                    <string key="@context"
                                        >http://iiif.io/api/image/2/context.json</string>
                                    <string key="@id"
                                        >https://www.nb.no/services/image/resolver/URN:NBN:no-nb_digibok_2016101048158_0019</string>
                                    <string key="protocol">http://iiif.io/api/image</string>
                                    <number key="width">1798</number>
                                    <number key="height">3004</number>
                                    <array key="sizes">
                                        <map>
                                            <number key="width">899</number>
                                            <number key="height">1502</number>
                                        </map>
                                        <map>
                                            <number key="width">449</number>
                                            <number key="height">751</number>
                                        </map>
                                        <map>
                                            <number key="width">224</number>
                                            <number key="height">375</number>
                                        </map>
                                        <map>
                                            <number key="width">112</number>
                                            <number key="height">187</number>
                                        </map>
                                    </array>
                                    <array key="tiles">
                                        <map>
                                            <number key="width">1024</number>
                                            <array key="scaleFactors">
                                                <number>1</number>
                                                <number>2</number>
                                                <number>4</number>
                                                <number>8</number>
                                                <number>16</number>
                                            </array>
                                        </map>
                                    </array>
                                    <string key="profile"
                                        >http://iiif.io/api/image/2/level1.json</string>
                                    <map key="service">
                                        <string key="@context"
                                            >http://iiif.io/api/annex/service/physdim/1/context.json</string>
                                        <string key="profile"
                                            >http://iiif.io/api/annex/service/physdim</string>
                                        <number key="physicalScale">0.0025</number>
                                        <string key="physicalUnits">in</string>
                                    </map>
                                </map>
                                <number key="height">3004</number>
                                <number key="width">1798</number>
                            </map>
                            <string key="on"
                                >https://api.nb.no/catalog/v1/iiif/51a97ce22ce73c66bfa9d73a16064250/canvas/URN:NBN:no-nb_digibok_2016101048158_0019</string>
                        </map>
                    </array>
                </map>
                <map>
                    <string key="@id"
                        >https://api.nb.no/catalog/v1/iiif/51a97ce22ce73c66bfa9d73a16064250/canvas/URN:NBN:no-nb_digibok_2016101048158_0020</string>
                    <string key="@type">sc:Canvas</string>
                    <map key="@seeAlso">
                        <string key="id"
                            >https://api.nb.no:443/catalog/v1/metadata/51a97ce22ce73c66bfa9d73a16064250/altos/URN:NBN:no-nb_digibok_2016101048158_0020</string>
                        <string key="format">application/alto+xml</string>
                        <string key="profile">http://www.loc.gov/standards/alto</string>
                    </map>
                    <string key="label">18</string>
                    <string key="thumbnail"
                        >https://www.nb.no/services/image/resolver/URN:NBN:no-nb_digibok_2016101048158_0020/full/72,0/0/native.jpg</string>
                    <number key="height">3004</number>
                    <number key="width">1798</number>
                    <array key="images">
                        <map>
                            <string key="@id"
                                >https://api.nb.no/catalog/v1/iiif/51a97ce22ce73c66bfa9d73a16064250/annotation/URN:NBN:no-nb_digibok_2016101048158_0020</string>
                            <string key="@type">oa:Annotation</string>
                            <string key="motivation">sc:painting</string>
                            <map key="resource">
                                <string key="@id">URN:NBN:no-nb_digibok_2016101048158_0020</string>
                                <string key="@type">dctypes:Image</string>
                                <string key="format">image/jpeg</string>
                                <map key="service">
                                    <string key="@context"
                                        >http://iiif.io/api/image/2/context.json</string>
                                    <string key="@id"
                                        >https://www.nb.no/services/image/resolver/URN:NBN:no-nb_digibok_2016101048158_0020</string>
                                    <string key="protocol">http://iiif.io/api/image</string>
                                    <number key="width">1798</number>
                                    <number key="height">3004</number>
                                    <array key="sizes">
                                        <map>
                                            <number key="width">899</number>
                                            <number key="height">1502</number>
                                        </map>
                                        <map>
                                            <number key="width">449</number>
                                            <number key="height">751</number>
                                        </map>
                                        <map>
                                            <number key="width">224</number>
                                            <number key="height">375</number>
                                        </map>
                                        <map>
                                            <number key="width">112</number>
                                            <number key="height">187</number>
                                        </map>
                                    </array>
                                    <array key="tiles">
                                        <map>
                                            <number key="width">1024</number>
                                            <array key="scaleFactors">
                                                <number>1</number>
                                                <number>2</number>
                                                <number>4</number>
                                                <number>8</number>
                                                <number>16</number>
                                            </array>
                                        </map>
                                    </array>
                                    <string key="profile"
                                        >http://iiif.io/api/image/2/level1.json</string>
                                    <map key="service">
                                        <string key="@context"
                                            >http://iiif.io/api/annex/service/physdim/1/context.json</string>
                                        <string key="profile"
                                            >http://iiif.io/api/annex/service/physdim</string>
                                        <number key="physicalScale">0.0025</number>
                                        <string key="physicalUnits">in</string>
                                    </map>
                                </map>
                                <number key="height">3004</number>
                                <number key="width">1798</number>
                            </map>
                            <string key="on"
                                >https://api.nb.no/catalog/v1/iiif/51a97ce22ce73c66bfa9d73a16064250/canvas/URN:NBN:no-nb_digibok_2016101048158_0020</string>
                        </map>
                    </array>
                </map>
                <map>
                    <string key="@id"
                        >https://api.nb.no/catalog/v1/iiif/51a97ce22ce73c66bfa9d73a16064250/canvas/URN:NBN:no-nb_digibok_2016101048158_0021</string>
                    <string key="@type">sc:Canvas</string>
                    <map key="@seeAlso">
                        <string key="id"
                            >https://api.nb.no:443/catalog/v1/metadata/51a97ce22ce73c66bfa9d73a16064250/altos/URN:NBN:no-nb_digibok_2016101048158_0021</string>
                        <string key="format">application/alto+xml</string>
                        <string key="profile">http://www.loc.gov/standards/alto</string>
                    </map>
                    <string key="label">19</string>
                    <string key="thumbnail"
                        >https://www.nb.no/services/image/resolver/URN:NBN:no-nb_digibok_2016101048158_0021/full/72,0/0/native.jpg</string>
                    <number key="height">3004</number>
                    <number key="width">1798</number>
                    <array key="images">
                        <map>
                            <string key="@id"
                                >https://api.nb.no/catalog/v1/iiif/51a97ce22ce73c66bfa9d73a16064250/annotation/URN:NBN:no-nb_digibok_2016101048158_0021</string>
                            <string key="@type">oa:Annotation</string>
                            <string key="motivation">sc:painting</string>
                            <map key="resource">
                                <string key="@id">URN:NBN:no-nb_digibok_2016101048158_0021</string>
                                <string key="@type">dctypes:Image</string>
                                <string key="format">image/jpeg</string>
                                <map key="service">
                                    <string key="@context"
                                        >http://iiif.io/api/image/2/context.json</string>
                                    <string key="@id"
                                        >https://www.nb.no/services/image/resolver/URN:NBN:no-nb_digibok_2016101048158_0021</string>
                                    <string key="protocol">http://iiif.io/api/image</string>
                                    <number key="width">1798</number>
                                    <number key="height">3004</number>
                                    <array key="sizes">
                                        <map>
                                            <number key="width">899</number>
                                            <number key="height">1502</number>
                                        </map>
                                        <map>
                                            <number key="width">449</number>
                                            <number key="height">751</number>
                                        </map>
                                        <map>
                                            <number key="width">224</number>
                                            <number key="height">375</number>
                                        </map>
                                        <map>
                                            <number key="width">112</number>
                                            <number key="height">187</number>
                                        </map>
                                    </array>
                                    <array key="tiles">
                                        <map>
                                            <number key="width">1024</number>
                                            <array key="scaleFactors">
                                                <number>1</number>
                                                <number>2</number>
                                                <number>4</number>
                                                <number>8</number>
                                                <number>16</number>
                                            </array>
                                        </map>
                                    </array>
                                    <string key="profile"
                                        >http://iiif.io/api/image/2/level1.json</string>
                                    <map key="service">
                                        <string key="@context"
                                            >http://iiif.io/api/annex/service/physdim/1/context.json</string>
                                        <string key="profile"
                                            >http://iiif.io/api/annex/service/physdim</string>
                                        <number key="physicalScale">0.0025</number>
                                        <string key="physicalUnits">in</string>
                                    </map>
                                </map>
                                <number key="height">3004</number>
                                <number key="width">1798</number>
                            </map>
                            <string key="on"
                                >https://api.nb.no/catalog/v1/iiif/51a97ce22ce73c66bfa9d73a16064250/canvas/URN:NBN:no-nb_digibok_2016101048158_0021</string>
                        </map>
                    </array>
                </map>
                <map>
                    <string key="@id"
                        >https://api.nb.no/catalog/v1/iiif/51a97ce22ce73c66bfa9d73a16064250/canvas/URN:NBN:no-nb_digibok_2016101048158_0022</string>
                    <string key="@type">sc:Canvas</string>
                    <map key="@seeAlso">
                        <string key="id"
                            >https://api.nb.no:443/catalog/v1/metadata/51a97ce22ce73c66bfa9d73a16064250/altos/URN:NBN:no-nb_digibok_2016101048158_0022</string>
                        <string key="format">application/alto+xml</string>
                        <string key="profile">http://www.loc.gov/standards/alto</string>
                    </map>
                    <string key="label">20</string>
                    <string key="thumbnail"
                        >https://www.nb.no/services/image/resolver/URN:NBN:no-nb_digibok_2016101048158_0022/full/72,0/0/native.jpg</string>
                    <number key="height">3004</number>
                    <number key="width">1798</number>
                    <array key="images">
                        <map>
                            <string key="@id"
                                >https://api.nb.no/catalog/v1/iiif/51a97ce22ce73c66bfa9d73a16064250/annotation/URN:NBN:no-nb_digibok_2016101048158_0022</string>
                            <string key="@type">oa:Annotation</string>
                            <string key="motivation">sc:painting</string>
                            <map key="resource">
                                <string key="@id">URN:NBN:no-nb_digibok_2016101048158_0022</string>
                                <string key="@type">dctypes:Image</string>
                                <string key="format">image/jpeg</string>
                                <map key="service">
                                    <string key="@context"
                                        >http://iiif.io/api/image/2/context.json</string>
                                    <string key="@id"
                                        >https://www.nb.no/services/image/resolver/URN:NBN:no-nb_digibok_2016101048158_0022</string>
                                    <string key="protocol">http://iiif.io/api/image</string>
                                    <number key="width">1798</number>
                                    <number key="height">3004</number>
                                    <array key="sizes">
                                        <map>
                                            <number key="width">899</number>
                                            <number key="height">1502</number>
                                        </map>
                                        <map>
                                            <number key="width">449</number>
                                            <number key="height">751</number>
                                        </map>
                                        <map>
                                            <number key="width">224</number>
                                            <number key="height">375</number>
                                        </map>
                                        <map>
                                            <number key="width">112</number>
                                            <number key="height">187</number>
                                        </map>
                                    </array>
                                    <array key="tiles">
                                        <map>
                                            <number key="width">1024</number>
                                            <array key="scaleFactors">
                                                <number>1</number>
                                                <number>2</number>
                                                <number>4</number>
                                                <number>8</number>
                                                <number>16</number>
                                            </array>
                                        </map>
                                    </array>
                                    <string key="profile"
                                        >http://iiif.io/api/image/2/level1.json</string>
                                    <map key="service">
                                        <string key="@context"
                                            >http://iiif.io/api/annex/service/physdim/1/context.json</string>
                                        <string key="profile"
                                            >http://iiif.io/api/annex/service/physdim</string>
                                        <number key="physicalScale">0.0025</number>
                                        <string key="physicalUnits">in</string>
                                    </map>
                                </map>
                                <number key="height">3004</number>
                                <number key="width">1798</number>
                            </map>
                            <string key="on"
                                >https://api.nb.no/catalog/v1/iiif/51a97ce22ce73c66bfa9d73a16064250/canvas/URN:NBN:no-nb_digibok_2016101048158_0022</string>
                        </map>
                    </array>
                </map>
                <map>
                    <string key="@id"
                        >https://api.nb.no/catalog/v1/iiif/51a97ce22ce73c66bfa9d73a16064250/canvas/URN:NBN:no-nb_digibok_2016101048158_0023</string>
                    <string key="@type">sc:Canvas</string>
                    <map key="@seeAlso">
                        <string key="id"
                            >https://api.nb.no:443/catalog/v1/metadata/51a97ce22ce73c66bfa9d73a16064250/altos/URN:NBN:no-nb_digibok_2016101048158_0023</string>
                        <string key="format">application/alto+xml</string>
                        <string key="profile">http://www.loc.gov/standards/alto</string>
                    </map>
                    <string key="label">21</string>
                    <string key="thumbnail"
                        >https://www.nb.no/services/image/resolver/URN:NBN:no-nb_digibok_2016101048158_0023/full/72,0/0/native.jpg</string>
                    <number key="height">3004</number>
                    <number key="width">1798</number>
                    <array key="images">
                        <map>
                            <string key="@id"
                                >https://api.nb.no/catalog/v1/iiif/51a97ce22ce73c66bfa9d73a16064250/annotation/URN:NBN:no-nb_digibok_2016101048158_0023</string>
                            <string key="@type">oa:Annotation</string>
                            <string key="motivation">sc:painting</string>
                            <map key="resource">
                                <string key="@id">URN:NBN:no-nb_digibok_2016101048158_0023</string>
                                <string key="@type">dctypes:Image</string>
                                <string key="format">image/jpeg</string>
                                <map key="service">
                                    <string key="@context"
                                        >http://iiif.io/api/image/2/context.json</string>
                                    <string key="@id"
                                        >https://www.nb.no/services/image/resolver/URN:NBN:no-nb_digibok_2016101048158_0023</string>
                                    <string key="protocol">http://iiif.io/api/image</string>
                                    <number key="width">1798</number>
                                    <number key="height">3004</number>
                                    <array key="sizes">
                                        <map>
                                            <number key="width">899</number>
                                            <number key="height">1502</number>
                                        </map>
                                        <map>
                                            <number key="width">449</number>
                                            <number key="height">751</number>
                                        </map>
                                        <map>
                                            <number key="width">224</number>
                                            <number key="height">375</number>
                                        </map>
                                        <map>
                                            <number key="width">112</number>
                                            <number key="height">187</number>
                                        </map>
                                    </array>
                                    <array key="tiles">
                                        <map>
                                            <number key="width">1024</number>
                                            <array key="scaleFactors">
                                                <number>1</number>
                                                <number>2</number>
                                                <number>4</number>
                                                <number>8</number>
                                                <number>16</number>
                                            </array>
                                        </map>
                                    </array>
                                    <string key="profile"
                                        >http://iiif.io/api/image/2/level1.json</string>
                                    <map key="service">
                                        <string key="@context"
                                            >http://iiif.io/api/annex/service/physdim/1/context.json</string>
                                        <string key="profile"
                                            >http://iiif.io/api/annex/service/physdim</string>
                                        <number key="physicalScale">0.0025</number>
                                        <string key="physicalUnits">in</string>
                                    </map>
                                </map>
                                <number key="height">3004</number>
                                <number key="width">1798</number>
                            </map>
                            <string key="on"
                                >https://api.nb.no/catalog/v1/iiif/51a97ce22ce73c66bfa9d73a16064250/canvas/URN:NBN:no-nb_digibok_2016101048158_0023</string>
                        </map>
                    </array>
                </map>
                <map>
                    <string key="@id"
                        >https://api.nb.no/catalog/v1/iiif/51a97ce22ce73c66bfa9d73a16064250/canvas/URN:NBN:no-nb_digibok_2016101048158_0024</string>
                    <string key="@type">sc:Canvas</string>
                    <map key="@seeAlso">
                        <string key="id"
                            >https://api.nb.no:443/catalog/v1/metadata/51a97ce22ce73c66bfa9d73a16064250/altos/URN:NBN:no-nb_digibok_2016101048158_0024</string>
                        <string key="format">application/alto+xml</string>
                        <string key="profile">http://www.loc.gov/standards/alto</string>
                    </map>
                    <string key="label">22</string>
                    <string key="thumbnail"
                        >https://www.nb.no/services/image/resolver/URN:NBN:no-nb_digibok_2016101048158_0024/full/72,0/0/native.jpg</string>
                    <number key="height">3004</number>
                    <number key="width">1798</number>
                    <array key="images">
                        <map>
                            <string key="@id"
                                >https://api.nb.no/catalog/v1/iiif/51a97ce22ce73c66bfa9d73a16064250/annotation/URN:NBN:no-nb_digibok_2016101048158_0024</string>
                            <string key="@type">oa:Annotation</string>
                            <string key="motivation">sc:painting</string>
                            <map key="resource">
                                <string key="@id">URN:NBN:no-nb_digibok_2016101048158_0024</string>
                                <string key="@type">dctypes:Image</string>
                                <string key="format">image/jpeg</string>
                                <map key="service">
                                    <string key="@context"
                                        >http://iiif.io/api/image/2/context.json</string>
                                    <string key="@id"
                                        >https://www.nb.no/services/image/resolver/URN:NBN:no-nb_digibok_2016101048158_0024</string>
                                    <string key="protocol">http://iiif.io/api/image</string>
                                    <number key="width">1798</number>
                                    <number key="height">3004</number>
                                    <array key="sizes">
                                        <map>
                                            <number key="width">899</number>
                                            <number key="height">1502</number>
                                        </map>
                                        <map>
                                            <number key="width">449</number>
                                            <number key="height">751</number>
                                        </map>
                                        <map>
                                            <number key="width">224</number>
                                            <number key="height">375</number>
                                        </map>
                                        <map>
                                            <number key="width">112</number>
                                            <number key="height">187</number>
                                        </map>
                                    </array>
                                    <array key="tiles">
                                        <map>
                                            <number key="width">1024</number>
                                            <array key="scaleFactors">
                                                <number>1</number>
                                                <number>2</number>
                                                <number>4</number>
                                                <number>8</number>
                                                <number>16</number>
                                            </array>
                                        </map>
                                    </array>
                                    <string key="profile"
                                        >http://iiif.io/api/image/2/level1.json</string>
                                    <map key="service">
                                        <string key="@context"
                                            >http://iiif.io/api/annex/service/physdim/1/context.json</string>
                                        <string key="profile"
                                            >http://iiif.io/api/annex/service/physdim</string>
                                        <number key="physicalScale">0.0025</number>
                                        <string key="physicalUnits">in</string>
                                    </map>
                                </map>
                                <number key="height">3004</number>
                                <number key="width">1798</number>
                            </map>
                            <string key="on"
                                >https://api.nb.no/catalog/v1/iiif/51a97ce22ce73c66bfa9d73a16064250/canvas/URN:NBN:no-nb_digibok_2016101048158_0024</string>
                        </map>
                    </array>
                </map>
                <map>
                    <string key="@id"
                        >https://api.nb.no/catalog/v1/iiif/51a97ce22ce73c66bfa9d73a16064250/canvas/URN:NBN:no-nb_digibok_2016101048158_0025</string>
                    <string key="@type">sc:Canvas</string>
                    <map key="@seeAlso">
                        <string key="id"
                            >https://api.nb.no:443/catalog/v1/metadata/51a97ce22ce73c66bfa9d73a16064250/altos/URN:NBN:no-nb_digibok_2016101048158_0025</string>
                        <string key="format">application/alto+xml</string>
                        <string key="profile">http://www.loc.gov/standards/alto</string>
                    </map>
                    <string key="label">23</string>
                    <string key="thumbnail"
                        >https://www.nb.no/services/image/resolver/URN:NBN:no-nb_digibok_2016101048158_0025/full/72,0/0/native.jpg</string>
                    <number key="height">3004</number>
                    <number key="width">1798</number>
                    <array key="images">
                        <map>
                            <string key="@id"
                                >https://api.nb.no/catalog/v1/iiif/51a97ce22ce73c66bfa9d73a16064250/annotation/URN:NBN:no-nb_digibok_2016101048158_0025</string>
                            <string key="@type">oa:Annotation</string>
                            <string key="motivation">sc:painting</string>
                            <map key="resource">
                                <string key="@id">URN:NBN:no-nb_digibok_2016101048158_0025</string>
                                <string key="@type">dctypes:Image</string>
                                <string key="format">image/jpeg</string>
                                <map key="service">
                                    <string key="@context"
                                        >http://iiif.io/api/image/2/context.json</string>
                                    <string key="@id"
                                        >https://www.nb.no/services/image/resolver/URN:NBN:no-nb_digibok_2016101048158_0025</string>
                                    <string key="protocol">http://iiif.io/api/image</string>
                                    <number key="width">1798</number>
                                    <number key="height">3004</number>
                                    <array key="sizes">
                                        <map>
                                            <number key="width">899</number>
                                            <number key="height">1502</number>
                                        </map>
                                        <map>
                                            <number key="width">449</number>
                                            <number key="height">751</number>
                                        </map>
                                        <map>
                                            <number key="width">224</number>
                                            <number key="height">375</number>
                                        </map>
                                        <map>
                                            <number key="width">112</number>
                                            <number key="height">187</number>
                                        </map>
                                    </array>
                                    <array key="tiles">
                                        <map>
                                            <number key="width">1024</number>
                                            <array key="scaleFactors">
                                                <number>1</number>
                                                <number>2</number>
                                                <number>4</number>
                                                <number>8</number>
                                                <number>16</number>
                                            </array>
                                        </map>
                                    </array>
                                    <string key="profile"
                                        >http://iiif.io/api/image/2/level1.json</string>
                                    <map key="service">
                                        <string key="@context"
                                            >http://iiif.io/api/annex/service/physdim/1/context.json</string>
                                        <string key="profile"
                                            >http://iiif.io/api/annex/service/physdim</string>
                                        <number key="physicalScale">0.0025</number>
                                        <string key="physicalUnits">in</string>
                                    </map>
                                </map>
                                <number key="height">3004</number>
                                <number key="width">1798</number>
                            </map>
                            <string key="on"
                                >https://api.nb.no/catalog/v1/iiif/51a97ce22ce73c66bfa9d73a16064250/canvas/URN:NBN:no-nb_digibok_2016101048158_0025</string>
                        </map>
                    </array>
                </map>
                <map>
                    <string key="@id"
                        >https://api.nb.no/catalog/v1/iiif/51a97ce22ce73c66bfa9d73a16064250/canvas/URN:NBN:no-nb_digibok_2016101048158_0026</string>
                    <string key="@type">sc:Canvas</string>
                    <map key="@seeAlso">
                        <string key="id"
                            >https://api.nb.no:443/catalog/v1/metadata/51a97ce22ce73c66bfa9d73a16064250/altos/URN:NBN:no-nb_digibok_2016101048158_0026</string>
                        <string key="format">application/alto+xml</string>
                        <string key="profile">http://www.loc.gov/standards/alto</string>
                    </map>
                    <string key="label">24</string>
                    <string key="thumbnail"
                        >https://www.nb.no/services/image/resolver/URN:NBN:no-nb_digibok_2016101048158_0026/full/72,0/0/native.jpg</string>
                    <number key="height">3004</number>
                    <number key="width">1798</number>
                    <array key="images">
                        <map>
                            <string key="@id"
                                >https://api.nb.no/catalog/v1/iiif/51a97ce22ce73c66bfa9d73a16064250/annotation/URN:NBN:no-nb_digibok_2016101048158_0026</string>
                            <string key="@type">oa:Annotation</string>
                            <string key="motivation">sc:painting</string>
                            <map key="resource">
                                <string key="@id">URN:NBN:no-nb_digibok_2016101048158_0026</string>
                                <string key="@type">dctypes:Image</string>
                                <string key="format">image/jpeg</string>
                                <map key="service">
                                    <string key="@context"
                                        >http://iiif.io/api/image/2/context.json</string>
                                    <string key="@id"
                                        >https://www.nb.no/services/image/resolver/URN:NBN:no-nb_digibok_2016101048158_0026</string>
                                    <string key="protocol">http://iiif.io/api/image</string>
                                    <number key="width">1798</number>
                                    <number key="height">3004</number>
                                    <array key="sizes">
                                        <map>
                                            <number key="width">899</number>
                                            <number key="height">1502</number>
                                        </map>
                                        <map>
                                            <number key="width">449</number>
                                            <number key="height">751</number>
                                        </map>
                                        <map>
                                            <number key="width">224</number>
                                            <number key="height">375</number>
                                        </map>
                                        <map>
                                            <number key="width">112</number>
                                            <number key="height">187</number>
                                        </map>
                                    </array>
                                    <array key="tiles">
                                        <map>
                                            <number key="width">1024</number>
                                            <array key="scaleFactors">
                                                <number>1</number>
                                                <number>2</number>
                                                <number>4</number>
                                                <number>8</number>
                                                <number>16</number>
                                            </array>
                                        </map>
                                    </array>
                                    <string key="profile"
                                        >http://iiif.io/api/image/2/level1.json</string>
                                    <map key="service">
                                        <string key="@context"
                                            >http://iiif.io/api/annex/service/physdim/1/context.json</string>
                                        <string key="profile"
                                            >http://iiif.io/api/annex/service/physdim</string>
                                        <number key="physicalScale">0.0025</number>
                                        <string key="physicalUnits">in</string>
                                    </map>
                                </map>
                                <number key="height">3004</number>
                                <number key="width">1798</number>
                            </map>
                            <string key="on"
                                >https://api.nb.no/catalog/v1/iiif/51a97ce22ce73c66bfa9d73a16064250/canvas/URN:NBN:no-nb_digibok_2016101048158_0026</string>
                        </map>
                    </array>
                </map>
                <map>
                    <string key="@id"
                        >https://api.nb.no/catalog/v1/iiif/51a97ce22ce73c66bfa9d73a16064250/canvas/URN:NBN:no-nb_digibok_2016101048158_0027</string>
                    <string key="@type">sc:Canvas</string>
                    <map key="@seeAlso">
                        <string key="id"
                            >https://api.nb.no:443/catalog/v1/metadata/51a97ce22ce73c66bfa9d73a16064250/altos/URN:NBN:no-nb_digibok_2016101048158_0027</string>
                        <string key="format">application/alto+xml</string>
                        <string key="profile">http://www.loc.gov/standards/alto</string>
                    </map>
                    <string key="label">25</string>
                    <string key="thumbnail"
                        >https://www.nb.no/services/image/resolver/URN:NBN:no-nb_digibok_2016101048158_0027/full/72,0/0/native.jpg</string>
                    <number key="height">3004</number>
                    <number key="width">1798</number>
                    <array key="images">
                        <map>
                            <string key="@id"
                                >https://api.nb.no/catalog/v1/iiif/51a97ce22ce73c66bfa9d73a16064250/annotation/URN:NBN:no-nb_digibok_2016101048158_0027</string>
                            <string key="@type">oa:Annotation</string>
                            <string key="motivation">sc:painting</string>
                            <map key="resource">
                                <string key="@id">URN:NBN:no-nb_digibok_2016101048158_0027</string>
                                <string key="@type">dctypes:Image</string>
                                <string key="format">image/jpeg</string>
                                <map key="service">
                                    <string key="@context"
                                        >http://iiif.io/api/image/2/context.json</string>
                                    <string key="@id"
                                        >https://www.nb.no/services/image/resolver/URN:NBN:no-nb_digibok_2016101048158_0027</string>
                                    <string key="protocol">http://iiif.io/api/image</string>
                                    <number key="width">1798</number>
                                    <number key="height">3004</number>
                                    <array key="sizes">
                                        <map>
                                            <number key="width">899</number>
                                            <number key="height">1502</number>
                                        </map>
                                        <map>
                                            <number key="width">449</number>
                                            <number key="height">751</number>
                                        </map>
                                        <map>
                                            <number key="width">224</number>
                                            <number key="height">375</number>
                                        </map>
                                        <map>
                                            <number key="width">112</number>
                                            <number key="height">187</number>
                                        </map>
                                    </array>
                                    <array key="tiles">
                                        <map>
                                            <number key="width">1024</number>
                                            <array key="scaleFactors">
                                                <number>1</number>
                                                <number>2</number>
                                                <number>4</number>
                                                <number>8</number>
                                                <number>16</number>
                                            </array>
                                        </map>
                                    </array>
                                    <string key="profile"
                                        >http://iiif.io/api/image/2/level1.json</string>
                                    <map key="service">
                                        <string key="@context"
                                            >http://iiif.io/api/annex/service/physdim/1/context.json</string>
                                        <string key="profile"
                                            >http://iiif.io/api/annex/service/physdim</string>
                                        <number key="physicalScale">0.0025</number>
                                        <string key="physicalUnits">in</string>
                                    </map>
                                </map>
                                <number key="height">3004</number>
                                <number key="width">1798</number>
                            </map>
                            <string key="on"
                                >https://api.nb.no/catalog/v1/iiif/51a97ce22ce73c66bfa9d73a16064250/canvas/URN:NBN:no-nb_digibok_2016101048158_0027</string>
                        </map>
                    </array>
                </map>
                <map>
                    <string key="@id"
                        >https://api.nb.no/catalog/v1/iiif/51a97ce22ce73c66bfa9d73a16064250/canvas/URN:NBN:no-nb_digibok_2016101048158_0028</string>
                    <string key="@type">sc:Canvas</string>
                    <map key="@seeAlso">
                        <string key="id"
                            >https://api.nb.no:443/catalog/v1/metadata/51a97ce22ce73c66bfa9d73a16064250/altos/URN:NBN:no-nb_digibok_2016101048158_0028</string>
                        <string key="format">application/alto+xml</string>
                        <string key="profile">http://www.loc.gov/standards/alto</string>
                    </map>
                    <string key="label">26</string>
                    <string key="thumbnail"
                        >https://www.nb.no/services/image/resolver/URN:NBN:no-nb_digibok_2016101048158_0028/full/72,0/0/native.jpg</string>
                    <number key="height">3004</number>
                    <number key="width">1798</number>
                    <array key="images">
                        <map>
                            <string key="@id"
                                >https://api.nb.no/catalog/v1/iiif/51a97ce22ce73c66bfa9d73a16064250/annotation/URN:NBN:no-nb_digibok_2016101048158_0028</string>
                            <string key="@type">oa:Annotation</string>
                            <string key="motivation">sc:painting</string>
                            <map key="resource">
                                <string key="@id">URN:NBN:no-nb_digibok_2016101048158_0028</string>
                                <string key="@type">dctypes:Image</string>
                                <string key="format">image/jpeg</string>
                                <map key="service">
                                    <string key="@context"
                                        >http://iiif.io/api/image/2/context.json</string>
                                    <string key="@id"
                                        >https://www.nb.no/services/image/resolver/URN:NBN:no-nb_digibok_2016101048158_0028</string>
                                    <string key="protocol">http://iiif.io/api/image</string>
                                    <number key="width">1798</number>
                                    <number key="height">3004</number>
                                    <array key="sizes">
                                        <map>
                                            <number key="width">899</number>
                                            <number key="height">1502</number>
                                        </map>
                                        <map>
                                            <number key="width">449</number>
                                            <number key="height">751</number>
                                        </map>
                                        <map>
                                            <number key="width">224</number>
                                            <number key="height">375</number>
                                        </map>
                                        <map>
                                            <number key="width">112</number>
                                            <number key="height">187</number>
                                        </map>
                                    </array>
                                    <array key="tiles">
                                        <map>
                                            <number key="width">1024</number>
                                            <array key="scaleFactors">
                                                <number>1</number>
                                                <number>2</number>
                                                <number>4</number>
                                                <number>8</number>
                                                <number>16</number>
                                            </array>
                                        </map>
                                    </array>
                                    <string key="profile"
                                        >http://iiif.io/api/image/2/level1.json</string>
                                    <map key="service">
                                        <string key="@context"
                                            >http://iiif.io/api/annex/service/physdim/1/context.json</string>
                                        <string key="profile"
                                            >http://iiif.io/api/annex/service/physdim</string>
                                        <number key="physicalScale">0.0025</number>
                                        <string key="physicalUnits">in</string>
                                    </map>
                                </map>
                                <number key="height">3004</number>
                                <number key="width">1798</number>
                            </map>
                            <string key="on"
                                >https://api.nb.no/catalog/v1/iiif/51a97ce22ce73c66bfa9d73a16064250/canvas/URN:NBN:no-nb_digibok_2016101048158_0028</string>
                        </map>
                    </array>
                </map>
                <map>
                    <string key="@id"
                        >https://api.nb.no/catalog/v1/iiif/51a97ce22ce73c66bfa9d73a16064250/canvas/URN:NBN:no-nb_digibok_2016101048158_0029</string>
                    <string key="@type">sc:Canvas</string>
                    <map key="@seeAlso">
                        <string key="id"
                            >https://api.nb.no:443/catalog/v1/metadata/51a97ce22ce73c66bfa9d73a16064250/altos/URN:NBN:no-nb_digibok_2016101048158_0029</string>
                        <string key="format">application/alto+xml</string>
                        <string key="profile">http://www.loc.gov/standards/alto</string>
                    </map>
                    <string key="label">27</string>
                    <string key="thumbnail"
                        >https://www.nb.no/services/image/resolver/URN:NBN:no-nb_digibok_2016101048158_0029/full/72,0/0/native.jpg</string>
                    <number key="height">3004</number>
                    <number key="width">1798</number>
                    <array key="images">
                        <map>
                            <string key="@id"
                                >https://api.nb.no/catalog/v1/iiif/51a97ce22ce73c66bfa9d73a16064250/annotation/URN:NBN:no-nb_digibok_2016101048158_0029</string>
                            <string key="@type">oa:Annotation</string>
                            <string key="motivation">sc:painting</string>
                            <map key="resource">
                                <string key="@id">URN:NBN:no-nb_digibok_2016101048158_0029</string>
                                <string key="@type">dctypes:Image</string>
                                <string key="format">image/jpeg</string>
                                <map key="service">
                                    <string key="@context"
                                        >http://iiif.io/api/image/2/context.json</string>
                                    <string key="@id"
                                        >https://www.nb.no/services/image/resolver/URN:NBN:no-nb_digibok_2016101048158_0029</string>
                                    <string key="protocol">http://iiif.io/api/image</string>
                                    <number key="width">1798</number>
                                    <number key="height">3004</number>
                                    <array key="sizes">
                                        <map>
                                            <number key="width">899</number>
                                            <number key="height">1502</number>
                                        </map>
                                        <map>
                                            <number key="width">449</number>
                                            <number key="height">751</number>
                                        </map>
                                        <map>
                                            <number key="width">224</number>
                                            <number key="height">375</number>
                                        </map>
                                        <map>
                                            <number key="width">112</number>
                                            <number key="height">187</number>
                                        </map>
                                    </array>
                                    <array key="tiles">
                                        <map>
                                            <number key="width">1024</number>
                                            <array key="scaleFactors">
                                                <number>1</number>
                                                <number>2</number>
                                                <number>4</number>
                                                <number>8</number>
                                                <number>16</number>
                                            </array>
                                        </map>
                                    </array>
                                    <string key="profile"
                                        >http://iiif.io/api/image/2/level1.json</string>
                                    <map key="service">
                                        <string key="@context"
                                            >http://iiif.io/api/annex/service/physdim/1/context.json</string>
                                        <string key="profile"
                                            >http://iiif.io/api/annex/service/physdim</string>
                                        <number key="physicalScale">0.0025</number>
                                        <string key="physicalUnits">in</string>
                                    </map>
                                </map>
                                <number key="height">3004</number>
                                <number key="width">1798</number>
                            </map>
                            <string key="on"
                                >https://api.nb.no/catalog/v1/iiif/51a97ce22ce73c66bfa9d73a16064250/canvas/URN:NBN:no-nb_digibok_2016101048158_0029</string>
                        </map>
                    </array>
                </map>
                <map>
                    <string key="@id"
                        >https://api.nb.no/catalog/v1/iiif/51a97ce22ce73c66bfa9d73a16064250/canvas/URN:NBN:no-nb_digibok_2016101048158_0030</string>
                    <string key="@type">sc:Canvas</string>
                    <map key="@seeAlso">
                        <string key="id"
                            >https://api.nb.no:443/catalog/v1/metadata/51a97ce22ce73c66bfa9d73a16064250/altos/URN:NBN:no-nb_digibok_2016101048158_0030</string>
                        <string key="format">application/alto+xml</string>
                        <string key="profile">http://www.loc.gov/standards/alto</string>
                    </map>
                    <string key="label">28</string>
                    <string key="thumbnail"
                        >https://www.nb.no/services/image/resolver/URN:NBN:no-nb_digibok_2016101048158_0030/full/72,0/0/native.jpg</string>
                    <number key="height">3004</number>
                    <number key="width">1798</number>
                    <array key="images">
                        <map>
                            <string key="@id"
                                >https://api.nb.no/catalog/v1/iiif/51a97ce22ce73c66bfa9d73a16064250/annotation/URN:NBN:no-nb_digibok_2016101048158_0030</string>
                            <string key="@type">oa:Annotation</string>
                            <string key="motivation">sc:painting</string>
                            <map key="resource">
                                <string key="@id">URN:NBN:no-nb_digibok_2016101048158_0030</string>
                                <string key="@type">dctypes:Image</string>
                                <string key="format">image/jpeg</string>
                                <map key="service">
                                    <string key="@context"
                                        >http://iiif.io/api/image/2/context.json</string>
                                    <string key="@id"
                                        >https://www.nb.no/services/image/resolver/URN:NBN:no-nb_digibok_2016101048158_0030</string>
                                    <string key="protocol">http://iiif.io/api/image</string>
                                    <number key="width">1798</number>
                                    <number key="height">3004</number>
                                    <array key="sizes">
                                        <map>
                                            <number key="width">899</number>
                                            <number key="height">1502</number>
                                        </map>
                                        <map>
                                            <number key="width">449</number>
                                            <number key="height">751</number>
                                        </map>
                                        <map>
                                            <number key="width">224</number>
                                            <number key="height">375</number>
                                        </map>
                                        <map>
                                            <number key="width">112</number>
                                            <number key="height">187</number>
                                        </map>
                                    </array>
                                    <array key="tiles">
                                        <map>
                                            <number key="width">1024</number>
                                            <array key="scaleFactors">
                                                <number>1</number>
                                                <number>2</number>
                                                <number>4</number>
                                                <number>8</number>
                                                <number>16</number>
                                            </array>
                                        </map>
                                    </array>
                                    <string key="profile"
                                        >http://iiif.io/api/image/2/level1.json</string>
                                    <map key="service">
                                        <string key="@context"
                                            >http://iiif.io/api/annex/service/physdim/1/context.json</string>
                                        <string key="profile"
                                            >http://iiif.io/api/annex/service/physdim</string>
                                        <number key="physicalScale">0.0025</number>
                                        <string key="physicalUnits">in</string>
                                    </map>
                                </map>
                                <number key="height">3004</number>
                                <number key="width">1798</number>
                            </map>
                            <string key="on"
                                >https://api.nb.no/catalog/v1/iiif/51a97ce22ce73c66bfa9d73a16064250/canvas/URN:NBN:no-nb_digibok_2016101048158_0030</string>
                        </map>
                    </array>
                </map>
                <map>
                    <string key="@id"
                        >https://api.nb.no/catalog/v1/iiif/51a97ce22ce73c66bfa9d73a16064250/canvas/URN:NBN:no-nb_digibok_2016101048158_0031</string>
                    <string key="@type">sc:Canvas</string>
                    <map key="@seeAlso">
                        <string key="id"
                            >https://api.nb.no:443/catalog/v1/metadata/51a97ce22ce73c66bfa9d73a16064250/altos/URN:NBN:no-nb_digibok_2016101048158_0031</string>
                        <string key="format">application/alto+xml</string>
                        <string key="profile">http://www.loc.gov/standards/alto</string>
                    </map>
                    <string key="label">29</string>
                    <string key="thumbnail"
                        >https://www.nb.no/services/image/resolver/URN:NBN:no-nb_digibok_2016101048158_0031/full/72,0/0/native.jpg</string>
                    <number key="height">3004</number>
                    <number key="width">1798</number>
                    <array key="images">
                        <map>
                            <string key="@id"
                                >https://api.nb.no/catalog/v1/iiif/51a97ce22ce73c66bfa9d73a16064250/annotation/URN:NBN:no-nb_digibok_2016101048158_0031</string>
                            <string key="@type">oa:Annotation</string>
                            <string key="motivation">sc:painting</string>
                            <map key="resource">
                                <string key="@id">URN:NBN:no-nb_digibok_2016101048158_0031</string>
                                <string key="@type">dctypes:Image</string>
                                <string key="format">image/jpeg</string>
                                <map key="service">
                                    <string key="@context"
                                        >http://iiif.io/api/image/2/context.json</string>
                                    <string key="@id"
                                        >https://www.nb.no/services/image/resolver/URN:NBN:no-nb_digibok_2016101048158_0031</string>
                                    <string key="protocol">http://iiif.io/api/image</string>
                                    <number key="width">1798</number>
                                    <number key="height">3004</number>
                                    <array key="sizes">
                                        <map>
                                            <number key="width">899</number>
                                            <number key="height">1502</number>
                                        </map>
                                        <map>
                                            <number key="width">449</number>
                                            <number key="height">751</number>
                                        </map>
                                        <map>
                                            <number key="width">224</number>
                                            <number key="height">375</number>
                                        </map>
                                        <map>
                                            <number key="width">112</number>
                                            <number key="height">187</number>
                                        </map>
                                    </array>
                                    <array key="tiles">
                                        <map>
                                            <number key="width">1024</number>
                                            <array key="scaleFactors">
                                                <number>1</number>
                                                <number>2</number>
                                                <number>4</number>
                                                <number>8</number>
                                                <number>16</number>
                                            </array>
                                        </map>
                                    </array>
                                    <string key="profile"
                                        >http://iiif.io/api/image/2/level1.json</string>
                                    <map key="service">
                                        <string key="@context"
                                            >http://iiif.io/api/annex/service/physdim/1/context.json</string>
                                        <string key="profile"
                                            >http://iiif.io/api/annex/service/physdim</string>
                                        <number key="physicalScale">0.0025</number>
                                        <string key="physicalUnits">in</string>
                                    </map>
                                </map>
                                <number key="height">3004</number>
                                <number key="width">1798</number>
                            </map>
                            <string key="on"
                                >https://api.nb.no/catalog/v1/iiif/51a97ce22ce73c66bfa9d73a16064250/canvas/URN:NBN:no-nb_digibok_2016101048158_0031</string>
                        </map>
                    </array>
                </map>
                <map>
                    <string key="@id"
                        >https://api.nb.no/catalog/v1/iiif/51a97ce22ce73c66bfa9d73a16064250/canvas/URN:NBN:no-nb_digibok_2016101048158_0032</string>
                    <string key="@type">sc:Canvas</string>
                    <map key="@seeAlso">
                        <string key="id"
                            >https://api.nb.no:443/catalog/v1/metadata/51a97ce22ce73c66bfa9d73a16064250/altos/URN:NBN:no-nb_digibok_2016101048158_0032</string>
                        <string key="format">application/alto+xml</string>
                        <string key="profile">http://www.loc.gov/standards/alto</string>
                    </map>
                    <string key="label">30</string>
                    <string key="thumbnail"
                        >https://www.nb.no/services/image/resolver/URN:NBN:no-nb_digibok_2016101048158_0032/full/72,0/0/native.jpg</string>
                    <number key="height">3004</number>
                    <number key="width">1798</number>
                    <array key="images">
                        <map>
                            <string key="@id"
                                >https://api.nb.no/catalog/v1/iiif/51a97ce22ce73c66bfa9d73a16064250/annotation/URN:NBN:no-nb_digibok_2016101048158_0032</string>
                            <string key="@type">oa:Annotation</string>
                            <string key="motivation">sc:painting</string>
                            <map key="resource">
                                <string key="@id">URN:NBN:no-nb_digibok_2016101048158_0032</string>
                                <string key="@type">dctypes:Image</string>
                                <string key="format">image/jpeg</string>
                                <map key="service">
                                    <string key="@context"
                                        >http://iiif.io/api/image/2/context.json</string>
                                    <string key="@id"
                                        >https://www.nb.no/services/image/resolver/URN:NBN:no-nb_digibok_2016101048158_0032</string>
                                    <string key="protocol">http://iiif.io/api/image</string>
                                    <number key="width">1798</number>
                                    <number key="height">3004</number>
                                    <array key="sizes">
                                        <map>
                                            <number key="width">899</number>
                                            <number key="height">1502</number>
                                        </map>
                                        <map>
                                            <number key="width">449</number>
                                            <number key="height">751</number>
                                        </map>
                                        <map>
                                            <number key="width">224</number>
                                            <number key="height">375</number>
                                        </map>
                                        <map>
                                            <number key="width">112</number>
                                            <number key="height">187</number>
                                        </map>
                                    </array>
                                    <array key="tiles">
                                        <map>
                                            <number key="width">1024</number>
                                            <array key="scaleFactors">
                                                <number>1</number>
                                                <number>2</number>
                                                <number>4</number>
                                                <number>8</number>
                                                <number>16</number>
                                            </array>
                                        </map>
                                    </array>
                                    <string key="profile"
                                        >http://iiif.io/api/image/2/level1.json</string>
                                    <map key="service">
                                        <string key="@context"
                                            >http://iiif.io/api/annex/service/physdim/1/context.json</string>
                                        <string key="profile"
                                            >http://iiif.io/api/annex/service/physdim</string>
                                        <number key="physicalScale">0.0025</number>
                                        <string key="physicalUnits">in</string>
                                    </map>
                                </map>
                                <number key="height">3004</number>
                                <number key="width">1798</number>
                            </map>
                            <string key="on"
                                >https://api.nb.no/catalog/v1/iiif/51a97ce22ce73c66bfa9d73a16064250/canvas/URN:NBN:no-nb_digibok_2016101048158_0032</string>
                        </map>
                    </array>
                </map>
                <map>
                    <string key="@id"
                        >https://api.nb.no/catalog/v1/iiif/51a97ce22ce73c66bfa9d73a16064250/canvas/URN:NBN:no-nb_digibok_2016101048158_0033</string>
                    <string key="@type">sc:Canvas</string>
                    <map key="@seeAlso">
                        <string key="id"
                            >https://api.nb.no:443/catalog/v1/metadata/51a97ce22ce73c66bfa9d73a16064250/altos/URN:NBN:no-nb_digibok_2016101048158_0033</string>
                        <string key="format">application/alto+xml</string>
                        <string key="profile">http://www.loc.gov/standards/alto</string>
                    </map>
                    <string key="label">31</string>
                    <string key="thumbnail"
                        >https://www.nb.no/services/image/resolver/URN:NBN:no-nb_digibok_2016101048158_0033/full/72,0/0/native.jpg</string>
                    <number key="height">3004</number>
                    <number key="width">1798</number>
                    <array key="images">
                        <map>
                            <string key="@id"
                                >https://api.nb.no/catalog/v1/iiif/51a97ce22ce73c66bfa9d73a16064250/annotation/URN:NBN:no-nb_digibok_2016101048158_0033</string>
                            <string key="@type">oa:Annotation</string>
                            <string key="motivation">sc:painting</string>
                            <map key="resource">
                                <string key="@id">URN:NBN:no-nb_digibok_2016101048158_0033</string>
                                <string key="@type">dctypes:Image</string>
                                <string key="format">image/jpeg</string>
                                <map key="service">
                                    <string key="@context"
                                        >http://iiif.io/api/image/2/context.json</string>
                                    <string key="@id"
                                        >https://www.nb.no/services/image/resolver/URN:NBN:no-nb_digibok_2016101048158_0033</string>
                                    <string key="protocol">http://iiif.io/api/image</string>
                                    <number key="width">1798</number>
                                    <number key="height">3004</number>
                                    <array key="sizes">
                                        <map>
                                            <number key="width">899</number>
                                            <number key="height">1502</number>
                                        </map>
                                        <map>
                                            <number key="width">449</number>
                                            <number key="height">751</number>
                                        </map>
                                        <map>
                                            <number key="width">224</number>
                                            <number key="height">375</number>
                                        </map>
                                        <map>
                                            <number key="width">112</number>
                                            <number key="height">187</number>
                                        </map>
                                    </array>
                                    <array key="tiles">
                                        <map>
                                            <number key="width">1024</number>
                                            <array key="scaleFactors">
                                                <number>1</number>
                                                <number>2</number>
                                                <number>4</number>
                                                <number>8</number>
                                                <number>16</number>
                                            </array>
                                        </map>
                                    </array>
                                    <string key="profile"
                                        >http://iiif.io/api/image/2/level1.json</string>
                                    <map key="service">
                                        <string key="@context"
                                            >http://iiif.io/api/annex/service/physdim/1/context.json</string>
                                        <string key="profile"
                                            >http://iiif.io/api/annex/service/physdim</string>
                                        <number key="physicalScale">0.0025</number>
                                        <string key="physicalUnits">in</string>
                                    </map>
                                </map>
                                <number key="height">3004</number>
                                <number key="width">1798</number>
                            </map>
                            <string key="on"
                                >https://api.nb.no/catalog/v1/iiif/51a97ce22ce73c66bfa9d73a16064250/canvas/URN:NBN:no-nb_digibok_2016101048158_0033</string>
                        </map>
                    </array>
                </map>
                <map>
                    <string key="@id"
                        >https://api.nb.no/catalog/v1/iiif/51a97ce22ce73c66bfa9d73a16064250/canvas/URN:NBN:no-nb_digibok_2016101048158_0034</string>
                    <string key="@type">sc:Canvas</string>
                    <map key="@seeAlso">
                        <string key="id"
                            >https://api.nb.no:443/catalog/v1/metadata/51a97ce22ce73c66bfa9d73a16064250/altos/URN:NBN:no-nb_digibok_2016101048158_0034</string>
                        <string key="format">application/alto+xml</string>
                        <string key="profile">http://www.loc.gov/standards/alto</string>
                    </map>
                    <string key="label">32</string>
                    <string key="thumbnail"
                        >https://www.nb.no/services/image/resolver/URN:NBN:no-nb_digibok_2016101048158_0034/full/72,0/0/native.jpg</string>
                    <number key="height">3004</number>
                    <number key="width">1798</number>
                    <array key="images">
                        <map>
                            <string key="@id"
                                >https://api.nb.no/catalog/v1/iiif/51a97ce22ce73c66bfa9d73a16064250/annotation/URN:NBN:no-nb_digibok_2016101048158_0034</string>
                            <string key="@type">oa:Annotation</string>
                            <string key="motivation">sc:painting</string>
                            <map key="resource">
                                <string key="@id">URN:NBN:no-nb_digibok_2016101048158_0034</string>
                                <string key="@type">dctypes:Image</string>
                                <string key="format">image/jpeg</string>
                                <map key="service">
                                    <string key="@context"
                                        >http://iiif.io/api/image/2/context.json</string>
                                    <string key="@id"
                                        >https://www.nb.no/services/image/resolver/URN:NBN:no-nb_digibok_2016101048158_0034</string>
                                    <string key="protocol">http://iiif.io/api/image</string>
                                    <number key="width">1798</number>
                                    <number key="height">3004</number>
                                    <array key="sizes">
                                        <map>
                                            <number key="width">899</number>
                                            <number key="height">1502</number>
                                        </map>
                                        <map>
                                            <number key="width">449</number>
                                            <number key="height">751</number>
                                        </map>
                                        <map>
                                            <number key="width">224</number>
                                            <number key="height">375</number>
                                        </map>
                                        <map>
                                            <number key="width">112</number>
                                            <number key="height">187</number>
                                        </map>
                                    </array>
                                    <array key="tiles">
                                        <map>
                                            <number key="width">1024</number>
                                            <array key="scaleFactors">
                                                <number>1</number>
                                                <number>2</number>
                                                <number>4</number>
                                                <number>8</number>
                                                <number>16</number>
                                            </array>
                                        </map>
                                    </array>
                                    <string key="profile"
                                        >http://iiif.io/api/image/2/level1.json</string>
                                    <map key="service">
                                        <string key="@context"
                                            >http://iiif.io/api/annex/service/physdim/1/context.json</string>
                                        <string key="profile"
                                            >http://iiif.io/api/annex/service/physdim</string>
                                        <number key="physicalScale">0.0025</number>
                                        <string key="physicalUnits">in</string>
                                    </map>
                                </map>
                                <number key="height">3004</number>
                                <number key="width">1798</number>
                            </map>
                            <string key="on"
                                >https://api.nb.no/catalog/v1/iiif/51a97ce22ce73c66bfa9d73a16064250/canvas/URN:NBN:no-nb_digibok_2016101048158_0034</string>
                        </map>
                    </array>
                </map>
                <map>
                    <string key="@id"
                        >https://api.nb.no/catalog/v1/iiif/51a97ce22ce73c66bfa9d73a16064250/canvas/URN:NBN:no-nb_digibok_2016101048158_0035</string>
                    <string key="@type">sc:Canvas</string>
                    <map key="@seeAlso">
                        <string key="id"
                            >https://api.nb.no:443/catalog/v1/metadata/51a97ce22ce73c66bfa9d73a16064250/altos/URN:NBN:no-nb_digibok_2016101048158_0035</string>
                        <string key="format">application/alto+xml</string>
                        <string key="profile">http://www.loc.gov/standards/alto</string>
                    </map>
                    <string key="label">33</string>
                    <string key="thumbnail"
                        >https://www.nb.no/services/image/resolver/URN:NBN:no-nb_digibok_2016101048158_0035/full/72,0/0/native.jpg</string>
                    <number key="height">3004</number>
                    <number key="width">1798</number>
                    <array key="images">
                        <map>
                            <string key="@id"
                                >https://api.nb.no/catalog/v1/iiif/51a97ce22ce73c66bfa9d73a16064250/annotation/URN:NBN:no-nb_digibok_2016101048158_0035</string>
                            <string key="@type">oa:Annotation</string>
                            <string key="motivation">sc:painting</string>
                            <map key="resource">
                                <string key="@id">URN:NBN:no-nb_digibok_2016101048158_0035</string>
                                <string key="@type">dctypes:Image</string>
                                <string key="format">image/jpeg</string>
                                <map key="service">
                                    <string key="@context"
                                        >http://iiif.io/api/image/2/context.json</string>
                                    <string key="@id"
                                        >https://www.nb.no/services/image/resolver/URN:NBN:no-nb_digibok_2016101048158_0035</string>
                                    <string key="protocol">http://iiif.io/api/image</string>
                                    <number key="width">1798</number>
                                    <number key="height">3004</number>
                                    <array key="sizes">
                                        <map>
                                            <number key="width">899</number>
                                            <number key="height">1502</number>
                                        </map>
                                        <map>
                                            <number key="width">449</number>
                                            <number key="height">751</number>
                                        </map>
                                        <map>
                                            <number key="width">224</number>
                                            <number key="height">375</number>
                                        </map>
                                        <map>
                                            <number key="width">112</number>
                                            <number key="height">187</number>
                                        </map>
                                    </array>
                                    <array key="tiles">
                                        <map>
                                            <number key="width">1024</number>
                                            <array key="scaleFactors">
                                                <number>1</number>
                                                <number>2</number>
                                                <number>4</number>
                                                <number>8</number>
                                                <number>16</number>
                                            </array>
                                        </map>
                                    </array>
                                    <string key="profile"
                                        >http://iiif.io/api/image/2/level1.json</string>
                                    <map key="service">
                                        <string key="@context"
                                            >http://iiif.io/api/annex/service/physdim/1/context.json</string>
                                        <string key="profile"
                                            >http://iiif.io/api/annex/service/physdim</string>
                                        <number key="physicalScale">0.0025</number>
                                        <string key="physicalUnits">in</string>
                                    </map>
                                </map>
                                <number key="height">3004</number>
                                <number key="width">1798</number>
                            </map>
                            <string key="on"
                                >https://api.nb.no/catalog/v1/iiif/51a97ce22ce73c66bfa9d73a16064250/canvas/URN:NBN:no-nb_digibok_2016101048158_0035</string>
                        </map>
                    </array>
                </map>
                <map>
                    <string key="@id"
                        >https://api.nb.no/catalog/v1/iiif/51a97ce22ce73c66bfa9d73a16064250/canvas/URN:NBN:no-nb_digibok_2016101048158_0036</string>
                    <string key="@type">sc:Canvas</string>
                    <map key="@seeAlso">
                        <string key="id"
                            >https://api.nb.no:443/catalog/v1/metadata/51a97ce22ce73c66bfa9d73a16064250/altos/URN:NBN:no-nb_digibok_2016101048158_0036</string>
                        <string key="format">application/alto+xml</string>
                        <string key="profile">http://www.loc.gov/standards/alto</string>
                    </map>
                    <string key="label">34</string>
                    <string key="thumbnail"
                        >https://www.nb.no/services/image/resolver/URN:NBN:no-nb_digibok_2016101048158_0036/full/72,0/0/native.jpg</string>
                    <number key="height">3004</number>
                    <number key="width">1798</number>
                    <array key="images">
                        <map>
                            <string key="@id"
                                >https://api.nb.no/catalog/v1/iiif/51a97ce22ce73c66bfa9d73a16064250/annotation/URN:NBN:no-nb_digibok_2016101048158_0036</string>
                            <string key="@type">oa:Annotation</string>
                            <string key="motivation">sc:painting</string>
                            <map key="resource">
                                <string key="@id">URN:NBN:no-nb_digibok_2016101048158_0036</string>
                                <string key="@type">dctypes:Image</string>
                                <string key="format">image/jpeg</string>
                                <map key="service">
                                    <string key="@context"
                                        >http://iiif.io/api/image/2/context.json</string>
                                    <string key="@id"
                                        >https://www.nb.no/services/image/resolver/URN:NBN:no-nb_digibok_2016101048158_0036</string>
                                    <string key="protocol">http://iiif.io/api/image</string>
                                    <number key="width">1798</number>
                                    <number key="height">3004</number>
                                    <array key="sizes">
                                        <map>
                                            <number key="width">899</number>
                                            <number key="height">1502</number>
                                        </map>
                                        <map>
                                            <number key="width">449</number>
                                            <number key="height">751</number>
                                        </map>
                                        <map>
                                            <number key="width">224</number>
                                            <number key="height">375</number>
                                        </map>
                                        <map>
                                            <number key="width">112</number>
                                            <number key="height">187</number>
                                        </map>
                                    </array>
                                    <array key="tiles">
                                        <map>
                                            <number key="width">1024</number>
                                            <array key="scaleFactors">
                                                <number>1</number>
                                                <number>2</number>
                                                <number>4</number>
                                                <number>8</number>
                                                <number>16</number>
                                            </array>
                                        </map>
                                    </array>
                                    <string key="profile"
                                        >http://iiif.io/api/image/2/level1.json</string>
                                    <map key="service">
                                        <string key="@context"
                                            >http://iiif.io/api/annex/service/physdim/1/context.json</string>
                                        <string key="profile"
                                            >http://iiif.io/api/annex/service/physdim</string>
                                        <number key="physicalScale">0.0025</number>
                                        <string key="physicalUnits">in</string>
                                    </map>
                                </map>
                                <number key="height">3004</number>
                                <number key="width">1798</number>
                            </map>
                            <string key="on"
                                >https://api.nb.no/catalog/v1/iiif/51a97ce22ce73c66bfa9d73a16064250/canvas/URN:NBN:no-nb_digibok_2016101048158_0036</string>
                        </map>
                    </array>
                </map>
                <map>
                    <string key="@id"
                        >https://api.nb.no/catalog/v1/iiif/51a97ce22ce73c66bfa9d73a16064250/canvas/URN:NBN:no-nb_digibok_2016101048158_0037</string>
                    <string key="@type">sc:Canvas</string>
                    <map key="@seeAlso">
                        <string key="id"
                            >https://api.nb.no:443/catalog/v1/metadata/51a97ce22ce73c66bfa9d73a16064250/altos/URN:NBN:no-nb_digibok_2016101048158_0037</string>
                        <string key="format">application/alto+xml</string>
                        <string key="profile">http://www.loc.gov/standards/alto</string>
                    </map>
                    <string key="label">35</string>
                    <string key="thumbnail"
                        >https://www.nb.no/services/image/resolver/URN:NBN:no-nb_digibok_2016101048158_0037/full/72,0/0/native.jpg</string>
                    <number key="height">3004</number>
                    <number key="width">1798</number>
                    <array key="images">
                        <map>
                            <string key="@id"
                                >https://api.nb.no/catalog/v1/iiif/51a97ce22ce73c66bfa9d73a16064250/annotation/URN:NBN:no-nb_digibok_2016101048158_0037</string>
                            <string key="@type">oa:Annotation</string>
                            <string key="motivation">sc:painting</string>
                            <map key="resource">
                                <string key="@id">URN:NBN:no-nb_digibok_2016101048158_0037</string>
                                <string key="@type">dctypes:Image</string>
                                <string key="format">image/jpeg</string>
                                <map key="service">
                                    <string key="@context"
                                        >http://iiif.io/api/image/2/context.json</string>
                                    <string key="@id"
                                        >https://www.nb.no/services/image/resolver/URN:NBN:no-nb_digibok_2016101048158_0037</string>
                                    <string key="protocol">http://iiif.io/api/image</string>
                                    <number key="width">1798</number>
                                    <number key="height">3004</number>
                                    <array key="sizes">
                                        <map>
                                            <number key="width">899</number>
                                            <number key="height">1502</number>
                                        </map>
                                        <map>
                                            <number key="width">449</number>
                                            <number key="height">751</number>
                                        </map>
                                        <map>
                                            <number key="width">224</number>
                                            <number key="height">375</number>
                                        </map>
                                        <map>
                                            <number key="width">112</number>
                                            <number key="height">187</number>
                                        </map>
                                    </array>
                                    <array key="tiles">
                                        <map>
                                            <number key="width">1024</number>
                                            <array key="scaleFactors">
                                                <number>1</number>
                                                <number>2</number>
                                                <number>4</number>
                                                <number>8</number>
                                                <number>16</number>
                                            </array>
                                        </map>
                                    </array>
                                    <string key="profile"
                                        >http://iiif.io/api/image/2/level1.json</string>
                                    <map key="service">
                                        <string key="@context"
                                            >http://iiif.io/api/annex/service/physdim/1/context.json</string>
                                        <string key="profile"
                                            >http://iiif.io/api/annex/service/physdim</string>
                                        <number key="physicalScale">0.0025</number>
                                        <string key="physicalUnits">in</string>
                                    </map>
                                </map>
                                <number key="height">3004</number>
                                <number key="width">1798</number>
                            </map>
                            <string key="on"
                                >https://api.nb.no/catalog/v1/iiif/51a97ce22ce73c66bfa9d73a16064250/canvas/URN:NBN:no-nb_digibok_2016101048158_0037</string>
                        </map>
                    </array>
                </map>
                <map>
                    <string key="@id"
                        >https://api.nb.no/catalog/v1/iiif/51a97ce22ce73c66bfa9d73a16064250/canvas/URN:NBN:no-nb_digibok_2016101048158_0038</string>
                    <string key="@type">sc:Canvas</string>
                    <map key="@seeAlso">
                        <string key="id"
                            >https://api.nb.no:443/catalog/v1/metadata/51a97ce22ce73c66bfa9d73a16064250/altos/URN:NBN:no-nb_digibok_2016101048158_0038</string>
                        <string key="format">application/alto+xml</string>
                        <string key="profile">http://www.loc.gov/standards/alto</string>
                    </map>
                    <string key="label">36</string>
                    <string key="thumbnail"
                        >https://www.nb.no/services/image/resolver/URN:NBN:no-nb_digibok_2016101048158_0038/full/72,0/0/native.jpg</string>
                    <number key="height">3004</number>
                    <number key="width">1798</number>
                    <array key="images">
                        <map>
                            <string key="@id"
                                >https://api.nb.no/catalog/v1/iiif/51a97ce22ce73c66bfa9d73a16064250/annotation/URN:NBN:no-nb_digibok_2016101048158_0038</string>
                            <string key="@type">oa:Annotation</string>
                            <string key="motivation">sc:painting</string>
                            <map key="resource">
                                <string key="@id">URN:NBN:no-nb_digibok_2016101048158_0038</string>
                                <string key="@type">dctypes:Image</string>
                                <string key="format">image/jpeg</string>
                                <map key="service">
                                    <string key="@context"
                                        >http://iiif.io/api/image/2/context.json</string>
                                    <string key="@id"
                                        >https://www.nb.no/services/image/resolver/URN:NBN:no-nb_digibok_2016101048158_0038</string>
                                    <string key="protocol">http://iiif.io/api/image</string>
                                    <number key="width">1798</number>
                                    <number key="height">3004</number>
                                    <array key="sizes">
                                        <map>
                                            <number key="width">899</number>
                                            <number key="height">1502</number>
                                        </map>
                                        <map>
                                            <number key="width">449</number>
                                            <number key="height">751</number>
                                        </map>
                                        <map>
                                            <number key="width">224</number>
                                            <number key="height">375</number>
                                        </map>
                                        <map>
                                            <number key="width">112</number>
                                            <number key="height">187</number>
                                        </map>
                                    </array>
                                    <array key="tiles">
                                        <map>
                                            <number key="width">1024</number>
                                            <array key="scaleFactors">
                                                <number>1</number>
                                                <number>2</number>
                                                <number>4</number>
                                                <number>8</number>
                                                <number>16</number>
                                            </array>
                                        </map>
                                    </array>
                                    <string key="profile"
                                        >http://iiif.io/api/image/2/level1.json</string>
                                    <map key="service">
                                        <string key="@context"
                                            >http://iiif.io/api/annex/service/physdim/1/context.json</string>
                                        <string key="profile"
                                            >http://iiif.io/api/annex/service/physdim</string>
                                        <number key="physicalScale">0.0025</number>
                                        <string key="physicalUnits">in</string>
                                    </map>
                                </map>
                                <number key="height">3004</number>
                                <number key="width">1798</number>
                            </map>
                            <string key="on"
                                >https://api.nb.no/catalog/v1/iiif/51a97ce22ce73c66bfa9d73a16064250/canvas/URN:NBN:no-nb_digibok_2016101048158_0038</string>
                        </map>
                    </array>
                </map>
                <map>
                    <string key="@id"
                        >https://api.nb.no/catalog/v1/iiif/51a97ce22ce73c66bfa9d73a16064250/canvas/URN:NBN:no-nb_digibok_2016101048158_0039</string>
                    <string key="@type">sc:Canvas</string>
                    <map key="@seeAlso">
                        <string key="id"
                            >https://api.nb.no:443/catalog/v1/metadata/51a97ce22ce73c66bfa9d73a16064250/altos/URN:NBN:no-nb_digibok_2016101048158_0039</string>
                        <string key="format">application/alto+xml</string>
                        <string key="profile">http://www.loc.gov/standards/alto</string>
                    </map>
                    <string key="label">37</string>
                    <string key="thumbnail"
                        >https://www.nb.no/services/image/resolver/URN:NBN:no-nb_digibok_2016101048158_0039/full/72,0/0/native.jpg</string>
                    <number key="height">3004</number>
                    <number key="width">1798</number>
                    <array key="images">
                        <map>
                            <string key="@id"
                                >https://api.nb.no/catalog/v1/iiif/51a97ce22ce73c66bfa9d73a16064250/annotation/URN:NBN:no-nb_digibok_2016101048158_0039</string>
                            <string key="@type">oa:Annotation</string>
                            <string key="motivation">sc:painting</string>
                            <map key="resource">
                                <string key="@id">URN:NBN:no-nb_digibok_2016101048158_0039</string>
                                <string key="@type">dctypes:Image</string>
                                <string key="format">image/jpeg</string>
                                <map key="service">
                                    <string key="@context"
                                        >http://iiif.io/api/image/2/context.json</string>
                                    <string key="@id"
                                        >https://www.nb.no/services/image/resolver/URN:NBN:no-nb_digibok_2016101048158_0039</string>
                                    <string key="protocol">http://iiif.io/api/image</string>
                                    <number key="width">1798</number>
                                    <number key="height">3004</number>
                                    <array key="sizes">
                                        <map>
                                            <number key="width">899</number>
                                            <number key="height">1502</number>
                                        </map>
                                        <map>
                                            <number key="width">449</number>
                                            <number key="height">751</number>
                                        </map>
                                        <map>
                                            <number key="width">224</number>
                                            <number key="height">375</number>
                                        </map>
                                        <map>
                                            <number key="width">112</number>
                                            <number key="height">187</number>
                                        </map>
                                    </array>
                                    <array key="tiles">
                                        <map>
                                            <number key="width">1024</number>
                                            <array key="scaleFactors">
                                                <number>1</number>
                                                <number>2</number>
                                                <number>4</number>
                                                <number>8</number>
                                                <number>16</number>
                                            </array>
                                        </map>
                                    </array>
                                    <string key="profile"
                                        >http://iiif.io/api/image/2/level1.json</string>
                                    <map key="service">
                                        <string key="@context"
                                            >http://iiif.io/api/annex/service/physdim/1/context.json</string>
                                        <string key="profile"
                                            >http://iiif.io/api/annex/service/physdim</string>
                                        <number key="physicalScale">0.0025</number>
                                        <string key="physicalUnits">in</string>
                                    </map>
                                </map>
                                <number key="height">3004</number>
                                <number key="width">1798</number>
                            </map>
                            <string key="on"
                                >https://api.nb.no/catalog/v1/iiif/51a97ce22ce73c66bfa9d73a16064250/canvas/URN:NBN:no-nb_digibok_2016101048158_0039</string>
                        </map>
                    </array>
                </map>
                <map>
                    <string key="@id"
                        >https://api.nb.no/catalog/v1/iiif/51a97ce22ce73c66bfa9d73a16064250/canvas/URN:NBN:no-nb_digibok_2016101048158_0040</string>
                    <string key="@type">sc:Canvas</string>
                    <map key="@seeAlso">
                        <string key="id"
                            >https://api.nb.no:443/catalog/v1/metadata/51a97ce22ce73c66bfa9d73a16064250/altos/URN:NBN:no-nb_digibok_2016101048158_0040</string>
                        <string key="format">application/alto+xml</string>
                        <string key="profile">http://www.loc.gov/standards/alto</string>
                    </map>
                    <string key="label">38</string>
                    <string key="thumbnail"
                        >https://www.nb.no/services/image/resolver/URN:NBN:no-nb_digibok_2016101048158_0040/full/72,0/0/native.jpg</string>
                    <number key="height">3004</number>
                    <number key="width">1798</number>
                    <array key="images">
                        <map>
                            <string key="@id"
                                >https://api.nb.no/catalog/v1/iiif/51a97ce22ce73c66bfa9d73a16064250/annotation/URN:NBN:no-nb_digibok_2016101048158_0040</string>
                            <string key="@type">oa:Annotation</string>
                            <string key="motivation">sc:painting</string>
                            <map key="resource">
                                <string key="@id">URN:NBN:no-nb_digibok_2016101048158_0040</string>
                                <string key="@type">dctypes:Image</string>
                                <string key="format">image/jpeg</string>
                                <map key="service">
                                    <string key="@context"
                                        >http://iiif.io/api/image/2/context.json</string>
                                    <string key="@id"
                                        >https://www.nb.no/services/image/resolver/URN:NBN:no-nb_digibok_2016101048158_0040</string>
                                    <string key="protocol">http://iiif.io/api/image</string>
                                    <number key="width">1798</number>
                                    <number key="height">3004</number>
                                    <array key="sizes">
                                        <map>
                                            <number key="width">899</number>
                                            <number key="height">1502</number>
                                        </map>
                                        <map>
                                            <number key="width">449</number>
                                            <number key="height">751</number>
                                        </map>
                                        <map>
                                            <number key="width">224</number>
                                            <number key="height">375</number>
                                        </map>
                                        <map>
                                            <number key="width">112</number>
                                            <number key="height">187</number>
                                        </map>
                                    </array>
                                    <array key="tiles">
                                        <map>
                                            <number key="width">1024</number>
                                            <array key="scaleFactors">
                                                <number>1</number>
                                                <number>2</number>
                                                <number>4</number>
                                                <number>8</number>
                                                <number>16</number>
                                            </array>
                                        </map>
                                    </array>
                                    <string key="profile"
                                        >http://iiif.io/api/image/2/level1.json</string>
                                    <map key="service">
                                        <string key="@context"
                                            >http://iiif.io/api/annex/service/physdim/1/context.json</string>
                                        <string key="profile"
                                            >http://iiif.io/api/annex/service/physdim</string>
                                        <number key="physicalScale">0.0025</number>
                                        <string key="physicalUnits">in</string>
                                    </map>
                                </map>
                                <number key="height">3004</number>
                                <number key="width">1798</number>
                            </map>
                            <string key="on"
                                >https://api.nb.no/catalog/v1/iiif/51a97ce22ce73c66bfa9d73a16064250/canvas/URN:NBN:no-nb_digibok_2016101048158_0040</string>
                        </map>
                    </array>
                </map>
                <map>
                    <string key="@id"
                        >https://api.nb.no/catalog/v1/iiif/51a97ce22ce73c66bfa9d73a16064250/canvas/URN:NBN:no-nb_digibok_2016101048158_0041</string>
                    <string key="@type">sc:Canvas</string>
                    <map key="@seeAlso">
                        <string key="id"
                            >https://api.nb.no:443/catalog/v1/metadata/51a97ce22ce73c66bfa9d73a16064250/altos/URN:NBN:no-nb_digibok_2016101048158_0041</string>
                        <string key="format">application/alto+xml</string>
                        <string key="profile">http://www.loc.gov/standards/alto</string>
                    </map>
                    <string key="label">39</string>
                    <string key="thumbnail"
                        >https://www.nb.no/services/image/resolver/URN:NBN:no-nb_digibok_2016101048158_0041/full/72,0/0/native.jpg</string>
                    <number key="height">3004</number>
                    <number key="width">1798</number>
                    <array key="images">
                        <map>
                            <string key="@id"
                                >https://api.nb.no/catalog/v1/iiif/51a97ce22ce73c66bfa9d73a16064250/annotation/URN:NBN:no-nb_digibok_2016101048158_0041</string>
                            <string key="@type">oa:Annotation</string>
                            <string key="motivation">sc:painting</string>
                            <map key="resource">
                                <string key="@id">URN:NBN:no-nb_digibok_2016101048158_0041</string>
                                <string key="@type">dctypes:Image</string>
                                <string key="format">image/jpeg</string>
                                <map key="service">
                                    <string key="@context"
                                        >http://iiif.io/api/image/2/context.json</string>
                                    <string key="@id"
                                        >https://www.nb.no/services/image/resolver/URN:NBN:no-nb_digibok_2016101048158_0041</string>
                                    <string key="protocol">http://iiif.io/api/image</string>
                                    <number key="width">1798</number>
                                    <number key="height">3004</number>
                                    <array key="sizes">
                                        <map>
                                            <number key="width">899</number>
                                            <number key="height">1502</number>
                                        </map>
                                        <map>
                                            <number key="width">449</number>
                                            <number key="height">751</number>
                                        </map>
                                        <map>
                                            <number key="width">224</number>
                                            <number key="height">375</number>
                                        </map>
                                        <map>
                                            <number key="width">112</number>
                                            <number key="height">187</number>
                                        </map>
                                    </array>
                                    <array key="tiles">
                                        <map>
                                            <number key="width">1024</number>
                                            <array key="scaleFactors">
                                                <number>1</number>
                                                <number>2</number>
                                                <number>4</number>
                                                <number>8</number>
                                                <number>16</number>
                                            </array>
                                        </map>
                                    </array>
                                    <string key="profile"
                                        >http://iiif.io/api/image/2/level1.json</string>
                                    <map key="service">
                                        <string key="@context"
                                            >http://iiif.io/api/annex/service/physdim/1/context.json</string>
                                        <string key="profile"
                                            >http://iiif.io/api/annex/service/physdim</string>
                                        <number key="physicalScale">0.0025</number>
                                        <string key="physicalUnits">in</string>
                                    </map>
                                </map>
                                <number key="height">3004</number>
                                <number key="width">1798</number>
                            </map>
                            <string key="on"
                                >https://api.nb.no/catalog/v1/iiif/51a97ce22ce73c66bfa9d73a16064250/canvas/URN:NBN:no-nb_digibok_2016101048158_0041</string>
                        </map>
                    </array>
                </map>
                <map>
                    <string key="@id"
                        >https://api.nb.no/catalog/v1/iiif/51a97ce22ce73c66bfa9d73a16064250/canvas/URN:NBN:no-nb_digibok_2016101048158_0042</string>
                    <string key="@type">sc:Canvas</string>
                    <map key="@seeAlso">
                        <string key="id"
                            >https://api.nb.no:443/catalog/v1/metadata/51a97ce22ce73c66bfa9d73a16064250/altos/URN:NBN:no-nb_digibok_2016101048158_0042</string>
                        <string key="format">application/alto+xml</string>
                        <string key="profile">http://www.loc.gov/standards/alto</string>
                    </map>
                    <string key="label">40</string>
                    <string key="thumbnail"
                        >https://www.nb.no/services/image/resolver/URN:NBN:no-nb_digibok_2016101048158_0042/full/72,0/0/native.jpg</string>
                    <number key="height">3004</number>
                    <number key="width">1798</number>
                    <array key="images">
                        <map>
                            <string key="@id"
                                >https://api.nb.no/catalog/v1/iiif/51a97ce22ce73c66bfa9d73a16064250/annotation/URN:NBN:no-nb_digibok_2016101048158_0042</string>
                            <string key="@type">oa:Annotation</string>
                            <string key="motivation">sc:painting</string>
                            <map key="resource">
                                <string key="@id">URN:NBN:no-nb_digibok_2016101048158_0042</string>
                                <string key="@type">dctypes:Image</string>
                                <string key="format">image/jpeg</string>
                                <map key="service">
                                    <string key="@context"
                                        >http://iiif.io/api/image/2/context.json</string>
                                    <string key="@id"
                                        >https://www.nb.no/services/image/resolver/URN:NBN:no-nb_digibok_2016101048158_0042</string>
                                    <string key="protocol">http://iiif.io/api/image</string>
                                    <number key="width">1798</number>
                                    <number key="height">3004</number>
                                    <array key="sizes">
                                        <map>
                                            <number key="width">899</number>
                                            <number key="height">1502</number>
                                        </map>
                                        <map>
                                            <number key="width">449</number>
                                            <number key="height">751</number>
                                        </map>
                                        <map>
                                            <number key="width">224</number>
                                            <number key="height">375</number>
                                        </map>
                                        <map>
                                            <number key="width">112</number>
                                            <number key="height">187</number>
                                        </map>
                                    </array>
                                    <array key="tiles">
                                        <map>
                                            <number key="width">1024</number>
                                            <array key="scaleFactors">
                                                <number>1</number>
                                                <number>2</number>
                                                <number>4</number>
                                                <number>8</number>
                                                <number>16</number>
                                            </array>
                                        </map>
                                    </array>
                                    <string key="profile"
                                        >http://iiif.io/api/image/2/level1.json</string>
                                    <map key="service">
                                        <string key="@context"
                                            >http://iiif.io/api/annex/service/physdim/1/context.json</string>
                                        <string key="profile"
                                            >http://iiif.io/api/annex/service/physdim</string>
                                        <number key="physicalScale">0.0025</number>
                                        <string key="physicalUnits">in</string>
                                    </map>
                                </map>
                                <number key="height">3004</number>
                                <number key="width">1798</number>
                            </map>
                            <string key="on"
                                >https://api.nb.no/catalog/v1/iiif/51a97ce22ce73c66bfa9d73a16064250/canvas/URN:NBN:no-nb_digibok_2016101048158_0042</string>
                        </map>
                    </array>
                </map>
                <map>
                    <string key="@id"
                        >https://api.nb.no/catalog/v1/iiif/51a97ce22ce73c66bfa9d73a16064250/canvas/URN:NBN:no-nb_digibok_2016101048158_0043</string>
                    <string key="@type">sc:Canvas</string>
                    <map key="@seeAlso">
                        <string key="id"
                            >https://api.nb.no:443/catalog/v1/metadata/51a97ce22ce73c66bfa9d73a16064250/altos/URN:NBN:no-nb_digibok_2016101048158_0043</string>
                        <string key="format">application/alto+xml</string>
                        <string key="profile">http://www.loc.gov/standards/alto</string>
                    </map>
                    <string key="label">41</string>
                    <string key="thumbnail"
                        >https://www.nb.no/services/image/resolver/URN:NBN:no-nb_digibok_2016101048158_0043/full/72,0/0/native.jpg</string>
                    <number key="height">3004</number>
                    <number key="width">1798</number>
                    <array key="images">
                        <map>
                            <string key="@id"
                                >https://api.nb.no/catalog/v1/iiif/51a97ce22ce73c66bfa9d73a16064250/annotation/URN:NBN:no-nb_digibok_2016101048158_0043</string>
                            <string key="@type">oa:Annotation</string>
                            <string key="motivation">sc:painting</string>
                            <map key="resource">
                                <string key="@id">URN:NBN:no-nb_digibok_2016101048158_0043</string>
                                <string key="@type">dctypes:Image</string>
                                <string key="format">image/jpeg</string>
                                <map key="service">
                                    <string key="@context"
                                        >http://iiif.io/api/image/2/context.json</string>
                                    <string key="@id"
                                        >https://www.nb.no/services/image/resolver/URN:NBN:no-nb_digibok_2016101048158_0043</string>
                                    <string key="protocol">http://iiif.io/api/image</string>
                                    <number key="width">1798</number>
                                    <number key="height">3004</number>
                                    <array key="sizes">
                                        <map>
                                            <number key="width">899</number>
                                            <number key="height">1502</number>
                                        </map>
                                        <map>
                                            <number key="width">449</number>
                                            <number key="height">751</number>
                                        </map>
                                        <map>
                                            <number key="width">224</number>
                                            <number key="height">375</number>
                                        </map>
                                        <map>
                                            <number key="width">112</number>
                                            <number key="height">187</number>
                                        </map>
                                    </array>
                                    <array key="tiles">
                                        <map>
                                            <number key="width">1024</number>
                                            <array key="scaleFactors">
                                                <number>1</number>
                                                <number>2</number>
                                                <number>4</number>
                                                <number>8</number>
                                                <number>16</number>
                                            </array>
                                        </map>
                                    </array>
                                    <string key="profile"
                                        >http://iiif.io/api/image/2/level1.json</string>
                                    <map key="service">
                                        <string key="@context"
                                            >http://iiif.io/api/annex/service/physdim/1/context.json</string>
                                        <string key="profile"
                                            >http://iiif.io/api/annex/service/physdim</string>
                                        <number key="physicalScale">0.0025</number>
                                        <string key="physicalUnits">in</string>
                                    </map>
                                </map>
                                <number key="height">3004</number>
                                <number key="width">1798</number>
                            </map>
                            <string key="on"
                                >https://api.nb.no/catalog/v1/iiif/51a97ce22ce73c66bfa9d73a16064250/canvas/URN:NBN:no-nb_digibok_2016101048158_0043</string>
                        </map>
                    </array>
                </map>
                <map>
                    <string key="@id"
                        >https://api.nb.no/catalog/v1/iiif/51a97ce22ce73c66bfa9d73a16064250/canvas/URN:NBN:no-nb_digibok_2016101048158_0044</string>
                    <string key="@type">sc:Canvas</string>
                    <map key="@seeAlso">
                        <string key="id"
                            >https://api.nb.no:443/catalog/v1/metadata/51a97ce22ce73c66bfa9d73a16064250/altos/URN:NBN:no-nb_digibok_2016101048158_0044</string>
                        <string key="format">application/alto+xml</string>
                        <string key="profile">http://www.loc.gov/standards/alto</string>
                    </map>
                    <string key="label">42</string>
                    <string key="thumbnail"
                        >https://www.nb.no/services/image/resolver/URN:NBN:no-nb_digibok_2016101048158_0044/full/72,0/0/native.jpg</string>
                    <number key="height">3004</number>
                    <number key="width">1798</number>
                    <array key="images">
                        <map>
                            <string key="@id"
                                >https://api.nb.no/catalog/v1/iiif/51a97ce22ce73c66bfa9d73a16064250/annotation/URN:NBN:no-nb_digibok_2016101048158_0044</string>
                            <string key="@type">oa:Annotation</string>
                            <string key="motivation">sc:painting</string>
                            <map key="resource">
                                <string key="@id">URN:NBN:no-nb_digibok_2016101048158_0044</string>
                                <string key="@type">dctypes:Image</string>
                                <string key="format">image/jpeg</string>
                                <map key="service">
                                    <string key="@context"
                                        >http://iiif.io/api/image/2/context.json</string>
                                    <string key="@id"
                                        >https://www.nb.no/services/image/resolver/URN:NBN:no-nb_digibok_2016101048158_0044</string>
                                    <string key="protocol">http://iiif.io/api/image</string>
                                    <number key="width">1798</number>
                                    <number key="height">3004</number>
                                    <array key="sizes">
                                        <map>
                                            <number key="width">899</number>
                                            <number key="height">1502</number>
                                        </map>
                                        <map>
                                            <number key="width">449</number>
                                            <number key="height">751</number>
                                        </map>
                                        <map>
                                            <number key="width">224</number>
                                            <number key="height">375</number>
                                        </map>
                                        <map>
                                            <number key="width">112</number>
                                            <number key="height">187</number>
                                        </map>
                                    </array>
                                    <array key="tiles">
                                        <map>
                                            <number key="width">1024</number>
                                            <array key="scaleFactors">
                                                <number>1</number>
                                                <number>2</number>
                                                <number>4</number>
                                                <number>8</number>
                                                <number>16</number>
                                            </array>
                                        </map>
                                    </array>
                                    <string key="profile"
                                        >http://iiif.io/api/image/2/level1.json</string>
                                    <map key="service">
                                        <string key="@context"
                                            >http://iiif.io/api/annex/service/physdim/1/context.json</string>
                                        <string key="profile"
                                            >http://iiif.io/api/annex/service/physdim</string>
                                        <number key="physicalScale">0.0025</number>
                                        <string key="physicalUnits">in</string>
                                    </map>
                                </map>
                                <number key="height">3004</number>
                                <number key="width">1798</number>
                            </map>
                            <string key="on"
                                >https://api.nb.no/catalog/v1/iiif/51a97ce22ce73c66bfa9d73a16064250/canvas/URN:NBN:no-nb_digibok_2016101048158_0044</string>
                        </map>
                    </array>
                </map>
                <map>
                    <string key="@id"
                        >https://api.nb.no/catalog/v1/iiif/51a97ce22ce73c66bfa9d73a16064250/canvas/URN:NBN:no-nb_digibok_2016101048158_0045</string>
                    <string key="@type">sc:Canvas</string>
                    <map key="@seeAlso">
                        <string key="id"
                            >https://api.nb.no:443/catalog/v1/metadata/51a97ce22ce73c66bfa9d73a16064250/altos/URN:NBN:no-nb_digibok_2016101048158_0045</string>
                        <string key="format">application/alto+xml</string>
                        <string key="profile">http://www.loc.gov/standards/alto</string>
                    </map>
                    <string key="label">43</string>
                    <string key="thumbnail"
                        >https://www.nb.no/services/image/resolver/URN:NBN:no-nb_digibok_2016101048158_0045/full/72,0/0/native.jpg</string>
                    <number key="height">3004</number>
                    <number key="width">1798</number>
                    <array key="images">
                        <map>
                            <string key="@id"
                                >https://api.nb.no/catalog/v1/iiif/51a97ce22ce73c66bfa9d73a16064250/annotation/URN:NBN:no-nb_digibok_2016101048158_0045</string>
                            <string key="@type">oa:Annotation</string>
                            <string key="motivation">sc:painting</string>
                            <map key="resource">
                                <string key="@id">URN:NBN:no-nb_digibok_2016101048158_0045</string>
                                <string key="@type">dctypes:Image</string>
                                <string key="format">image/jpeg</string>
                                <map key="service">
                                    <string key="@context"
                                        >http://iiif.io/api/image/2/context.json</string>
                                    <string key="@id"
                                        >https://www.nb.no/services/image/resolver/URN:NBN:no-nb_digibok_2016101048158_0045</string>
                                    <string key="protocol">http://iiif.io/api/image</string>
                                    <number key="width">1798</number>
                                    <number key="height">3004</number>
                                    <array key="sizes">
                                        <map>
                                            <number key="width">899</number>
                                            <number key="height">1502</number>
                                        </map>
                                        <map>
                                            <number key="width">449</number>
                                            <number key="height">751</number>
                                        </map>
                                        <map>
                                            <number key="width">224</number>
                                            <number key="height">375</number>
                                        </map>
                                        <map>
                                            <number key="width">112</number>
                                            <number key="height">187</number>
                                        </map>
                                    </array>
                                    <array key="tiles">
                                        <map>
                                            <number key="width">1024</number>
                                            <array key="scaleFactors">
                                                <number>1</number>
                                                <number>2</number>
                                                <number>4</number>
                                                <number>8</number>
                                                <number>16</number>
                                            </array>
                                        </map>
                                    </array>
                                    <string key="profile"
                                        >http://iiif.io/api/image/2/level1.json</string>
                                    <map key="service">
                                        <string key="@context"
                                            >http://iiif.io/api/annex/service/physdim/1/context.json</string>
                                        <string key="profile"
                                            >http://iiif.io/api/annex/service/physdim</string>
                                        <number key="physicalScale">0.0025</number>
                                        <string key="physicalUnits">in</string>
                                    </map>
                                </map>
                                <number key="height">3004</number>
                                <number key="width">1798</number>
                            </map>
                            <string key="on"
                                >https://api.nb.no/catalog/v1/iiif/51a97ce22ce73c66bfa9d73a16064250/canvas/URN:NBN:no-nb_digibok_2016101048158_0045</string>
                        </map>
                    </array>
                </map>
                <map>
                    <string key="@id"
                        >https://api.nb.no/catalog/v1/iiif/51a97ce22ce73c66bfa9d73a16064250/canvas/URN:NBN:no-nb_digibok_2016101048158_0046</string>
                    <string key="@type">sc:Canvas</string>
                    <map key="@seeAlso">
                        <string key="id"
                            >https://api.nb.no:443/catalog/v1/metadata/51a97ce22ce73c66bfa9d73a16064250/altos/URN:NBN:no-nb_digibok_2016101048158_0046</string>
                        <string key="format">application/alto+xml</string>
                        <string key="profile">http://www.loc.gov/standards/alto</string>
                    </map>
                    <string key="label">44</string>
                    <string key="thumbnail"
                        >https://www.nb.no/services/image/resolver/URN:NBN:no-nb_digibok_2016101048158_0046/full/72,0/0/native.jpg</string>
                    <number key="height">3004</number>
                    <number key="width">1798</number>
                    <array key="images">
                        <map>
                            <string key="@id"
                                >https://api.nb.no/catalog/v1/iiif/51a97ce22ce73c66bfa9d73a16064250/annotation/URN:NBN:no-nb_digibok_2016101048158_0046</string>
                            <string key="@type">oa:Annotation</string>
                            <string key="motivation">sc:painting</string>
                            <map key="resource">
                                <string key="@id">URN:NBN:no-nb_digibok_2016101048158_0046</string>
                                <string key="@type">dctypes:Image</string>
                                <string key="format">image/jpeg</string>
                                <map key="service">
                                    <string key="@context"
                                        >http://iiif.io/api/image/2/context.json</string>
                                    <string key="@id"
                                        >https://www.nb.no/services/image/resolver/URN:NBN:no-nb_digibok_2016101048158_0046</string>
                                    <string key="protocol">http://iiif.io/api/image</string>
                                    <number key="width">1798</number>
                                    <number key="height">3004</number>
                                    <array key="sizes">
                                        <map>
                                            <number key="width">899</number>
                                            <number key="height">1502</number>
                                        </map>
                                        <map>
                                            <number key="width">449</number>
                                            <number key="height">751</number>
                                        </map>
                                        <map>
                                            <number key="width">224</number>
                                            <number key="height">375</number>
                                        </map>
                                        <map>
                                            <number key="width">112</number>
                                            <number key="height">187</number>
                                        </map>
                                    </array>
                                    <array key="tiles">
                                        <map>
                                            <number key="width">1024</number>
                                            <array key="scaleFactors">
                                                <number>1</number>
                                                <number>2</number>
                                                <number>4</number>
                                                <number>8</number>
                                                <number>16</number>
                                            </array>
                                        </map>
                                    </array>
                                    <string key="profile"
                                        >http://iiif.io/api/image/2/level1.json</string>
                                    <map key="service">
                                        <string key="@context"
                                            >http://iiif.io/api/annex/service/physdim/1/context.json</string>
                                        <string key="profile"
                                            >http://iiif.io/api/annex/service/physdim</string>
                                        <number key="physicalScale">0.0025</number>
                                        <string key="physicalUnits">in</string>
                                    </map>
                                </map>
                                <number key="height">3004</number>
                                <number key="width">1798</number>
                            </map>
                            <string key="on"
                                >https://api.nb.no/catalog/v1/iiif/51a97ce22ce73c66bfa9d73a16064250/canvas/URN:NBN:no-nb_digibok_2016101048158_0046</string>
                        </map>
                    </array>
                </map>
                <map>
                    <string key="@id"
                        >https://api.nb.no/catalog/v1/iiif/51a97ce22ce73c66bfa9d73a16064250/canvas/URN:NBN:no-nb_digibok_2016101048158_0047</string>
                    <string key="@type">sc:Canvas</string>
                    <map key="@seeAlso">
                        <string key="id"
                            >https://api.nb.no:443/catalog/v1/metadata/51a97ce22ce73c66bfa9d73a16064250/altos/URN:NBN:no-nb_digibok_2016101048158_0047</string>
                        <string key="format">application/alto+xml</string>
                        <string key="profile">http://www.loc.gov/standards/alto</string>
                    </map>
                    <string key="label">45</string>
                    <string key="thumbnail"
                        >https://www.nb.no/services/image/resolver/URN:NBN:no-nb_digibok_2016101048158_0047/full/72,0/0/native.jpg</string>
                    <number key="height">3004</number>
                    <number key="width">1798</number>
                    <array key="images">
                        <map>
                            <string key="@id"
                                >https://api.nb.no/catalog/v1/iiif/51a97ce22ce73c66bfa9d73a16064250/annotation/URN:NBN:no-nb_digibok_2016101048158_0047</string>
                            <string key="@type">oa:Annotation</string>
                            <string key="motivation">sc:painting</string>
                            <map key="resource">
                                <string key="@id">URN:NBN:no-nb_digibok_2016101048158_0047</string>
                                <string key="@type">dctypes:Image</string>
                                <string key="format">image/jpeg</string>
                                <map key="service">
                                    <string key="@context"
                                        >http://iiif.io/api/image/2/context.json</string>
                                    <string key="@id"
                                        >https://www.nb.no/services/image/resolver/URN:NBN:no-nb_digibok_2016101048158_0047</string>
                                    <string key="protocol">http://iiif.io/api/image</string>
                                    <number key="width">1798</number>
                                    <number key="height">3004</number>
                                    <array key="sizes">
                                        <map>
                                            <number key="width">899</number>
                                            <number key="height">1502</number>
                                        </map>
                                        <map>
                                            <number key="width">449</number>
                                            <number key="height">751</number>
                                        </map>
                                        <map>
                                            <number key="width">224</number>
                                            <number key="height">375</number>
                                        </map>
                                        <map>
                                            <number key="width">112</number>
                                            <number key="height">187</number>
                                        </map>
                                    </array>
                                    <array key="tiles">
                                        <map>
                                            <number key="width">1024</number>
                                            <array key="scaleFactors">
                                                <number>1</number>
                                                <number>2</number>
                                                <number>4</number>
                                                <number>8</number>
                                                <number>16</number>
                                            </array>
                                        </map>
                                    </array>
                                    <string key="profile"
                                        >http://iiif.io/api/image/2/level1.json</string>
                                    <map key="service">
                                        <string key="@context"
                                            >http://iiif.io/api/annex/service/physdim/1/context.json</string>
                                        <string key="profile"
                                            >http://iiif.io/api/annex/service/physdim</string>
                                        <number key="physicalScale">0.0025</number>
                                        <string key="physicalUnits">in</string>
                                    </map>
                                </map>
                                <number key="height">3004</number>
                                <number key="width">1798</number>
                            </map>
                            <string key="on"
                                >https://api.nb.no/catalog/v1/iiif/51a97ce22ce73c66bfa9d73a16064250/canvas/URN:NBN:no-nb_digibok_2016101048158_0047</string>
                        </map>
                    </array>
                </map>
                <map>
                    <string key="@id"
                        >https://api.nb.no/catalog/v1/iiif/51a97ce22ce73c66bfa9d73a16064250/canvas/URN:NBN:no-nb_digibok_2016101048158_0048</string>
                    <string key="@type">sc:Canvas</string>
                    <map key="@seeAlso">
                        <string key="id"
                            >https://api.nb.no:443/catalog/v1/metadata/51a97ce22ce73c66bfa9d73a16064250/altos/URN:NBN:no-nb_digibok_2016101048158_0048</string>
                        <string key="format">application/alto+xml</string>
                        <string key="profile">http://www.loc.gov/standards/alto</string>
                    </map>
                    <string key="label">46</string>
                    <string key="thumbnail"
                        >https://www.nb.no/services/image/resolver/URN:NBN:no-nb_digibok_2016101048158_0048/full/72,0/0/native.jpg</string>
                    <number key="height">3004</number>
                    <number key="width">1798</number>
                    <array key="images">
                        <map>
                            <string key="@id"
                                >https://api.nb.no/catalog/v1/iiif/51a97ce22ce73c66bfa9d73a16064250/annotation/URN:NBN:no-nb_digibok_2016101048158_0048</string>
                            <string key="@type">oa:Annotation</string>
                            <string key="motivation">sc:painting</string>
                            <map key="resource">
                                <string key="@id">URN:NBN:no-nb_digibok_2016101048158_0048</string>
                                <string key="@type">dctypes:Image</string>
                                <string key="format">image/jpeg</string>
                                <map key="service">
                                    <string key="@context"
                                        >http://iiif.io/api/image/2/context.json</string>
                                    <string key="@id"
                                        >https://www.nb.no/services/image/resolver/URN:NBN:no-nb_digibok_2016101048158_0048</string>
                                    <string key="protocol">http://iiif.io/api/image</string>
                                    <number key="width">1798</number>
                                    <number key="height">3004</number>
                                    <array key="sizes">
                                        <map>
                                            <number key="width">899</number>
                                            <number key="height">1502</number>
                                        </map>
                                        <map>
                                            <number key="width">449</number>
                                            <number key="height">751</number>
                                        </map>
                                        <map>
                                            <number key="width">224</number>
                                            <number key="height">375</number>
                                        </map>
                                        <map>
                                            <number key="width">112</number>
                                            <number key="height">187</number>
                                        </map>
                                    </array>
                                    <array key="tiles">
                                        <map>
                                            <number key="width">1024</number>
                                            <array key="scaleFactors">
                                                <number>1</number>
                                                <number>2</number>
                                                <number>4</number>
                                                <number>8</number>
                                                <number>16</number>
                                            </array>
                                        </map>
                                    </array>
                                    <string key="profile"
                                        >http://iiif.io/api/image/2/level1.json</string>
                                    <map key="service">
                                        <string key="@context"
                                            >http://iiif.io/api/annex/service/physdim/1/context.json</string>
                                        <string key="profile"
                                            >http://iiif.io/api/annex/service/physdim</string>
                                        <number key="physicalScale">0.0025</number>
                                        <string key="physicalUnits">in</string>
                                    </map>
                                </map>
                                <number key="height">3004</number>
                                <number key="width">1798</number>
                            </map>
                            <string key="on"
                                >https://api.nb.no/catalog/v1/iiif/51a97ce22ce73c66bfa9d73a16064250/canvas/URN:NBN:no-nb_digibok_2016101048158_0048</string>
                        </map>
                    </array>
                </map>
                <map>
                    <string key="@id"
                        >https://api.nb.no/catalog/v1/iiif/51a97ce22ce73c66bfa9d73a16064250/canvas/URN:NBN:no-nb_digibok_2016101048158_0049</string>
                    <string key="@type">sc:Canvas</string>
                    <map key="@seeAlso">
                        <string key="id"
                            >https://api.nb.no:443/catalog/v1/metadata/51a97ce22ce73c66bfa9d73a16064250/altos/URN:NBN:no-nb_digibok_2016101048158_0049</string>
                        <string key="format">application/alto+xml</string>
                        <string key="profile">http://www.loc.gov/standards/alto</string>
                    </map>
                    <string key="label">47</string>
                    <string key="thumbnail"
                        >https://www.nb.no/services/image/resolver/URN:NBN:no-nb_digibok_2016101048158_0049/full/72,0/0/native.jpg</string>
                    <number key="height">3004</number>
                    <number key="width">1798</number>
                    <array key="images">
                        <map>
                            <string key="@id"
                                >https://api.nb.no/catalog/v1/iiif/51a97ce22ce73c66bfa9d73a16064250/annotation/URN:NBN:no-nb_digibok_2016101048158_0049</string>
                            <string key="@type">oa:Annotation</string>
                            <string key="motivation">sc:painting</string>
                            <map key="resource">
                                <string key="@id">URN:NBN:no-nb_digibok_2016101048158_0049</string>
                                <string key="@type">dctypes:Image</string>
                                <string key="format">image/jpeg</string>
                                <map key="service">
                                    <string key="@context"
                                        >http://iiif.io/api/image/2/context.json</string>
                                    <string key="@id"
                                        >https://www.nb.no/services/image/resolver/URN:NBN:no-nb_digibok_2016101048158_0049</string>
                                    <string key="protocol">http://iiif.io/api/image</string>
                                    <number key="width">1798</number>
                                    <number key="height">3004</number>
                                    <array key="sizes">
                                        <map>
                                            <number key="width">899</number>
                                            <number key="height">1502</number>
                                        </map>
                                        <map>
                                            <number key="width">449</number>
                                            <number key="height">751</number>
                                        </map>
                                        <map>
                                            <number key="width">224</number>
                                            <number key="height">375</number>
                                        </map>
                                        <map>
                                            <number key="width">112</number>
                                            <number key="height">187</number>
                                        </map>
                                    </array>
                                    <array key="tiles">
                                        <map>
                                            <number key="width">1024</number>
                                            <array key="scaleFactors">
                                                <number>1</number>
                                                <number>2</number>
                                                <number>4</number>
                                                <number>8</number>
                                                <number>16</number>
                                            </array>
                                        </map>
                                    </array>
                                    <string key="profile"
                                        >http://iiif.io/api/image/2/level1.json</string>
                                    <map key="service">
                                        <string key="@context"
                                            >http://iiif.io/api/annex/service/physdim/1/context.json</string>
                                        <string key="profile"
                                            >http://iiif.io/api/annex/service/physdim</string>
                                        <number key="physicalScale">0.0025</number>
                                        <string key="physicalUnits">in</string>
                                    </map>
                                </map>
                                <number key="height">3004</number>
                                <number key="width">1798</number>
                            </map>
                            <string key="on"
                                >https://api.nb.no/catalog/v1/iiif/51a97ce22ce73c66bfa9d73a16064250/canvas/URN:NBN:no-nb_digibok_2016101048158_0049</string>
                        </map>
                    </array>
                </map>
                <map>
                    <string key="@id"
                        >https://api.nb.no/catalog/v1/iiif/51a97ce22ce73c66bfa9d73a16064250/canvas/URN:NBN:no-nb_digibok_2016101048158_0050</string>
                    <string key="@type">sc:Canvas</string>
                    <map key="@seeAlso">
                        <string key="id"
                            >https://api.nb.no:443/catalog/v1/metadata/51a97ce22ce73c66bfa9d73a16064250/altos/URN:NBN:no-nb_digibok_2016101048158_0050</string>
                        <string key="format">application/alto+xml</string>
                        <string key="profile">http://www.loc.gov/standards/alto</string>
                    </map>
                    <string key="label">48</string>
                    <string key="thumbnail"
                        >https://www.nb.no/services/image/resolver/URN:NBN:no-nb_digibok_2016101048158_0050/full/72,0/0/native.jpg</string>
                    <number key="height">3004</number>
                    <number key="width">1798</number>
                    <array key="images">
                        <map>
                            <string key="@id"
                                >https://api.nb.no/catalog/v1/iiif/51a97ce22ce73c66bfa9d73a16064250/annotation/URN:NBN:no-nb_digibok_2016101048158_0050</string>
                            <string key="@type">oa:Annotation</string>
                            <string key="motivation">sc:painting</string>
                            <map key="resource">
                                <string key="@id">URN:NBN:no-nb_digibok_2016101048158_0050</string>
                                <string key="@type">dctypes:Image</string>
                                <string key="format">image/jpeg</string>
                                <map key="service">
                                    <string key="@context"
                                        >http://iiif.io/api/image/2/context.json</string>
                                    <string key="@id"
                                        >https://www.nb.no/services/image/resolver/URN:NBN:no-nb_digibok_2016101048158_0050</string>
                                    <string key="protocol">http://iiif.io/api/image</string>
                                    <number key="width">1798</number>
                                    <number key="height">3004</number>
                                    <array key="sizes">
                                        <map>
                                            <number key="width">899</number>
                                            <number key="height">1502</number>
                                        </map>
                                        <map>
                                            <number key="width">449</number>
                                            <number key="height">751</number>
                                        </map>
                                        <map>
                                            <number key="width">224</number>
                                            <number key="height">375</number>
                                        </map>
                                        <map>
                                            <number key="width">112</number>
                                            <number key="height">187</number>
                                        </map>
                                    </array>
                                    <array key="tiles">
                                        <map>
                                            <number key="width">1024</number>
                                            <array key="scaleFactors">
                                                <number>1</number>
                                                <number>2</number>
                                                <number>4</number>
                                                <number>8</number>
                                                <number>16</number>
                                            </array>
                                        </map>
                                    </array>
                                    <string key="profile"
                                        >http://iiif.io/api/image/2/level1.json</string>
                                    <map key="service">
                                        <string key="@context"
                                            >http://iiif.io/api/annex/service/physdim/1/context.json</string>
                                        <string key="profile"
                                            >http://iiif.io/api/annex/service/physdim</string>
                                        <number key="physicalScale">0.0025</number>
                                        <string key="physicalUnits">in</string>
                                    </map>
                                </map>
                                <number key="height">3004</number>
                                <number key="width">1798</number>
                            </map>
                            <string key="on"
                                >https://api.nb.no/catalog/v1/iiif/51a97ce22ce73c66bfa9d73a16064250/canvas/URN:NBN:no-nb_digibok_2016101048158_0050</string>
                        </map>
                    </array>
                </map>
                <map>
                    <string key="@id"
                        >https://api.nb.no/catalog/v1/iiif/51a97ce22ce73c66bfa9d73a16064250/canvas/URN:NBN:no-nb_digibok_2016101048158_0051</string>
                    <string key="@type">sc:Canvas</string>
                    <map key="@seeAlso">
                        <string key="id"
                            >https://api.nb.no:443/catalog/v1/metadata/51a97ce22ce73c66bfa9d73a16064250/altos/URN:NBN:no-nb_digibok_2016101048158_0051</string>
                        <string key="format">application/alto+xml</string>
                        <string key="profile">http://www.loc.gov/standards/alto</string>
                    </map>
                    <string key="label">49</string>
                    <string key="thumbnail"
                        >https://www.nb.no/services/image/resolver/URN:NBN:no-nb_digibok_2016101048158_0051/full/72,0/0/native.jpg</string>
                    <number key="height">3004</number>
                    <number key="width">1798</number>
                    <array key="images">
                        <map>
                            <string key="@id"
                                >https://api.nb.no/catalog/v1/iiif/51a97ce22ce73c66bfa9d73a16064250/annotation/URN:NBN:no-nb_digibok_2016101048158_0051</string>
                            <string key="@type">oa:Annotation</string>
                            <string key="motivation">sc:painting</string>
                            <map key="resource">
                                <string key="@id">URN:NBN:no-nb_digibok_2016101048158_0051</string>
                                <string key="@type">dctypes:Image</string>
                                <string key="format">image/jpeg</string>
                                <map key="service">
                                    <string key="@context"
                                        >http://iiif.io/api/image/2/context.json</string>
                                    <string key="@id"
                                        >https://www.nb.no/services/image/resolver/URN:NBN:no-nb_digibok_2016101048158_0051</string>
                                    <string key="protocol">http://iiif.io/api/image</string>
                                    <number key="width">1798</number>
                                    <number key="height">3004</number>
                                    <array key="sizes">
                                        <map>
                                            <number key="width">899</number>
                                            <number key="height">1502</number>
                                        </map>
                                        <map>
                                            <number key="width">449</number>
                                            <number key="height">751</number>
                                        </map>
                                        <map>
                                            <number key="width">224</number>
                                            <number key="height">375</number>
                                        </map>
                                        <map>
                                            <number key="width">112</number>
                                            <number key="height">187</number>
                                        </map>
                                    </array>
                                    <array key="tiles">
                                        <map>
                                            <number key="width">1024</number>
                                            <array key="scaleFactors">
                                                <number>1</number>
                                                <number>2</number>
                                                <number>4</number>
                                                <number>8</number>
                                                <number>16</number>
                                            </array>
                                        </map>
                                    </array>
                                    <string key="profile"
                                        >http://iiif.io/api/image/2/level1.json</string>
                                    <map key="service">
                                        <string key="@context"
                                            >http://iiif.io/api/annex/service/physdim/1/context.json</string>
                                        <string key="profile"
                                            >http://iiif.io/api/annex/service/physdim</string>
                                        <number key="physicalScale">0.0025</number>
                                        <string key="physicalUnits">in</string>
                                    </map>
                                </map>
                                <number key="height">3004</number>
                                <number key="width">1798</number>
                            </map>
                            <string key="on"
                                >https://api.nb.no/catalog/v1/iiif/51a97ce22ce73c66bfa9d73a16064250/canvas/URN:NBN:no-nb_digibok_2016101048158_0051</string>
                        </map>
                    </array>
                </map>
                <map>
                    <string key="@id"
                        >https://api.nb.no/catalog/v1/iiif/51a97ce22ce73c66bfa9d73a16064250/canvas/URN:NBN:no-nb_digibok_2016101048158_0052</string>
                    <string key="@type">sc:Canvas</string>
                    <map key="@seeAlso">
                        <string key="id"
                            >https://api.nb.no:443/catalog/v1/metadata/51a97ce22ce73c66bfa9d73a16064250/altos/URN:NBN:no-nb_digibok_2016101048158_0052</string>
                        <string key="format">application/alto+xml</string>
                        <string key="profile">http://www.loc.gov/standards/alto</string>
                    </map>
                    <string key="label">50</string>
                    <string key="thumbnail"
                        >https://www.nb.no/services/image/resolver/URN:NBN:no-nb_digibok_2016101048158_0052/full/72,0/0/native.jpg</string>
                    <number key="height">3004</number>
                    <number key="width">1798</number>
                    <array key="images">
                        <map>
                            <string key="@id"
                                >https://api.nb.no/catalog/v1/iiif/51a97ce22ce73c66bfa9d73a16064250/annotation/URN:NBN:no-nb_digibok_2016101048158_0052</string>
                            <string key="@type">oa:Annotation</string>
                            <string key="motivation">sc:painting</string>
                            <map key="resource">
                                <string key="@id">URN:NBN:no-nb_digibok_2016101048158_0052</string>
                                <string key="@type">dctypes:Image</string>
                                <string key="format">image/jpeg</string>
                                <map key="service">
                                    <string key="@context"
                                        >http://iiif.io/api/image/2/context.json</string>
                                    <string key="@id"
                                        >https://www.nb.no/services/image/resolver/URN:NBN:no-nb_digibok_2016101048158_0052</string>
                                    <string key="protocol">http://iiif.io/api/image</string>
                                    <number key="width">1798</number>
                                    <number key="height">3004</number>
                                    <array key="sizes">
                                        <map>
                                            <number key="width">899</number>
                                            <number key="height">1502</number>
                                        </map>
                                        <map>
                                            <number key="width">449</number>
                                            <number key="height">751</number>
                                        </map>
                                        <map>
                                            <number key="width">224</number>
                                            <number key="height">375</number>
                                        </map>
                                        <map>
                                            <number key="width">112</number>
                                            <number key="height">187</number>
                                        </map>
                                    </array>
                                    <array key="tiles">
                                        <map>
                                            <number key="width">1024</number>
                                            <array key="scaleFactors">
                                                <number>1</number>
                                                <number>2</number>
                                                <number>4</number>
                                                <number>8</number>
                                                <number>16</number>
                                            </array>
                                        </map>
                                    </array>
                                    <string key="profile"
                                        >http://iiif.io/api/image/2/level1.json</string>
                                    <map key="service">
                                        <string key="@context"
                                            >http://iiif.io/api/annex/service/physdim/1/context.json</string>
                                        <string key="profile"
                                            >http://iiif.io/api/annex/service/physdim</string>
                                        <number key="physicalScale">0.0025</number>
                                        <string key="physicalUnits">in</string>
                                    </map>
                                </map>
                                <number key="height">3004</number>
                                <number key="width">1798</number>
                            </map>
                            <string key="on"
                                >https://api.nb.no/catalog/v1/iiif/51a97ce22ce73c66bfa9d73a16064250/canvas/URN:NBN:no-nb_digibok_2016101048158_0052</string>
                        </map>
                    </array>
                </map>
                <map>
                    <string key="@id"
                        >https://api.nb.no/catalog/v1/iiif/51a97ce22ce73c66bfa9d73a16064250/canvas/URN:NBN:no-nb_digibok_2016101048158_0053</string>
                    <string key="@type">sc:Canvas</string>
                    <map key="@seeAlso">
                        <string key="id"
                            >https://api.nb.no:443/catalog/v1/metadata/51a97ce22ce73c66bfa9d73a16064250/altos/URN:NBN:no-nb_digibok_2016101048158_0053</string>
                        <string key="format">application/alto+xml</string>
                        <string key="profile">http://www.loc.gov/standards/alto</string>
                    </map>
                    <string key="label">51</string>
                    <string key="thumbnail"
                        >https://www.nb.no/services/image/resolver/URN:NBN:no-nb_digibok_2016101048158_0053/full/72,0/0/native.jpg</string>
                    <number key="height">3004</number>
                    <number key="width">1798</number>
                    <array key="images">
                        <map>
                            <string key="@id"
                                >https://api.nb.no/catalog/v1/iiif/51a97ce22ce73c66bfa9d73a16064250/annotation/URN:NBN:no-nb_digibok_2016101048158_0053</string>
                            <string key="@type">oa:Annotation</string>
                            <string key="motivation">sc:painting</string>
                            <map key="resource">
                                <string key="@id">URN:NBN:no-nb_digibok_2016101048158_0053</string>
                                <string key="@type">dctypes:Image</string>
                                <string key="format">image/jpeg</string>
                                <map key="service">
                                    <string key="@context"
                                        >http://iiif.io/api/image/2/context.json</string>
                                    <string key="@id"
                                        >https://www.nb.no/services/image/resolver/URN:NBN:no-nb_digibok_2016101048158_0053</string>
                                    <string key="protocol">http://iiif.io/api/image</string>
                                    <number key="width">1798</number>
                                    <number key="height">3004</number>
                                    <array key="sizes">
                                        <map>
                                            <number key="width">899</number>
                                            <number key="height">1502</number>
                                        </map>
                                        <map>
                                            <number key="width">449</number>
                                            <number key="height">751</number>
                                        </map>
                                        <map>
                                            <number key="width">224</number>
                                            <number key="height">375</number>
                                        </map>
                                        <map>
                                            <number key="width">112</number>
                                            <number key="height">187</number>
                                        </map>
                                    </array>
                                    <array key="tiles">
                                        <map>
                                            <number key="width">1024</number>
                                            <array key="scaleFactors">
                                                <number>1</number>
                                                <number>2</number>
                                                <number>4</number>
                                                <number>8</number>
                                                <number>16</number>
                                            </array>
                                        </map>
                                    </array>
                                    <string key="profile"
                                        >http://iiif.io/api/image/2/level1.json</string>
                                    <map key="service">
                                        <string key="@context"
                                            >http://iiif.io/api/annex/service/physdim/1/context.json</string>
                                        <string key="profile"
                                            >http://iiif.io/api/annex/service/physdim</string>
                                        <number key="physicalScale">0.0025</number>
                                        <string key="physicalUnits">in</string>
                                    </map>
                                </map>
                                <number key="height">3004</number>
                                <number key="width">1798</number>
                            </map>
                            <string key="on"
                                >https://api.nb.no/catalog/v1/iiif/51a97ce22ce73c66bfa9d73a16064250/canvas/URN:NBN:no-nb_digibok_2016101048158_0053</string>
                        </map>
                    </array>
                </map>
                <map>
                    <string key="@id"
                        >https://api.nb.no/catalog/v1/iiif/51a97ce22ce73c66bfa9d73a16064250/canvas/URN:NBN:no-nb_digibok_2016101048158_0054</string>
                    <string key="@type">sc:Canvas</string>
                    <map key="@seeAlso">
                        <string key="id"
                            >https://api.nb.no:443/catalog/v1/metadata/51a97ce22ce73c66bfa9d73a16064250/altos/URN:NBN:no-nb_digibok_2016101048158_0054</string>
                        <string key="format">application/alto+xml</string>
                        <string key="profile">http://www.loc.gov/standards/alto</string>
                    </map>
                    <string key="label">52</string>
                    <string key="thumbnail"
                        >https://www.nb.no/services/image/resolver/URN:NBN:no-nb_digibok_2016101048158_0054/full/72,0/0/native.jpg</string>
                    <number key="height">3004</number>
                    <number key="width">1798</number>
                    <array key="images">
                        <map>
                            <string key="@id"
                                >https://api.nb.no/catalog/v1/iiif/51a97ce22ce73c66bfa9d73a16064250/annotation/URN:NBN:no-nb_digibok_2016101048158_0054</string>
                            <string key="@type">oa:Annotation</string>
                            <string key="motivation">sc:painting</string>
                            <map key="resource">
                                <string key="@id">URN:NBN:no-nb_digibok_2016101048158_0054</string>
                                <string key="@type">dctypes:Image</string>
                                <string key="format">image/jpeg</string>
                                <map key="service">
                                    <string key="@context"
                                        >http://iiif.io/api/image/2/context.json</string>
                                    <string key="@id"
                                        >https://www.nb.no/services/image/resolver/URN:NBN:no-nb_digibok_2016101048158_0054</string>
                                    <string key="protocol">http://iiif.io/api/image</string>
                                    <number key="width">1798</number>
                                    <number key="height">3004</number>
                                    <array key="sizes">
                                        <map>
                                            <number key="width">899</number>
                                            <number key="height">1502</number>
                                        </map>
                                        <map>
                                            <number key="width">449</number>
                                            <number key="height">751</number>
                                        </map>
                                        <map>
                                            <number key="width">224</number>
                                            <number key="height">375</number>
                                        </map>
                                        <map>
                                            <number key="width">112</number>
                                            <number key="height">187</number>
                                        </map>
                                    </array>
                                    <array key="tiles">
                                        <map>
                                            <number key="width">1024</number>
                                            <array key="scaleFactors">
                                                <number>1</number>
                                                <number>2</number>
                                                <number>4</number>
                                                <number>8</number>
                                                <number>16</number>
                                            </array>
                                        </map>
                                    </array>
                                    <string key="profile"
                                        >http://iiif.io/api/image/2/level1.json</string>
                                    <map key="service">
                                        <string key="@context"
                                            >http://iiif.io/api/annex/service/physdim/1/context.json</string>
                                        <string key="profile"
                                            >http://iiif.io/api/annex/service/physdim</string>
                                        <number key="physicalScale">0.0025</number>
                                        <string key="physicalUnits">in</string>
                                    </map>
                                </map>
                                <number key="height">3004</number>
                                <number key="width">1798</number>
                            </map>
                            <string key="on"
                                >https://api.nb.no/catalog/v1/iiif/51a97ce22ce73c66bfa9d73a16064250/canvas/URN:NBN:no-nb_digibok_2016101048158_0054</string>
                        </map>
                    </array>
                </map>
                <map>
                    <string key="@id"
                        >https://api.nb.no/catalog/v1/iiif/51a97ce22ce73c66bfa9d73a16064250/canvas/URN:NBN:no-nb_digibok_2016101048158_0055</string>
                    <string key="@type">sc:Canvas</string>
                    <map key="@seeAlso">
                        <string key="id"
                            >https://api.nb.no:443/catalog/v1/metadata/51a97ce22ce73c66bfa9d73a16064250/altos/URN:NBN:no-nb_digibok_2016101048158_0055</string>
                        <string key="format">application/alto+xml</string>
                        <string key="profile">http://www.loc.gov/standards/alto</string>
                    </map>
                    <string key="label">53</string>
                    <string key="thumbnail"
                        >https://www.nb.no/services/image/resolver/URN:NBN:no-nb_digibok_2016101048158_0055/full/72,0/0/native.jpg</string>
                    <number key="height">3004</number>
                    <number key="width">1798</number>
                    <array key="images">
                        <map>
                            <string key="@id"
                                >https://api.nb.no/catalog/v1/iiif/51a97ce22ce73c66bfa9d73a16064250/annotation/URN:NBN:no-nb_digibok_2016101048158_0055</string>
                            <string key="@type">oa:Annotation</string>
                            <string key="motivation">sc:painting</string>
                            <map key="resource">
                                <string key="@id">URN:NBN:no-nb_digibok_2016101048158_0055</string>
                                <string key="@type">dctypes:Image</string>
                                <string key="format">image/jpeg</string>
                                <map key="service">
                                    <string key="@context"
                                        >http://iiif.io/api/image/2/context.json</string>
                                    <string key="@id"
                                        >https://www.nb.no/services/image/resolver/URN:NBN:no-nb_digibok_2016101048158_0055</string>
                                    <string key="protocol">http://iiif.io/api/image</string>
                                    <number key="width">1798</number>
                                    <number key="height">3004</number>
                                    <array key="sizes">
                                        <map>
                                            <number key="width">899</number>
                                            <number key="height">1502</number>
                                        </map>
                                        <map>
                                            <number key="width">449</number>
                                            <number key="height">751</number>
                                        </map>
                                        <map>
                                            <number key="width">224</number>
                                            <number key="height">375</number>
                                        </map>
                                        <map>
                                            <number key="width">112</number>
                                            <number key="height">187</number>
                                        </map>
                                    </array>
                                    <array key="tiles">
                                        <map>
                                            <number key="width">1024</number>
                                            <array key="scaleFactors">
                                                <number>1</number>
                                                <number>2</number>
                                                <number>4</number>
                                                <number>8</number>
                                                <number>16</number>
                                            </array>
                                        </map>
                                    </array>
                                    <string key="profile"
                                        >http://iiif.io/api/image/2/level1.json</string>
                                    <map key="service">
                                        <string key="@context"
                                            >http://iiif.io/api/annex/service/physdim/1/context.json</string>
                                        <string key="profile"
                                            >http://iiif.io/api/annex/service/physdim</string>
                                        <number key="physicalScale">0.0025</number>
                                        <string key="physicalUnits">in</string>
                                    </map>
                                </map>
                                <number key="height">3004</number>
                                <number key="width">1798</number>
                            </map>
                            <string key="on"
                                >https://api.nb.no/catalog/v1/iiif/51a97ce22ce73c66bfa9d73a16064250/canvas/URN:NBN:no-nb_digibok_2016101048158_0055</string>
                        </map>
                    </array>
                </map>
                <map>
                    <string key="@id"
                        >https://api.nb.no/catalog/v1/iiif/51a97ce22ce73c66bfa9d73a16064250/canvas/URN:NBN:no-nb_digibok_2016101048158_0056</string>
                    <string key="@type">sc:Canvas</string>
                    <map key="@seeAlso">
                        <string key="id"
                            >https://api.nb.no:443/catalog/v1/metadata/51a97ce22ce73c66bfa9d73a16064250/altos/URN:NBN:no-nb_digibok_2016101048158_0056</string>
                        <string key="format">application/alto+xml</string>
                        <string key="profile">http://www.loc.gov/standards/alto</string>
                    </map>
                    <string key="label">54</string>
                    <string key="thumbnail"
                        >https://www.nb.no/services/image/resolver/URN:NBN:no-nb_digibok_2016101048158_0056/full/72,0/0/native.jpg</string>
                    <number key="height">3004</number>
                    <number key="width">1798</number>
                    <array key="images">
                        <map>
                            <string key="@id"
                                >https://api.nb.no/catalog/v1/iiif/51a97ce22ce73c66bfa9d73a16064250/annotation/URN:NBN:no-nb_digibok_2016101048158_0056</string>
                            <string key="@type">oa:Annotation</string>
                            <string key="motivation">sc:painting</string>
                            <map key="resource">
                                <string key="@id">URN:NBN:no-nb_digibok_2016101048158_0056</string>
                                <string key="@type">dctypes:Image</string>
                                <string key="format">image/jpeg</string>
                                <map key="service">
                                    <string key="@context"
                                        >http://iiif.io/api/image/2/context.json</string>
                                    <string key="@id"
                                        >https://www.nb.no/services/image/resolver/URN:NBN:no-nb_digibok_2016101048158_0056</string>
                                    <string key="protocol">http://iiif.io/api/image</string>
                                    <number key="width">1798</number>
                                    <number key="height">3004</number>
                                    <array key="sizes">
                                        <map>
                                            <number key="width">899</number>
                                            <number key="height">1502</number>
                                        </map>
                                        <map>
                                            <number key="width">449</number>
                                            <number key="height">751</number>
                                        </map>
                                        <map>
                                            <number key="width">224</number>
                                            <number key="height">375</number>
                                        </map>
                                        <map>
                                            <number key="width">112</number>
                                            <number key="height">187</number>
                                        </map>
                                    </array>
                                    <array key="tiles">
                                        <map>
                                            <number key="width">1024</number>
                                            <array key="scaleFactors">
                                                <number>1</number>
                                                <number>2</number>
                                                <number>4</number>
                                                <number>8</number>
                                                <number>16</number>
                                            </array>
                                        </map>
                                    </array>
                                    <string key="profile"
                                        >http://iiif.io/api/image/2/level1.json</string>
                                    <map key="service">
                                        <string key="@context"
                                            >http://iiif.io/api/annex/service/physdim/1/context.json</string>
                                        <string key="profile"
                                            >http://iiif.io/api/annex/service/physdim</string>
                                        <number key="physicalScale">0.0025</number>
                                        <string key="physicalUnits">in</string>
                                    </map>
                                </map>
                                <number key="height">3004</number>
                                <number key="width">1798</number>
                            </map>
                            <string key="on"
                                >https://api.nb.no/catalog/v1/iiif/51a97ce22ce73c66bfa9d73a16064250/canvas/URN:NBN:no-nb_digibok_2016101048158_0056</string>
                        </map>
                    </array>
                </map>
                <map>
                    <string key="@id"
                        >https://api.nb.no/catalog/v1/iiif/51a97ce22ce73c66bfa9d73a16064250/canvas/URN:NBN:no-nb_digibok_2016101048158_0057</string>
                    <string key="@type">sc:Canvas</string>
                    <map key="@seeAlso">
                        <string key="id"
                            >https://api.nb.no:443/catalog/v1/metadata/51a97ce22ce73c66bfa9d73a16064250/altos/URN:NBN:no-nb_digibok_2016101048158_0057</string>
                        <string key="format">application/alto+xml</string>
                        <string key="profile">http://www.loc.gov/standards/alto</string>
                    </map>
                    <string key="label">55</string>
                    <string key="thumbnail"
                        >https://www.nb.no/services/image/resolver/URN:NBN:no-nb_digibok_2016101048158_0057/full/72,0/0/native.jpg</string>
                    <number key="height">3004</number>
                    <number key="width">1798</number>
                    <array key="images">
                        <map>
                            <string key="@id"
                                >https://api.nb.no/catalog/v1/iiif/51a97ce22ce73c66bfa9d73a16064250/annotation/URN:NBN:no-nb_digibok_2016101048158_0057</string>
                            <string key="@type">oa:Annotation</string>
                            <string key="motivation">sc:painting</string>
                            <map key="resource">
                                <string key="@id">URN:NBN:no-nb_digibok_2016101048158_0057</string>
                                <string key="@type">dctypes:Image</string>
                                <string key="format">image/jpeg</string>
                                <map key="service">
                                    <string key="@context"
                                        >http://iiif.io/api/image/2/context.json</string>
                                    <string key="@id"
                                        >https://www.nb.no/services/image/resolver/URN:NBN:no-nb_digibok_2016101048158_0057</string>
                                    <string key="protocol">http://iiif.io/api/image</string>
                                    <number key="width">1798</number>
                                    <number key="height">3004</number>
                                    <array key="sizes">
                                        <map>
                                            <number key="width">899</number>
                                            <number key="height">1502</number>
                                        </map>
                                        <map>
                                            <number key="width">449</number>
                                            <number key="height">751</number>
                                        </map>
                                        <map>
                                            <number key="width">224</number>
                                            <number key="height">375</number>
                                        </map>
                                        <map>
                                            <number key="width">112</number>
                                            <number key="height">187</number>
                                        </map>
                                    </array>
                                    <array key="tiles">
                                        <map>
                                            <number key="width">1024</number>
                                            <array key="scaleFactors">
                                                <number>1</number>
                                                <number>2</number>
                                                <number>4</number>
                                                <number>8</number>
                                                <number>16</number>
                                            </array>
                                        </map>
                                    </array>
                                    <string key="profile"
                                        >http://iiif.io/api/image/2/level1.json</string>
                                    <map key="service">
                                        <string key="@context"
                                            >http://iiif.io/api/annex/service/physdim/1/context.json</string>
                                        <string key="profile"
                                            >http://iiif.io/api/annex/service/physdim</string>
                                        <number key="physicalScale">0.0025</number>
                                        <string key="physicalUnits">in</string>
                                    </map>
                                </map>
                                <number key="height">3004</number>
                                <number key="width">1798</number>
                            </map>
                            <string key="on"
                                >https://api.nb.no/catalog/v1/iiif/51a97ce22ce73c66bfa9d73a16064250/canvas/URN:NBN:no-nb_digibok_2016101048158_0057</string>
                        </map>
                    </array>
                </map>
                <map>
                    <string key="@id"
                        >https://api.nb.no/catalog/v1/iiif/51a97ce22ce73c66bfa9d73a16064250/canvas/URN:NBN:no-nb_digibok_2016101048158_0058</string>
                    <string key="@type">sc:Canvas</string>
                    <map key="@seeAlso">
                        <string key="id"
                            >https://api.nb.no:443/catalog/v1/metadata/51a97ce22ce73c66bfa9d73a16064250/altos/URN:NBN:no-nb_digibok_2016101048158_0058</string>
                        <string key="format">application/alto+xml</string>
                        <string key="profile">http://www.loc.gov/standards/alto</string>
                    </map>
                    <string key="label">56</string>
                    <string key="thumbnail"
                        >https://www.nb.no/services/image/resolver/URN:NBN:no-nb_digibok_2016101048158_0058/full/72,0/0/native.jpg</string>
                    <number key="height">3004</number>
                    <number key="width">1798</number>
                    <array key="images">
                        <map>
                            <string key="@id"
                                >https://api.nb.no/catalog/v1/iiif/51a97ce22ce73c66bfa9d73a16064250/annotation/URN:NBN:no-nb_digibok_2016101048158_0058</string>
                            <string key="@type">oa:Annotation</string>
                            <string key="motivation">sc:painting</string>
                            <map key="resource">
                                <string key="@id">URN:NBN:no-nb_digibok_2016101048158_0058</string>
                                <string key="@type">dctypes:Image</string>
                                <string key="format">image/jpeg</string>
                                <map key="service">
                                    <string key="@context"
                                        >http://iiif.io/api/image/2/context.json</string>
                                    <string key="@id"
                                        >https://www.nb.no/services/image/resolver/URN:NBN:no-nb_digibok_2016101048158_0058</string>
                                    <string key="protocol">http://iiif.io/api/image</string>
                                    <number key="width">1798</number>
                                    <number key="height">3004</number>
                                    <array key="sizes">
                                        <map>
                                            <number key="width">899</number>
                                            <number key="height">1502</number>
                                        </map>
                                        <map>
                                            <number key="width">449</number>
                                            <number key="height">751</number>
                                        </map>
                                        <map>
                                            <number key="width">224</number>
                                            <number key="height">375</number>
                                        </map>
                                        <map>
                                            <number key="width">112</number>
                                            <number key="height">187</number>
                                        </map>
                                    </array>
                                    <array key="tiles">
                                        <map>
                                            <number key="width">1024</number>
                                            <array key="scaleFactors">
                                                <number>1</number>
                                                <number>2</number>
                                                <number>4</number>
                                                <number>8</number>
                                                <number>16</number>
                                            </array>
                                        </map>
                                    </array>
                                    <string key="profile"
                                        >http://iiif.io/api/image/2/level1.json</string>
                                    <map key="service">
                                        <string key="@context"
                                            >http://iiif.io/api/annex/service/physdim/1/context.json</string>
                                        <string key="profile"
                                            >http://iiif.io/api/annex/service/physdim</string>
                                        <number key="physicalScale">0.0025</number>
                                        <string key="physicalUnits">in</string>
                                    </map>
                                </map>
                                <number key="height">3004</number>
                                <number key="width">1798</number>
                            </map>
                            <string key="on"
                                >https://api.nb.no/catalog/v1/iiif/51a97ce22ce73c66bfa9d73a16064250/canvas/URN:NBN:no-nb_digibok_2016101048158_0058</string>
                        </map>
                    </array>
                </map>
                <map>
                    <string key="@id"
                        >https://api.nb.no/catalog/v1/iiif/51a97ce22ce73c66bfa9d73a16064250/canvas/URN:NBN:no-nb_digibok_2016101048158_0059</string>
                    <string key="@type">sc:Canvas</string>
                    <map key="@seeAlso">
                        <string key="id"
                            >https://api.nb.no:443/catalog/v1/metadata/51a97ce22ce73c66bfa9d73a16064250/altos/URN:NBN:no-nb_digibok_2016101048158_0059</string>
                        <string key="format">application/alto+xml</string>
                        <string key="profile">http://www.loc.gov/standards/alto</string>
                    </map>
                    <string key="label">57</string>
                    <string key="thumbnail"
                        >https://www.nb.no/services/image/resolver/URN:NBN:no-nb_digibok_2016101048158_0059/full/72,0/0/native.jpg</string>
                    <number key="height">3004</number>
                    <number key="width">1798</number>
                    <array key="images">
                        <map>
                            <string key="@id"
                                >https://api.nb.no/catalog/v1/iiif/51a97ce22ce73c66bfa9d73a16064250/annotation/URN:NBN:no-nb_digibok_2016101048158_0059</string>
                            <string key="@type">oa:Annotation</string>
                            <string key="motivation">sc:painting</string>
                            <map key="resource">
                                <string key="@id">URN:NBN:no-nb_digibok_2016101048158_0059</string>
                                <string key="@type">dctypes:Image</string>
                                <string key="format">image/jpeg</string>
                                <map key="service">
                                    <string key="@context"
                                        >http://iiif.io/api/image/2/context.json</string>
                                    <string key="@id"
                                        >https://www.nb.no/services/image/resolver/URN:NBN:no-nb_digibok_2016101048158_0059</string>
                                    <string key="protocol">http://iiif.io/api/image</string>
                                    <number key="width">1798</number>
                                    <number key="height">3004</number>
                                    <array key="sizes">
                                        <map>
                                            <number key="width">899</number>
                                            <number key="height">1502</number>
                                        </map>
                                        <map>
                                            <number key="width">449</number>
                                            <number key="height">751</number>
                                        </map>
                                        <map>
                                            <number key="width">224</number>
                                            <number key="height">375</number>
                                        </map>
                                        <map>
                                            <number key="width">112</number>
                                            <number key="height">187</number>
                                        </map>
                                    </array>
                                    <array key="tiles">
                                        <map>
                                            <number key="width">1024</number>
                                            <array key="scaleFactors">
                                                <number>1</number>
                                                <number>2</number>
                                                <number>4</number>
                                                <number>8</number>
                                                <number>16</number>
                                            </array>
                                        </map>
                                    </array>
                                    <string key="profile"
                                        >http://iiif.io/api/image/2/level1.json</string>
                                    <map key="service">
                                        <string key="@context"
                                            >http://iiif.io/api/annex/service/physdim/1/context.json</string>
                                        <string key="profile"
                                            >http://iiif.io/api/annex/service/physdim</string>
                                        <number key="physicalScale">0.0025</number>
                                        <string key="physicalUnits">in</string>
                                    </map>
                                </map>
                                <number key="height">3004</number>
                                <number key="width">1798</number>
                            </map>
                            <string key="on"
                                >https://api.nb.no/catalog/v1/iiif/51a97ce22ce73c66bfa9d73a16064250/canvas/URN:NBN:no-nb_digibok_2016101048158_0059</string>
                        </map>
                    </array>
                </map>
                <map>
                    <string key="@id"
                        >https://api.nb.no/catalog/v1/iiif/51a97ce22ce73c66bfa9d73a16064250/canvas/URN:NBN:no-nb_digibok_2016101048158_0060</string>
                    <string key="@type">sc:Canvas</string>
                    <map key="@seeAlso">
                        <string key="id"
                            >https://api.nb.no:443/catalog/v1/metadata/51a97ce22ce73c66bfa9d73a16064250/altos/URN:NBN:no-nb_digibok_2016101048158_0060</string>
                        <string key="format">application/alto+xml</string>
                        <string key="profile">http://www.loc.gov/standards/alto</string>
                    </map>
                    <string key="label">58</string>
                    <string key="thumbnail"
                        >https://www.nb.no/services/image/resolver/URN:NBN:no-nb_digibok_2016101048158_0060/full/72,0/0/native.jpg</string>
                    <number key="height">3004</number>
                    <number key="width">1798</number>
                    <array key="images">
                        <map>
                            <string key="@id"
                                >https://api.nb.no/catalog/v1/iiif/51a97ce22ce73c66bfa9d73a16064250/annotation/URN:NBN:no-nb_digibok_2016101048158_0060</string>
                            <string key="@type">oa:Annotation</string>
                            <string key="motivation">sc:painting</string>
                            <map key="resource">
                                <string key="@id">URN:NBN:no-nb_digibok_2016101048158_0060</string>
                                <string key="@type">dctypes:Image</string>
                                <string key="format">image/jpeg</string>
                                <map key="service">
                                    <string key="@context"
                                        >http://iiif.io/api/image/2/context.json</string>
                                    <string key="@id"
                                        >https://www.nb.no/services/image/resolver/URN:NBN:no-nb_digibok_2016101048158_0060</string>
                                    <string key="protocol">http://iiif.io/api/image</string>
                                    <number key="width">1798</number>
                                    <number key="height">3004</number>
                                    <array key="sizes">
                                        <map>
                                            <number key="width">899</number>
                                            <number key="height">1502</number>
                                        </map>
                                        <map>
                                            <number key="width">449</number>
                                            <number key="height">751</number>
                                        </map>
                                        <map>
                                            <number key="width">224</number>
                                            <number key="height">375</number>
                                        </map>
                                        <map>
                                            <number key="width">112</number>
                                            <number key="height">187</number>
                                        </map>
                                    </array>
                                    <array key="tiles">
                                        <map>
                                            <number key="width">1024</number>
                                            <array key="scaleFactors">
                                                <number>1</number>
                                                <number>2</number>
                                                <number>4</number>
                                                <number>8</number>
                                                <number>16</number>
                                            </array>
                                        </map>
                                    </array>
                                    <string key="profile"
                                        >http://iiif.io/api/image/2/level1.json</string>
                                    <map key="service">
                                        <string key="@context"
                                            >http://iiif.io/api/annex/service/physdim/1/context.json</string>
                                        <string key="profile"
                                            >http://iiif.io/api/annex/service/physdim</string>
                                        <number key="physicalScale">0.0025</number>
                                        <string key="physicalUnits">in</string>
                                    </map>
                                </map>
                                <number key="height">3004</number>
                                <number key="width">1798</number>
                            </map>
                            <string key="on"
                                >https://api.nb.no/catalog/v1/iiif/51a97ce22ce73c66bfa9d73a16064250/canvas/URN:NBN:no-nb_digibok_2016101048158_0060</string>
                        </map>
                    </array>
                </map>
                <map>
                    <string key="@id"
                        >https://api.nb.no/catalog/v1/iiif/51a97ce22ce73c66bfa9d73a16064250/canvas/URN:NBN:no-nb_digibok_2016101048158_0061</string>
                    <string key="@type">sc:Canvas</string>
                    <map key="@seeAlso">
                        <string key="id"
                            >https://api.nb.no:443/catalog/v1/metadata/51a97ce22ce73c66bfa9d73a16064250/altos/URN:NBN:no-nb_digibok_2016101048158_0061</string>
                        <string key="format">application/alto+xml</string>
                        <string key="profile">http://www.loc.gov/standards/alto</string>
                    </map>
                    <string key="label">59</string>
                    <string key="thumbnail"
                        >https://www.nb.no/services/image/resolver/URN:NBN:no-nb_digibok_2016101048158_0061/full/72,0/0/native.jpg</string>
                    <number key="height">3004</number>
                    <number key="width">1798</number>
                    <array key="images">
                        <map>
                            <string key="@id"
                                >https://api.nb.no/catalog/v1/iiif/51a97ce22ce73c66bfa9d73a16064250/annotation/URN:NBN:no-nb_digibok_2016101048158_0061</string>
                            <string key="@type">oa:Annotation</string>
                            <string key="motivation">sc:painting</string>
                            <map key="resource">
                                <string key="@id">URN:NBN:no-nb_digibok_2016101048158_0061</string>
                                <string key="@type">dctypes:Image</string>
                                <string key="format">image/jpeg</string>
                                <map key="service">
                                    <string key="@context"
                                        >http://iiif.io/api/image/2/context.json</string>
                                    <string key="@id"
                                        >https://www.nb.no/services/image/resolver/URN:NBN:no-nb_digibok_2016101048158_0061</string>
                                    <string key="protocol">http://iiif.io/api/image</string>
                                    <number key="width">1798</number>
                                    <number key="height">3004</number>
                                    <array key="sizes">
                                        <map>
                                            <number key="width">899</number>
                                            <number key="height">1502</number>
                                        </map>
                                        <map>
                                            <number key="width">449</number>
                                            <number key="height">751</number>
                                        </map>
                                        <map>
                                            <number key="width">224</number>
                                            <number key="height">375</number>
                                        </map>
                                        <map>
                                            <number key="width">112</number>
                                            <number key="height">187</number>
                                        </map>
                                    </array>
                                    <array key="tiles">
                                        <map>
                                            <number key="width">1024</number>
                                            <array key="scaleFactors">
                                                <number>1</number>
                                                <number>2</number>
                                                <number>4</number>
                                                <number>8</number>
                                                <number>16</number>
                                            </array>
                                        </map>
                                    </array>
                                    <string key="profile"
                                        >http://iiif.io/api/image/2/level1.json</string>
                                    <map key="service">
                                        <string key="@context"
                                            >http://iiif.io/api/annex/service/physdim/1/context.json</string>
                                        <string key="profile"
                                            >http://iiif.io/api/annex/service/physdim</string>
                                        <number key="physicalScale">0.0025</number>
                                        <string key="physicalUnits">in</string>
                                    </map>
                                </map>
                                <number key="height">3004</number>
                                <number key="width">1798</number>
                            </map>
                            <string key="on"
                                >https://api.nb.no/catalog/v1/iiif/51a97ce22ce73c66bfa9d73a16064250/canvas/URN:NBN:no-nb_digibok_2016101048158_0061</string>
                        </map>
                    </array>
                </map>
                <map>
                    <string key="@id"
                        >https://api.nb.no/catalog/v1/iiif/51a97ce22ce73c66bfa9d73a16064250/canvas/URN:NBN:no-nb_digibok_2016101048158_0062</string>
                    <string key="@type">sc:Canvas</string>
                    <map key="@seeAlso">
                        <string key="id"
                            >https://api.nb.no:443/catalog/v1/metadata/51a97ce22ce73c66bfa9d73a16064250/altos/URN:NBN:no-nb_digibok_2016101048158_0062</string>
                        <string key="format">application/alto+xml</string>
                        <string key="profile">http://www.loc.gov/standards/alto</string>
                    </map>
                    <string key="label">60</string>
                    <string key="thumbnail"
                        >https://www.nb.no/services/image/resolver/URN:NBN:no-nb_digibok_2016101048158_0062/full/72,0/0/native.jpg</string>
                    <number key="height">3004</number>
                    <number key="width">1798</number>
                    <array key="images">
                        <map>
                            <string key="@id"
                                >https://api.nb.no/catalog/v1/iiif/51a97ce22ce73c66bfa9d73a16064250/annotation/URN:NBN:no-nb_digibok_2016101048158_0062</string>
                            <string key="@type">oa:Annotation</string>
                            <string key="motivation">sc:painting</string>
                            <map key="resource">
                                <string key="@id">URN:NBN:no-nb_digibok_2016101048158_0062</string>
                                <string key="@type">dctypes:Image</string>
                                <string key="format">image/jpeg</string>
                                <map key="service">
                                    <string key="@context"
                                        >http://iiif.io/api/image/2/context.json</string>
                                    <string key="@id"
                                        >https://www.nb.no/services/image/resolver/URN:NBN:no-nb_digibok_2016101048158_0062</string>
                                    <string key="protocol">http://iiif.io/api/image</string>
                                    <number key="width">1798</number>
                                    <number key="height">3004</number>
                                    <array key="sizes">
                                        <map>
                                            <number key="width">899</number>
                                            <number key="height">1502</number>
                                        </map>
                                        <map>
                                            <number key="width">449</number>
                                            <number key="height">751</number>
                                        </map>
                                        <map>
                                            <number key="width">224</number>
                                            <number key="height">375</number>
                                        </map>
                                        <map>
                                            <number key="width">112</number>
                                            <number key="height">187</number>
                                        </map>
                                    </array>
                                    <array key="tiles">
                                        <map>
                                            <number key="width">1024</number>
                                            <array key="scaleFactors">
                                                <number>1</number>
                                                <number>2</number>
                                                <number>4</number>
                                                <number>8</number>
                                                <number>16</number>
                                            </array>
                                        </map>
                                    </array>
                                    <string key="profile"
                                        >http://iiif.io/api/image/2/level1.json</string>
                                    <map key="service">
                                        <string key="@context"
                                            >http://iiif.io/api/annex/service/physdim/1/context.json</string>
                                        <string key="profile"
                                            >http://iiif.io/api/annex/service/physdim</string>
                                        <number key="physicalScale">0.0025</number>
                                        <string key="physicalUnits">in</string>
                                    </map>
                                </map>
                                <number key="height">3004</number>
                                <number key="width">1798</number>
                            </map>
                            <string key="on"
                                >https://api.nb.no/catalog/v1/iiif/51a97ce22ce73c66bfa9d73a16064250/canvas/URN:NBN:no-nb_digibok_2016101048158_0062</string>
                        </map>
                    </array>
                </map>
                <map>
                    <string key="@id"
                        >https://api.nb.no/catalog/v1/iiif/51a97ce22ce73c66bfa9d73a16064250/canvas/URN:NBN:no-nb_digibok_2016101048158_0063</string>
                    <string key="@type">sc:Canvas</string>
                    <map key="@seeAlso">
                        <string key="id"
                            >https://api.nb.no:443/catalog/v1/metadata/51a97ce22ce73c66bfa9d73a16064250/altos/URN:NBN:no-nb_digibok_2016101048158_0063</string>
                        <string key="format">application/alto+xml</string>
                        <string key="profile">http://www.loc.gov/standards/alto</string>
                    </map>
                    <string key="label">61</string>
                    <string key="thumbnail"
                        >https://www.nb.no/services/image/resolver/URN:NBN:no-nb_digibok_2016101048158_0063/full/72,0/0/native.jpg</string>
                    <number key="height">3004</number>
                    <number key="width">1798</number>
                    <array key="images">
                        <map>
                            <string key="@id"
                                >https://api.nb.no/catalog/v1/iiif/51a97ce22ce73c66bfa9d73a16064250/annotation/URN:NBN:no-nb_digibok_2016101048158_0063</string>
                            <string key="@type">oa:Annotation</string>
                            <string key="motivation">sc:painting</string>
                            <map key="resource">
                                <string key="@id">URN:NBN:no-nb_digibok_2016101048158_0063</string>
                                <string key="@type">dctypes:Image</string>
                                <string key="format">image/jpeg</string>
                                <map key="service">
                                    <string key="@context"
                                        >http://iiif.io/api/image/2/context.json</string>
                                    <string key="@id"
                                        >https://www.nb.no/services/image/resolver/URN:NBN:no-nb_digibok_2016101048158_0063</string>
                                    <string key="protocol">http://iiif.io/api/image</string>
                                    <number key="width">1798</number>
                                    <number key="height">3004</number>
                                    <array key="sizes">
                                        <map>
                                            <number key="width">899</number>
                                            <number key="height">1502</number>
                                        </map>
                                        <map>
                                            <number key="width">449</number>
                                            <number key="height">751</number>
                                        </map>
                                        <map>
                                            <number key="width">224</number>
                                            <number key="height">375</number>
                                        </map>
                                        <map>
                                            <number key="width">112</number>
                                            <number key="height">187</number>
                                        </map>
                                    </array>
                                    <array key="tiles">
                                        <map>
                                            <number key="width">1024</number>
                                            <array key="scaleFactors">
                                                <number>1</number>
                                                <number>2</number>
                                                <number>4</number>
                                                <number>8</number>
                                                <number>16</number>
                                            </array>
                                        </map>
                                    </array>
                                    <string key="profile"
                                        >http://iiif.io/api/image/2/level1.json</string>
                                    <map key="service">
                                        <string key="@context"
                                            >http://iiif.io/api/annex/service/physdim/1/context.json</string>
                                        <string key="profile"
                                            >http://iiif.io/api/annex/service/physdim</string>
                                        <number key="physicalScale">0.0025</number>
                                        <string key="physicalUnits">in</string>
                                    </map>
                                </map>
                                <number key="height">3004</number>
                                <number key="width">1798</number>
                            </map>
                            <string key="on"
                                >https://api.nb.no/catalog/v1/iiif/51a97ce22ce73c66bfa9d73a16064250/canvas/URN:NBN:no-nb_digibok_2016101048158_0063</string>
                        </map>
                    </array>
                </map>
                <map>
                    <string key="@id"
                        >https://api.nb.no/catalog/v1/iiif/51a97ce22ce73c66bfa9d73a16064250/canvas/URN:NBN:no-nb_digibok_2016101048158_0064</string>
                    <string key="@type">sc:Canvas</string>
                    <map key="@seeAlso">
                        <string key="id"
                            >https://api.nb.no:443/catalog/v1/metadata/51a97ce22ce73c66bfa9d73a16064250/altos/URN:NBN:no-nb_digibok_2016101048158_0064</string>
                        <string key="format">application/alto+xml</string>
                        <string key="profile">http://www.loc.gov/standards/alto</string>
                    </map>
                    <string key="label">62</string>
                    <string key="thumbnail"
                        >https://www.nb.no/services/image/resolver/URN:NBN:no-nb_digibok_2016101048158_0064/full/72,0/0/native.jpg</string>
                    <number key="height">3004</number>
                    <number key="width">1798</number>
                    <array key="images">
                        <map>
                            <string key="@id"
                                >https://api.nb.no/catalog/v1/iiif/51a97ce22ce73c66bfa9d73a16064250/annotation/URN:NBN:no-nb_digibok_2016101048158_0064</string>
                            <string key="@type">oa:Annotation</string>
                            <string key="motivation">sc:painting</string>
                            <map key="resource">
                                <string key="@id">URN:NBN:no-nb_digibok_2016101048158_0064</string>
                                <string key="@type">dctypes:Image</string>
                                <string key="format">image/jpeg</string>
                                <map key="service">
                                    <string key="@context"
                                        >http://iiif.io/api/image/2/context.json</string>
                                    <string key="@id"
                                        >https://www.nb.no/services/image/resolver/URN:NBN:no-nb_digibok_2016101048158_0064</string>
                                    <string key="protocol">http://iiif.io/api/image</string>
                                    <number key="width">1798</number>
                                    <number key="height">3004</number>
                                    <array key="sizes">
                                        <map>
                                            <number key="width">899</number>
                                            <number key="height">1502</number>
                                        </map>
                                        <map>
                                            <number key="width">449</number>
                                            <number key="height">751</number>
                                        </map>
                                        <map>
                                            <number key="width">224</number>
                                            <number key="height">375</number>
                                        </map>
                                        <map>
                                            <number key="width">112</number>
                                            <number key="height">187</number>
                                        </map>
                                    </array>
                                    <array key="tiles">
                                        <map>
                                            <number key="width">1024</number>
                                            <array key="scaleFactors">
                                                <number>1</number>
                                                <number>2</number>
                                                <number>4</number>
                                                <number>8</number>
                                                <number>16</number>
                                            </array>
                                        </map>
                                    </array>
                                    <string key="profile"
                                        >http://iiif.io/api/image/2/level1.json</string>
                                    <map key="service">
                                        <string key="@context"
                                            >http://iiif.io/api/annex/service/physdim/1/context.json</string>
                                        <string key="profile"
                                            >http://iiif.io/api/annex/service/physdim</string>
                                        <number key="physicalScale">0.0025</number>
                                        <string key="physicalUnits">in</string>
                                    </map>
                                </map>
                                <number key="height">3004</number>
                                <number key="width">1798</number>
                            </map>
                            <string key="on"
                                >https://api.nb.no/catalog/v1/iiif/51a97ce22ce73c66bfa9d73a16064250/canvas/URN:NBN:no-nb_digibok_2016101048158_0064</string>
                        </map>
                    </array>
                </map>
                <map>
                    <string key="@id"
                        >https://api.nb.no/catalog/v1/iiif/51a97ce22ce73c66bfa9d73a16064250/canvas/URN:NBN:no-nb_digibok_2016101048158_0065</string>
                    <string key="@type">sc:Canvas</string>
                    <map key="@seeAlso">
                        <string key="id"
                            >https://api.nb.no:443/catalog/v1/metadata/51a97ce22ce73c66bfa9d73a16064250/altos/URN:NBN:no-nb_digibok_2016101048158_0065</string>
                        <string key="format">application/alto+xml</string>
                        <string key="profile">http://www.loc.gov/standards/alto</string>
                    </map>
                    <string key="label">63</string>
                    <string key="thumbnail"
                        >https://www.nb.no/services/image/resolver/URN:NBN:no-nb_digibok_2016101048158_0065/full/72,0/0/native.jpg</string>
                    <number key="height">3004</number>
                    <number key="width">1798</number>
                    <array key="images">
                        <map>
                            <string key="@id"
                                >https://api.nb.no/catalog/v1/iiif/51a97ce22ce73c66bfa9d73a16064250/annotation/URN:NBN:no-nb_digibok_2016101048158_0065</string>
                            <string key="@type">oa:Annotation</string>
                            <string key="motivation">sc:painting</string>
                            <map key="resource">
                                <string key="@id">URN:NBN:no-nb_digibok_2016101048158_0065</string>
                                <string key="@type">dctypes:Image</string>
                                <string key="format">image/jpeg</string>
                                <map key="service">
                                    <string key="@context"
                                        >http://iiif.io/api/image/2/context.json</string>
                                    <string key="@id"
                                        >https://www.nb.no/services/image/resolver/URN:NBN:no-nb_digibok_2016101048158_0065</string>
                                    <string key="protocol">http://iiif.io/api/image</string>
                                    <number key="width">1798</number>
                                    <number key="height">3004</number>
                                    <array key="sizes">
                                        <map>
                                            <number key="width">899</number>
                                            <number key="height">1502</number>
                                        </map>
                                        <map>
                                            <number key="width">449</number>
                                            <number key="height">751</number>
                                        </map>
                                        <map>
                                            <number key="width">224</number>
                                            <number key="height">375</number>
                                        </map>
                                        <map>
                                            <number key="width">112</number>
                                            <number key="height">187</number>
                                        </map>
                                    </array>
                                    <array key="tiles">
                                        <map>
                                            <number key="width">1024</number>
                                            <array key="scaleFactors">
                                                <number>1</number>
                                                <number>2</number>
                                                <number>4</number>
                                                <number>8</number>
                                                <number>16</number>
                                            </array>
                                        </map>
                                    </array>
                                    <string key="profile"
                                        >http://iiif.io/api/image/2/level1.json</string>
                                    <map key="service">
                                        <string key="@context"
                                            >http://iiif.io/api/annex/service/physdim/1/context.json</string>
                                        <string key="profile"
                                            >http://iiif.io/api/annex/service/physdim</string>
                                        <number key="physicalScale">0.0025</number>
                                        <string key="physicalUnits">in</string>
                                    </map>
                                </map>
                                <number key="height">3004</number>
                                <number key="width">1798</number>
                            </map>
                            <string key="on"
                                >https://api.nb.no/catalog/v1/iiif/51a97ce22ce73c66bfa9d73a16064250/canvas/URN:NBN:no-nb_digibok_2016101048158_0065</string>
                        </map>
                    </array>
                </map>
                <map>
                    <string key="@id"
                        >https://api.nb.no/catalog/v1/iiif/51a97ce22ce73c66bfa9d73a16064250/canvas/URN:NBN:no-nb_digibok_2016101048158_0066</string>
                    <string key="@type">sc:Canvas</string>
                    <map key="@seeAlso">
                        <string key="id"
                            >https://api.nb.no:443/catalog/v1/metadata/51a97ce22ce73c66bfa9d73a16064250/altos/URN:NBN:no-nb_digibok_2016101048158_0066</string>
                        <string key="format">application/alto+xml</string>
                        <string key="profile">http://www.loc.gov/standards/alto</string>
                    </map>
                    <string key="label">64</string>
                    <string key="thumbnail"
                        >https://www.nb.no/services/image/resolver/URN:NBN:no-nb_digibok_2016101048158_0066/full/72,0/0/native.jpg</string>
                    <number key="height">3004</number>
                    <number key="width">1798</number>
                    <array key="images">
                        <map>
                            <string key="@id"
                                >https://api.nb.no/catalog/v1/iiif/51a97ce22ce73c66bfa9d73a16064250/annotation/URN:NBN:no-nb_digibok_2016101048158_0066</string>
                            <string key="@type">oa:Annotation</string>
                            <string key="motivation">sc:painting</string>
                            <map key="resource">
                                <string key="@id">URN:NBN:no-nb_digibok_2016101048158_0066</string>
                                <string key="@type">dctypes:Image</string>
                                <string key="format">image/jpeg</string>
                                <map key="service">
                                    <string key="@context"
                                        >http://iiif.io/api/image/2/context.json</string>
                                    <string key="@id"
                                        >https://www.nb.no/services/image/resolver/URN:NBN:no-nb_digibok_2016101048158_0066</string>
                                    <string key="protocol">http://iiif.io/api/image</string>
                                    <number key="width">1798</number>
                                    <number key="height">3004</number>
                                    <array key="sizes">
                                        <map>
                                            <number key="width">899</number>
                                            <number key="height">1502</number>
                                        </map>
                                        <map>
                                            <number key="width">449</number>
                                            <number key="height">751</number>
                                        </map>
                                        <map>
                                            <number key="width">224</number>
                                            <number key="height">375</number>
                                        </map>
                                        <map>
                                            <number key="width">112</number>
                                            <number key="height">187</number>
                                        </map>
                                    </array>
                                    <array key="tiles">
                                        <map>
                                            <number key="width">1024</number>
                                            <array key="scaleFactors">
                                                <number>1</number>
                                                <number>2</number>
                                                <number>4</number>
                                                <number>8</number>
                                                <number>16</number>
                                            </array>
                                        </map>
                                    </array>
                                    <string key="profile"
                                        >http://iiif.io/api/image/2/level1.json</string>
                                    <map key="service">
                                        <string key="@context"
                                            >http://iiif.io/api/annex/service/physdim/1/context.json</string>
                                        <string key="profile"
                                            >http://iiif.io/api/annex/service/physdim</string>
                                        <number key="physicalScale">0.0025</number>
                                        <string key="physicalUnits">in</string>
                                    </map>
                                </map>
                                <number key="height">3004</number>
                                <number key="width">1798</number>
                            </map>
                            <string key="on"
                                >https://api.nb.no/catalog/v1/iiif/51a97ce22ce73c66bfa9d73a16064250/canvas/URN:NBN:no-nb_digibok_2016101048158_0066</string>
                        </map>
                    </array>
                </map>
                <map>
                    <string key="@id"
                        >https://api.nb.no/catalog/v1/iiif/51a97ce22ce73c66bfa9d73a16064250/canvas/URN:NBN:no-nb_digibok_2016101048158_0067</string>
                    <string key="@type">sc:Canvas</string>
                    <map key="@seeAlso">
                        <string key="id"
                            >https://api.nb.no:443/catalog/v1/metadata/51a97ce22ce73c66bfa9d73a16064250/altos/URN:NBN:no-nb_digibok_2016101048158_0067</string>
                        <string key="format">application/alto+xml</string>
                        <string key="profile">http://www.loc.gov/standards/alto</string>
                    </map>
                    <string key="label">65</string>
                    <string key="thumbnail"
                        >https://www.nb.no/services/image/resolver/URN:NBN:no-nb_digibok_2016101048158_0067/full/72,0/0/native.jpg</string>
                    <number key="height">3004</number>
                    <number key="width">1798</number>
                    <array key="images">
                        <map>
                            <string key="@id"
                                >https://api.nb.no/catalog/v1/iiif/51a97ce22ce73c66bfa9d73a16064250/annotation/URN:NBN:no-nb_digibok_2016101048158_0067</string>
                            <string key="@type">oa:Annotation</string>
                            <string key="motivation">sc:painting</string>
                            <map key="resource">
                                <string key="@id">URN:NBN:no-nb_digibok_2016101048158_0067</string>
                                <string key="@type">dctypes:Image</string>
                                <string key="format">image/jpeg</string>
                                <map key="service">
                                    <string key="@context"
                                        >http://iiif.io/api/image/2/context.json</string>
                                    <string key="@id"
                                        >https://www.nb.no/services/image/resolver/URN:NBN:no-nb_digibok_2016101048158_0067</string>
                                    <string key="protocol">http://iiif.io/api/image</string>
                                    <number key="width">1798</number>
                                    <number key="height">3004</number>
                                    <array key="sizes">
                                        <map>
                                            <number key="width">899</number>
                                            <number key="height">1502</number>
                                        </map>
                                        <map>
                                            <number key="width">449</number>
                                            <number key="height">751</number>
                                        </map>
                                        <map>
                                            <number key="width">224</number>
                                            <number key="height">375</number>
                                        </map>
                                        <map>
                                            <number key="width">112</number>
                                            <number key="height">187</number>
                                        </map>
                                    </array>
                                    <array key="tiles">
                                        <map>
                                            <number key="width">1024</number>
                                            <array key="scaleFactors">
                                                <number>1</number>
                                                <number>2</number>
                                                <number>4</number>
                                                <number>8</number>
                                                <number>16</number>
                                            </array>
                                        </map>
                                    </array>
                                    <string key="profile"
                                        >http://iiif.io/api/image/2/level1.json</string>
                                    <map key="service">
                                        <string key="@context"
                                            >http://iiif.io/api/annex/service/physdim/1/context.json</string>
                                        <string key="profile"
                                            >http://iiif.io/api/annex/service/physdim</string>
                                        <number key="physicalScale">0.0025</number>
                                        <string key="physicalUnits">in</string>
                                    </map>
                                </map>
                                <number key="height">3004</number>
                                <number key="width">1798</number>
                            </map>
                            <string key="on"
                                >https://api.nb.no/catalog/v1/iiif/51a97ce22ce73c66bfa9d73a16064250/canvas/URN:NBN:no-nb_digibok_2016101048158_0067</string>
                        </map>
                    </array>
                </map>
                <map>
                    <string key="@id"
                        >https://api.nb.no/catalog/v1/iiif/51a97ce22ce73c66bfa9d73a16064250/canvas/URN:NBN:no-nb_digibok_2016101048158_0068</string>
                    <string key="@type">sc:Canvas</string>
                    <map key="@seeAlso">
                        <string key="id"
                            >https://api.nb.no:443/catalog/v1/metadata/51a97ce22ce73c66bfa9d73a16064250/altos/URN:NBN:no-nb_digibok_2016101048158_0068</string>
                        <string key="format">application/alto+xml</string>
                        <string key="profile">http://www.loc.gov/standards/alto</string>
                    </map>
                    <string key="label">66</string>
                    <string key="thumbnail"
                        >https://www.nb.no/services/image/resolver/URN:NBN:no-nb_digibok_2016101048158_0068/full/72,0/0/native.jpg</string>
                    <number key="height">3004</number>
                    <number key="width">1798</number>
                    <array key="images">
                        <map>
                            <string key="@id"
                                >https://api.nb.no/catalog/v1/iiif/51a97ce22ce73c66bfa9d73a16064250/annotation/URN:NBN:no-nb_digibok_2016101048158_0068</string>
                            <string key="@type">oa:Annotation</string>
                            <string key="motivation">sc:painting</string>
                            <map key="resource">
                                <string key="@id">URN:NBN:no-nb_digibok_2016101048158_0068</string>
                                <string key="@type">dctypes:Image</string>
                                <string key="format">image/jpeg</string>
                                <map key="service">
                                    <string key="@context"
                                        >http://iiif.io/api/image/2/context.json</string>
                                    <string key="@id"
                                        >https://www.nb.no/services/image/resolver/URN:NBN:no-nb_digibok_2016101048158_0068</string>
                                    <string key="protocol">http://iiif.io/api/image</string>
                                    <number key="width">1798</number>
                                    <number key="height">3004</number>
                                    <array key="sizes">
                                        <map>
                                            <number key="width">899</number>
                                            <number key="height">1502</number>
                                        </map>
                                        <map>
                                            <number key="width">449</number>
                                            <number key="height">751</number>
                                        </map>
                                        <map>
                                            <number key="width">224</number>
                                            <number key="height">375</number>
                                        </map>
                                        <map>
                                            <number key="width">112</number>
                                            <number key="height">187</number>
                                        </map>
                                    </array>
                                    <array key="tiles">
                                        <map>
                                            <number key="width">1024</number>
                                            <array key="scaleFactors">
                                                <number>1</number>
                                                <number>2</number>
                                                <number>4</number>
                                                <number>8</number>
                                                <number>16</number>
                                            </array>
                                        </map>
                                    </array>
                                    <string key="profile"
                                        >http://iiif.io/api/image/2/level1.json</string>
                                    <map key="service">
                                        <string key="@context"
                                            >http://iiif.io/api/annex/service/physdim/1/context.json</string>
                                        <string key="profile"
                                            >http://iiif.io/api/annex/service/physdim</string>
                                        <number key="physicalScale">0.0025</number>
                                        <string key="physicalUnits">in</string>
                                    </map>
                                </map>
                                <number key="height">3004</number>
                                <number key="width">1798</number>
                            </map>
                            <string key="on"
                                >https://api.nb.no/catalog/v1/iiif/51a97ce22ce73c66bfa9d73a16064250/canvas/URN:NBN:no-nb_digibok_2016101048158_0068</string>
                        </map>
                    </array>
                </map>
                <map>
                    <string key="@id"
                        >https://api.nb.no/catalog/v1/iiif/51a97ce22ce73c66bfa9d73a16064250/canvas/URN:NBN:no-nb_digibok_2016101048158_0069</string>
                    <string key="@type">sc:Canvas</string>
                    <map key="@seeAlso">
                        <string key="id"
                            >https://api.nb.no:443/catalog/v1/metadata/51a97ce22ce73c66bfa9d73a16064250/altos/URN:NBN:no-nb_digibok_2016101048158_0069</string>
                        <string key="format">application/alto+xml</string>
                        <string key="profile">http://www.loc.gov/standards/alto</string>
                    </map>
                    <string key="label">67</string>
                    <string key="thumbnail"
                        >https://www.nb.no/services/image/resolver/URN:NBN:no-nb_digibok_2016101048158_0069/full/72,0/0/native.jpg</string>
                    <number key="height">3004</number>
                    <number key="width">1798</number>
                    <array key="images">
                        <map>
                            <string key="@id"
                                >https://api.nb.no/catalog/v1/iiif/51a97ce22ce73c66bfa9d73a16064250/annotation/URN:NBN:no-nb_digibok_2016101048158_0069</string>
                            <string key="@type">oa:Annotation</string>
                            <string key="motivation">sc:painting</string>
                            <map key="resource">
                                <string key="@id">URN:NBN:no-nb_digibok_2016101048158_0069</string>
                                <string key="@type">dctypes:Image</string>
                                <string key="format">image/jpeg</string>
                                <map key="service">
                                    <string key="@context"
                                        >http://iiif.io/api/image/2/context.json</string>
                                    <string key="@id"
                                        >https://www.nb.no/services/image/resolver/URN:NBN:no-nb_digibok_2016101048158_0069</string>
                                    <string key="protocol">http://iiif.io/api/image</string>
                                    <number key="width">1798</number>
                                    <number key="height">3004</number>
                                    <array key="sizes">
                                        <map>
                                            <number key="width">899</number>
                                            <number key="height">1502</number>
                                        </map>
                                        <map>
                                            <number key="width">449</number>
                                            <number key="height">751</number>
                                        </map>
                                        <map>
                                            <number key="width">224</number>
                                            <number key="height">375</number>
                                        </map>
                                        <map>
                                            <number key="width">112</number>
                                            <number key="height">187</number>
                                        </map>
                                    </array>
                                    <array key="tiles">
                                        <map>
                                            <number key="width">1024</number>
                                            <array key="scaleFactors">
                                                <number>1</number>
                                                <number>2</number>
                                                <number>4</number>
                                                <number>8</number>
                                                <number>16</number>
                                            </array>
                                        </map>
                                    </array>
                                    <string key="profile"
                                        >http://iiif.io/api/image/2/level1.json</string>
                                    <map key="service">
                                        <string key="@context"
                                            >http://iiif.io/api/annex/service/physdim/1/context.json</string>
                                        <string key="profile"
                                            >http://iiif.io/api/annex/service/physdim</string>
                                        <number key="physicalScale">0.0025</number>
                                        <string key="physicalUnits">in</string>
                                    </map>
                                </map>
                                <number key="height">3004</number>
                                <number key="width">1798</number>
                            </map>
                            <string key="on"
                                >https://api.nb.no/catalog/v1/iiif/51a97ce22ce73c66bfa9d73a16064250/canvas/URN:NBN:no-nb_digibok_2016101048158_0069</string>
                        </map>
                    </array>
                </map>
                <map>
                    <string key="@id"
                        >https://api.nb.no/catalog/v1/iiif/51a97ce22ce73c66bfa9d73a16064250/canvas/URN:NBN:no-nb_digibok_2016101048158_0070</string>
                    <string key="@type">sc:Canvas</string>
                    <map key="@seeAlso">
                        <string key="id"
                            >https://api.nb.no:443/catalog/v1/metadata/51a97ce22ce73c66bfa9d73a16064250/altos/URN:NBN:no-nb_digibok_2016101048158_0070</string>
                        <string key="format">application/alto+xml</string>
                        <string key="profile">http://www.loc.gov/standards/alto</string>
                    </map>
                    <string key="label">68</string>
                    <string key="thumbnail"
                        >https://www.nb.no/services/image/resolver/URN:NBN:no-nb_digibok_2016101048158_0070/full/72,0/0/native.jpg</string>
                    <number key="height">3004</number>
                    <number key="width">1798</number>
                    <array key="images">
                        <map>
                            <string key="@id"
                                >https://api.nb.no/catalog/v1/iiif/51a97ce22ce73c66bfa9d73a16064250/annotation/URN:NBN:no-nb_digibok_2016101048158_0070</string>
                            <string key="@type">oa:Annotation</string>
                            <string key="motivation">sc:painting</string>
                            <map key="resource">
                                <string key="@id">URN:NBN:no-nb_digibok_2016101048158_0070</string>
                                <string key="@type">dctypes:Image</string>
                                <string key="format">image/jpeg</string>
                                <map key="service">
                                    <string key="@context"
                                        >http://iiif.io/api/image/2/context.json</string>
                                    <string key="@id"
                                        >https://www.nb.no/services/image/resolver/URN:NBN:no-nb_digibok_2016101048158_0070</string>
                                    <string key="protocol">http://iiif.io/api/image</string>
                                    <number key="width">1798</number>
                                    <number key="height">3004</number>
                                    <array key="sizes">
                                        <map>
                                            <number key="width">899</number>
                                            <number key="height">1502</number>
                                        </map>
                                        <map>
                                            <number key="width">449</number>
                                            <number key="height">751</number>
                                        </map>
                                        <map>
                                            <number key="width">224</number>
                                            <number key="height">375</number>
                                        </map>
                                        <map>
                                            <number key="width">112</number>
                                            <number key="height">187</number>
                                        </map>
                                    </array>
                                    <array key="tiles">
                                        <map>
                                            <number key="width">1024</number>
                                            <array key="scaleFactors">
                                                <number>1</number>
                                                <number>2</number>
                                                <number>4</number>
                                                <number>8</number>
                                                <number>16</number>
                                            </array>
                                        </map>
                                    </array>
                                    <string key="profile"
                                        >http://iiif.io/api/image/2/level1.json</string>
                                    <map key="service">
                                        <string key="@context"
                                            >http://iiif.io/api/annex/service/physdim/1/context.json</string>
                                        <string key="profile"
                                            >http://iiif.io/api/annex/service/physdim</string>
                                        <number key="physicalScale">0.0025</number>
                                        <string key="physicalUnits">in</string>
                                    </map>
                                </map>
                                <number key="height">3004</number>
                                <number key="width">1798</number>
                            </map>
                            <string key="on"
                                >https://api.nb.no/catalog/v1/iiif/51a97ce22ce73c66bfa9d73a16064250/canvas/URN:NBN:no-nb_digibok_2016101048158_0070</string>
                        </map>
                    </array>
                </map>
                <map>
                    <string key="@id"
                        >https://api.nb.no/catalog/v1/iiif/51a97ce22ce73c66bfa9d73a16064250/canvas/URN:NBN:no-nb_digibok_2016101048158_0071</string>
                    <string key="@type">sc:Canvas</string>
                    <map key="@seeAlso">
                        <string key="id"
                            >https://api.nb.no:443/catalog/v1/metadata/51a97ce22ce73c66bfa9d73a16064250/altos/URN:NBN:no-nb_digibok_2016101048158_0071</string>
                        <string key="format">application/alto+xml</string>
                        <string key="profile">http://www.loc.gov/standards/alto</string>
                    </map>
                    <string key="label">69</string>
                    <string key="thumbnail"
                        >https://www.nb.no/services/image/resolver/URN:NBN:no-nb_digibok_2016101048158_0071/full/72,0/0/native.jpg</string>
                    <number key="height">3004</number>
                    <number key="width">1798</number>
                    <array key="images">
                        <map>
                            <string key="@id"
                                >https://api.nb.no/catalog/v1/iiif/51a97ce22ce73c66bfa9d73a16064250/annotation/URN:NBN:no-nb_digibok_2016101048158_0071</string>
                            <string key="@type">oa:Annotation</string>
                            <string key="motivation">sc:painting</string>
                            <map key="resource">
                                <string key="@id">URN:NBN:no-nb_digibok_2016101048158_0071</string>
                                <string key="@type">dctypes:Image</string>
                                <string key="format">image/jpeg</string>
                                <map key="service">
                                    <string key="@context"
                                        >http://iiif.io/api/image/2/context.json</string>
                                    <string key="@id"
                                        >https://www.nb.no/services/image/resolver/URN:NBN:no-nb_digibok_2016101048158_0071</string>
                                    <string key="protocol">http://iiif.io/api/image</string>
                                    <number key="width">1798</number>
                                    <number key="height">3004</number>
                                    <array key="sizes">
                                        <map>
                                            <number key="width">899</number>
                                            <number key="height">1502</number>
                                        </map>
                                        <map>
                                            <number key="width">449</number>
                                            <number key="height">751</number>
                                        </map>
                                        <map>
                                            <number key="width">224</number>
                                            <number key="height">375</number>
                                        </map>
                                        <map>
                                            <number key="width">112</number>
                                            <number key="height">187</number>
                                        </map>
                                    </array>
                                    <array key="tiles">
                                        <map>
                                            <number key="width">1024</number>
                                            <array key="scaleFactors">
                                                <number>1</number>
                                                <number>2</number>
                                                <number>4</number>
                                                <number>8</number>
                                                <number>16</number>
                                            </array>
                                        </map>
                                    </array>
                                    <string key="profile"
                                        >http://iiif.io/api/image/2/level1.json</string>
                                    <map key="service">
                                        <string key="@context"
                                            >http://iiif.io/api/annex/service/physdim/1/context.json</string>
                                        <string key="profile"
                                            >http://iiif.io/api/annex/service/physdim</string>
                                        <number key="physicalScale">0.0025</number>
                                        <string key="physicalUnits">in</string>
                                    </map>
                                </map>
                                <number key="height">3004</number>
                                <number key="width">1798</number>
                            </map>
                            <string key="on"
                                >https://api.nb.no/catalog/v1/iiif/51a97ce22ce73c66bfa9d73a16064250/canvas/URN:NBN:no-nb_digibok_2016101048158_0071</string>
                        </map>
                    </array>
                </map>
                <map>
                    <string key="@id"
                        >https://api.nb.no/catalog/v1/iiif/51a97ce22ce73c66bfa9d73a16064250/canvas/URN:NBN:no-nb_digibok_2016101048158_0072</string>
                    <string key="@type">sc:Canvas</string>
                    <map key="@seeAlso">
                        <string key="id"
                            >https://api.nb.no:443/catalog/v1/metadata/51a97ce22ce73c66bfa9d73a16064250/altos/URN:NBN:no-nb_digibok_2016101048158_0072</string>
                        <string key="format">application/alto+xml</string>
                        <string key="profile">http://www.loc.gov/standards/alto</string>
                    </map>
                    <string key="label">70</string>
                    <string key="thumbnail"
                        >https://www.nb.no/services/image/resolver/URN:NBN:no-nb_digibok_2016101048158_0072/full/72,0/0/native.jpg</string>
                    <number key="height">3004</number>
                    <number key="width">1798</number>
                    <array key="images">
                        <map>
                            <string key="@id"
                                >https://api.nb.no/catalog/v1/iiif/51a97ce22ce73c66bfa9d73a16064250/annotation/URN:NBN:no-nb_digibok_2016101048158_0072</string>
                            <string key="@type">oa:Annotation</string>
                            <string key="motivation">sc:painting</string>
                            <map key="resource">
                                <string key="@id">URN:NBN:no-nb_digibok_2016101048158_0072</string>
                                <string key="@type">dctypes:Image</string>
                                <string key="format">image/jpeg</string>
                                <map key="service">
                                    <string key="@context"
                                        >http://iiif.io/api/image/2/context.json</string>
                                    <string key="@id"
                                        >https://www.nb.no/services/image/resolver/URN:NBN:no-nb_digibok_2016101048158_0072</string>
                                    <string key="protocol">http://iiif.io/api/image</string>
                                    <number key="width">1798</number>
                                    <number key="height">3004</number>
                                    <array key="sizes">
                                        <map>
                                            <number key="width">899</number>
                                            <number key="height">1502</number>
                                        </map>
                                        <map>
                                            <number key="width">449</number>
                                            <number key="height">751</number>
                                        </map>
                                        <map>
                                            <number key="width">224</number>
                                            <number key="height">375</number>
                                        </map>
                                        <map>
                                            <number key="width">112</number>
                                            <number key="height">187</number>
                                        </map>
                                    </array>
                                    <array key="tiles">
                                        <map>
                                            <number key="width">1024</number>
                                            <array key="scaleFactors">
                                                <number>1</number>
                                                <number>2</number>
                                                <number>4</number>
                                                <number>8</number>
                                                <number>16</number>
                                            </array>
                                        </map>
                                    </array>
                                    <string key="profile"
                                        >http://iiif.io/api/image/2/level1.json</string>
                                    <map key="service">
                                        <string key="@context"
                                            >http://iiif.io/api/annex/service/physdim/1/context.json</string>
                                        <string key="profile"
                                            >http://iiif.io/api/annex/service/physdim</string>
                                        <number key="physicalScale">0.0025</number>
                                        <string key="physicalUnits">in</string>
                                    </map>
                                </map>
                                <number key="height">3004</number>
                                <number key="width">1798</number>
                            </map>
                            <string key="on"
                                >https://api.nb.no/catalog/v1/iiif/51a97ce22ce73c66bfa9d73a16064250/canvas/URN:NBN:no-nb_digibok_2016101048158_0072</string>
                        </map>
                    </array>
                </map>
                <map>
                    <string key="@id"
                        >https://api.nb.no/catalog/v1/iiif/51a97ce22ce73c66bfa9d73a16064250/canvas/URN:NBN:no-nb_digibok_2016101048158_0073</string>
                    <string key="@type">sc:Canvas</string>
                    <map key="@seeAlso">
                        <string key="id"
                            >https://api.nb.no:443/catalog/v1/metadata/51a97ce22ce73c66bfa9d73a16064250/altos/URN:NBN:no-nb_digibok_2016101048158_0073</string>
                        <string key="format">application/alto+xml</string>
                        <string key="profile">http://www.loc.gov/standards/alto</string>
                    </map>
                    <string key="label">71</string>
                    <string key="thumbnail"
                        >https://www.nb.no/services/image/resolver/URN:NBN:no-nb_digibok_2016101048158_0073/full/72,0/0/native.jpg</string>
                    <number key="height">3004</number>
                    <number key="width">1798</number>
                    <array key="images">
                        <map>
                            <string key="@id"
                                >https://api.nb.no/catalog/v1/iiif/51a97ce22ce73c66bfa9d73a16064250/annotation/URN:NBN:no-nb_digibok_2016101048158_0073</string>
                            <string key="@type">oa:Annotation</string>
                            <string key="motivation">sc:painting</string>
                            <map key="resource">
                                <string key="@id">URN:NBN:no-nb_digibok_2016101048158_0073</string>
                                <string key="@type">dctypes:Image</string>
                                <string key="format">image/jpeg</string>
                                <map key="service">
                                    <string key="@context"
                                        >http://iiif.io/api/image/2/context.json</string>
                                    <string key="@id"
                                        >https://www.nb.no/services/image/resolver/URN:NBN:no-nb_digibok_2016101048158_0073</string>
                                    <string key="protocol">http://iiif.io/api/image</string>
                                    <number key="width">1798</number>
                                    <number key="height">3004</number>
                                    <array key="sizes">
                                        <map>
                                            <number key="width">899</number>
                                            <number key="height">1502</number>
                                        </map>
                                        <map>
                                            <number key="width">449</number>
                                            <number key="height">751</number>
                                        </map>
                                        <map>
                                            <number key="width">224</number>
                                            <number key="height">375</number>
                                        </map>
                                        <map>
                                            <number key="width">112</number>
                                            <number key="height">187</number>
                                        </map>
                                    </array>
                                    <array key="tiles">
                                        <map>
                                            <number key="width">1024</number>
                                            <array key="scaleFactors">
                                                <number>1</number>
                                                <number>2</number>
                                                <number>4</number>
                                                <number>8</number>
                                                <number>16</number>
                                            </array>
                                        </map>
                                    </array>
                                    <string key="profile"
                                        >http://iiif.io/api/image/2/level1.json</string>
                                    <map key="service">
                                        <string key="@context"
                                            >http://iiif.io/api/annex/service/physdim/1/context.json</string>
                                        <string key="profile"
                                            >http://iiif.io/api/annex/service/physdim</string>
                                        <number key="physicalScale">0.0025</number>
                                        <string key="physicalUnits">in</string>
                                    </map>
                                </map>
                                <number key="height">3004</number>
                                <number key="width">1798</number>
                            </map>
                            <string key="on"
                                >https://api.nb.no/catalog/v1/iiif/51a97ce22ce73c66bfa9d73a16064250/canvas/URN:NBN:no-nb_digibok_2016101048158_0073</string>
                        </map>
                    </array>
                </map>
                <map>
                    <string key="@id"
                        >https://api.nb.no/catalog/v1/iiif/51a97ce22ce73c66bfa9d73a16064250/canvas/URN:NBN:no-nb_digibok_2016101048158_0074</string>
                    <string key="@type">sc:Canvas</string>
                    <map key="@seeAlso">
                        <string key="id"
                            >https://api.nb.no:443/catalog/v1/metadata/51a97ce22ce73c66bfa9d73a16064250/altos/URN:NBN:no-nb_digibok_2016101048158_0074</string>
                        <string key="format">application/alto+xml</string>
                        <string key="profile">http://www.loc.gov/standards/alto</string>
                    </map>
                    <string key="label">72</string>
                    <string key="thumbnail"
                        >https://www.nb.no/services/image/resolver/URN:NBN:no-nb_digibok_2016101048158_0074/full/72,0/0/native.jpg</string>
                    <number key="height">3004</number>
                    <number key="width">1798</number>
                    <array key="images">
                        <map>
                            <string key="@id"
                                >https://api.nb.no/catalog/v1/iiif/51a97ce22ce73c66bfa9d73a16064250/annotation/URN:NBN:no-nb_digibok_2016101048158_0074</string>
                            <string key="@type">oa:Annotation</string>
                            <string key="motivation">sc:painting</string>
                            <map key="resource">
                                <string key="@id">URN:NBN:no-nb_digibok_2016101048158_0074</string>
                                <string key="@type">dctypes:Image</string>
                                <string key="format">image/jpeg</string>
                                <map key="service">
                                    <string key="@context"
                                        >http://iiif.io/api/image/2/context.json</string>
                                    <string key="@id"
                                        >https://www.nb.no/services/image/resolver/URN:NBN:no-nb_digibok_2016101048158_0074</string>
                                    <string key="protocol">http://iiif.io/api/image</string>
                                    <number key="width">1798</number>
                                    <number key="height">3004</number>
                                    <array key="sizes">
                                        <map>
                                            <number key="width">899</number>
                                            <number key="height">1502</number>
                                        </map>
                                        <map>
                                            <number key="width">449</number>
                                            <number key="height">751</number>
                                        </map>
                                        <map>
                                            <number key="width">224</number>
                                            <number key="height">375</number>
                                        </map>
                                        <map>
                                            <number key="width">112</number>
                                            <number key="height">187</number>
                                        </map>
                                    </array>
                                    <array key="tiles">
                                        <map>
                                            <number key="width">1024</number>
                                            <array key="scaleFactors">
                                                <number>1</number>
                                                <number>2</number>
                                                <number>4</number>
                                                <number>8</number>
                                                <number>16</number>
                                            </array>
                                        </map>
                                    </array>
                                    <string key="profile"
                                        >http://iiif.io/api/image/2/level1.json</string>
                                    <map key="service">
                                        <string key="@context"
                                            >http://iiif.io/api/annex/service/physdim/1/context.json</string>
                                        <string key="profile"
                                            >http://iiif.io/api/annex/service/physdim</string>
                                        <number key="physicalScale">0.0025</number>
                                        <string key="physicalUnits">in</string>
                                    </map>
                                </map>
                                <number key="height">3004</number>
                                <number key="width">1798</number>
                            </map>
                            <string key="on"
                                >https://api.nb.no/catalog/v1/iiif/51a97ce22ce73c66bfa9d73a16064250/canvas/URN:NBN:no-nb_digibok_2016101048158_0074</string>
                        </map>
                    </array>
                </map>
                <map>
                    <string key="@id"
                        >https://api.nb.no/catalog/v1/iiif/51a97ce22ce73c66bfa9d73a16064250/canvas/URN:NBN:no-nb_digibok_2016101048158_0075</string>
                    <string key="@type">sc:Canvas</string>
                    <map key="@seeAlso">
                        <string key="id"
                            >https://api.nb.no:443/catalog/v1/metadata/51a97ce22ce73c66bfa9d73a16064250/altos/URN:NBN:no-nb_digibok_2016101048158_0075</string>
                        <string key="format">application/alto+xml</string>
                        <string key="profile">http://www.loc.gov/standards/alto</string>
                    </map>
                    <string key="label">73</string>
                    <string key="thumbnail"
                        >https://www.nb.no/services/image/resolver/URN:NBN:no-nb_digibok_2016101048158_0075/full/72,0/0/native.jpg</string>
                    <number key="height">3004</number>
                    <number key="width">1798</number>
                    <array key="images">
                        <map>
                            <string key="@id"
                                >https://api.nb.no/catalog/v1/iiif/51a97ce22ce73c66bfa9d73a16064250/annotation/URN:NBN:no-nb_digibok_2016101048158_0075</string>
                            <string key="@type">oa:Annotation</string>
                            <string key="motivation">sc:painting</string>
                            <map key="resource">
                                <string key="@id">URN:NBN:no-nb_digibok_2016101048158_0075</string>
                                <string key="@type">dctypes:Image</string>
                                <string key="format">image/jpeg</string>
                                <map key="service">
                                    <string key="@context"
                                        >http://iiif.io/api/image/2/context.json</string>
                                    <string key="@id"
                                        >https://www.nb.no/services/image/resolver/URN:NBN:no-nb_digibok_2016101048158_0075</string>
                                    <string key="protocol">http://iiif.io/api/image</string>
                                    <number key="width">1798</number>
                                    <number key="height">3004</number>
                                    <array key="sizes">
                                        <map>
                                            <number key="width">899</number>
                                            <number key="height">1502</number>
                                        </map>
                                        <map>
                                            <number key="width">449</number>
                                            <number key="height">751</number>
                                        </map>
                                        <map>
                                            <number key="width">224</number>
                                            <number key="height">375</number>
                                        </map>
                                        <map>
                                            <number key="width">112</number>
                                            <number key="height">187</number>
                                        </map>
                                    </array>
                                    <array key="tiles">
                                        <map>
                                            <number key="width">1024</number>
                                            <array key="scaleFactors">
                                                <number>1</number>
                                                <number>2</number>
                                                <number>4</number>
                                                <number>8</number>
                                                <number>16</number>
                                            </array>
                                        </map>
                                    </array>
                                    <string key="profile"
                                        >http://iiif.io/api/image/2/level1.json</string>
                                    <map key="service">
                                        <string key="@context"
                                            >http://iiif.io/api/annex/service/physdim/1/context.json</string>
                                        <string key="profile"
                                            >http://iiif.io/api/annex/service/physdim</string>
                                        <number key="physicalScale">0.0025</number>
                                        <string key="physicalUnits">in</string>
                                    </map>
                                </map>
                                <number key="height">3004</number>
                                <number key="width">1798</number>
                            </map>
                            <string key="on"
                                >https://api.nb.no/catalog/v1/iiif/51a97ce22ce73c66bfa9d73a16064250/canvas/URN:NBN:no-nb_digibok_2016101048158_0075</string>
                        </map>
                    </array>
                </map>
                <map>
                    <string key="@id"
                        >https://api.nb.no/catalog/v1/iiif/51a97ce22ce73c66bfa9d73a16064250/canvas/URN:NBN:no-nb_digibok_2016101048158_0076</string>
                    <string key="@type">sc:Canvas</string>
                    <map key="@seeAlso">
                        <string key="id"
                            >https://api.nb.no:443/catalog/v1/metadata/51a97ce22ce73c66bfa9d73a16064250/altos/URN:NBN:no-nb_digibok_2016101048158_0076</string>
                        <string key="format">application/alto+xml</string>
                        <string key="profile">http://www.loc.gov/standards/alto</string>
                    </map>
                    <string key="label">74</string>
                    <string key="thumbnail"
                        >https://www.nb.no/services/image/resolver/URN:NBN:no-nb_digibok_2016101048158_0076/full/72,0/0/native.jpg</string>
                    <number key="height">3004</number>
                    <number key="width">1798</number>
                    <array key="images">
                        <map>
                            <string key="@id"
                                >https://api.nb.no/catalog/v1/iiif/51a97ce22ce73c66bfa9d73a16064250/annotation/URN:NBN:no-nb_digibok_2016101048158_0076</string>
                            <string key="@type">oa:Annotation</string>
                            <string key="motivation">sc:painting</string>
                            <map key="resource">
                                <string key="@id">URN:NBN:no-nb_digibok_2016101048158_0076</string>
                                <string key="@type">dctypes:Image</string>
                                <string key="format">image/jpeg</string>
                                <map key="service">
                                    <string key="@context"
                                        >http://iiif.io/api/image/2/context.json</string>
                                    <string key="@id"
                                        >https://www.nb.no/services/image/resolver/URN:NBN:no-nb_digibok_2016101048158_0076</string>
                                    <string key="protocol">http://iiif.io/api/image</string>
                                    <number key="width">1798</number>
                                    <number key="height">3004</number>
                                    <array key="sizes">
                                        <map>
                                            <number key="width">899</number>
                                            <number key="height">1502</number>
                                        </map>
                                        <map>
                                            <number key="width">449</number>
                                            <number key="height">751</number>
                                        </map>
                                        <map>
                                            <number key="width">224</number>
                                            <number key="height">375</number>
                                        </map>
                                        <map>
                                            <number key="width">112</number>
                                            <number key="height">187</number>
                                        </map>
                                    </array>
                                    <array key="tiles">
                                        <map>
                                            <number key="width">1024</number>
                                            <array key="scaleFactors">
                                                <number>1</number>
                                                <number>2</number>
                                                <number>4</number>
                                                <number>8</number>
                                                <number>16</number>
                                            </array>
                                        </map>
                                    </array>
                                    <string key="profile"
                                        >http://iiif.io/api/image/2/level1.json</string>
                                    <map key="service">
                                        <string key="@context"
                                            >http://iiif.io/api/annex/service/physdim/1/context.json</string>
                                        <string key="profile"
                                            >http://iiif.io/api/annex/service/physdim</string>
                                        <number key="physicalScale">0.0025</number>
                                        <string key="physicalUnits">in</string>
                                    </map>
                                </map>
                                <number key="height">3004</number>
                                <number key="width">1798</number>
                            </map>
                            <string key="on"
                                >https://api.nb.no/catalog/v1/iiif/51a97ce22ce73c66bfa9d73a16064250/canvas/URN:NBN:no-nb_digibok_2016101048158_0076</string>
                        </map>
                    </array>
                </map>
                <map>
                    <string key="@id"
                        >https://api.nb.no/catalog/v1/iiif/51a97ce22ce73c66bfa9d73a16064250/canvas/URN:NBN:no-nb_digibok_2016101048158_0077</string>
                    <string key="@type">sc:Canvas</string>
                    <map key="@seeAlso">
                        <string key="id"
                            >https://api.nb.no:443/catalog/v1/metadata/51a97ce22ce73c66bfa9d73a16064250/altos/URN:NBN:no-nb_digibok_2016101048158_0077</string>
                        <string key="format">application/alto+xml</string>
                        <string key="profile">http://www.loc.gov/standards/alto</string>
                    </map>
                    <string key="label">75</string>
                    <string key="thumbnail"
                        >https://www.nb.no/services/image/resolver/URN:NBN:no-nb_digibok_2016101048158_0077/full/72,0/0/native.jpg</string>
                    <number key="height">3004</number>
                    <number key="width">1798</number>
                    <array key="images">
                        <map>
                            <string key="@id"
                                >https://api.nb.no/catalog/v1/iiif/51a97ce22ce73c66bfa9d73a16064250/annotation/URN:NBN:no-nb_digibok_2016101048158_0077</string>
                            <string key="@type">oa:Annotation</string>
                            <string key="motivation">sc:painting</string>
                            <map key="resource">
                                <string key="@id">URN:NBN:no-nb_digibok_2016101048158_0077</string>
                                <string key="@type">dctypes:Image</string>
                                <string key="format">image/jpeg</string>
                                <map key="service">
                                    <string key="@context"
                                        >http://iiif.io/api/image/2/context.json</string>
                                    <string key="@id"
                                        >https://www.nb.no/services/image/resolver/URN:NBN:no-nb_digibok_2016101048158_0077</string>
                                    <string key="protocol">http://iiif.io/api/image</string>
                                    <number key="width">1798</number>
                                    <number key="height">3004</number>
                                    <array key="sizes">
                                        <map>
                                            <number key="width">899</number>
                                            <number key="height">1502</number>
                                        </map>
                                        <map>
                                            <number key="width">449</number>
                                            <number key="height">751</number>
                                        </map>
                                        <map>
                                            <number key="width">224</number>
                                            <number key="height">375</number>
                                        </map>
                                        <map>
                                            <number key="width">112</number>
                                            <number key="height">187</number>
                                        </map>
                                    </array>
                                    <array key="tiles">
                                        <map>
                                            <number key="width">1024</number>
                                            <array key="scaleFactors">
                                                <number>1</number>
                                                <number>2</number>
                                                <number>4</number>
                                                <number>8</number>
                                                <number>16</number>
                                            </array>
                                        </map>
                                    </array>
                                    <string key="profile"
                                        >http://iiif.io/api/image/2/level1.json</string>
                                    <map key="service">
                                        <string key="@context"
                                            >http://iiif.io/api/annex/service/physdim/1/context.json</string>
                                        <string key="profile"
                                            >http://iiif.io/api/annex/service/physdim</string>
                                        <number key="physicalScale">0.0025</number>
                                        <string key="physicalUnits">in</string>
                                    </map>
                                </map>
                                <number key="height">3004</number>
                                <number key="width">1798</number>
                            </map>
                            <string key="on"
                                >https://api.nb.no/catalog/v1/iiif/51a97ce22ce73c66bfa9d73a16064250/canvas/URN:NBN:no-nb_digibok_2016101048158_0077</string>
                        </map>
                    </array>
                </map>
                <map>
                    <string key="@id"
                        >https://api.nb.no/catalog/v1/iiif/51a97ce22ce73c66bfa9d73a16064250/canvas/URN:NBN:no-nb_digibok_2016101048158_0078</string>
                    <string key="@type">sc:Canvas</string>
                    <map key="@seeAlso">
                        <string key="id"
                            >https://api.nb.no:443/catalog/v1/metadata/51a97ce22ce73c66bfa9d73a16064250/altos/URN:NBN:no-nb_digibok_2016101048158_0078</string>
                        <string key="format">application/alto+xml</string>
                        <string key="profile">http://www.loc.gov/standards/alto</string>
                    </map>
                    <string key="label">76</string>
                    <string key="thumbnail"
                        >https://www.nb.no/services/image/resolver/URN:NBN:no-nb_digibok_2016101048158_0078/full/72,0/0/native.jpg</string>
                    <number key="height">3004</number>
                    <number key="width">1798</number>
                    <array key="images">
                        <map>
                            <string key="@id"
                                >https://api.nb.no/catalog/v1/iiif/51a97ce22ce73c66bfa9d73a16064250/annotation/URN:NBN:no-nb_digibok_2016101048158_0078</string>
                            <string key="@type">oa:Annotation</string>
                            <string key="motivation">sc:painting</string>
                            <map key="resource">
                                <string key="@id">URN:NBN:no-nb_digibok_2016101048158_0078</string>
                                <string key="@type">dctypes:Image</string>
                                <string key="format">image/jpeg</string>
                                <map key="service">
                                    <string key="@context"
                                        >http://iiif.io/api/image/2/context.json</string>
                                    <string key="@id"
                                        >https://www.nb.no/services/image/resolver/URN:NBN:no-nb_digibok_2016101048158_0078</string>
                                    <string key="protocol">http://iiif.io/api/image</string>
                                    <number key="width">1798</number>
                                    <number key="height">3004</number>
                                    <array key="sizes">
                                        <map>
                                            <number key="width">899</number>
                                            <number key="height">1502</number>
                                        </map>
                                        <map>
                                            <number key="width">449</number>
                                            <number key="height">751</number>
                                        </map>
                                        <map>
                                            <number key="width">224</number>
                                            <number key="height">375</number>
                                        </map>
                                        <map>
                                            <number key="width">112</number>
                                            <number key="height">187</number>
                                        </map>
                                    </array>
                                    <array key="tiles">
                                        <map>
                                            <number key="width">1024</number>
                                            <array key="scaleFactors">
                                                <number>1</number>
                                                <number>2</number>
                                                <number>4</number>
                                                <number>8</number>
                                                <number>16</number>
                                            </array>
                                        </map>
                                    </array>
                                    <string key="profile"
                                        >http://iiif.io/api/image/2/level1.json</string>
                                    <map key="service">
                                        <string key="@context"
                                            >http://iiif.io/api/annex/service/physdim/1/context.json</string>
                                        <string key="profile"
                                            >http://iiif.io/api/annex/service/physdim</string>
                                        <number key="physicalScale">0.0025</number>
                                        <string key="physicalUnits">in</string>
                                    </map>
                                </map>
                                <number key="height">3004</number>
                                <number key="width">1798</number>
                            </map>
                            <string key="on"
                                >https://api.nb.no/catalog/v1/iiif/51a97ce22ce73c66bfa9d73a16064250/canvas/URN:NBN:no-nb_digibok_2016101048158_0078</string>
                        </map>
                    </array>
                </map>
                <map>
                    <string key="@id"
                        >https://api.nb.no/catalog/v1/iiif/51a97ce22ce73c66bfa9d73a16064250/canvas/URN:NBN:no-nb_digibok_2016101048158_0079</string>
                    <string key="@type">sc:Canvas</string>
                    <map key="@seeAlso">
                        <string key="id"
                            >https://api.nb.no:443/catalog/v1/metadata/51a97ce22ce73c66bfa9d73a16064250/altos/URN:NBN:no-nb_digibok_2016101048158_0079</string>
                        <string key="format">application/alto+xml</string>
                        <string key="profile">http://www.loc.gov/standards/alto</string>
                    </map>
                    <string key="label">77</string>
                    <string key="thumbnail"
                        >https://www.nb.no/services/image/resolver/URN:NBN:no-nb_digibok_2016101048158_0079/full/72,0/0/native.jpg</string>
                    <number key="height">3004</number>
                    <number key="width">1798</number>
                    <array key="images">
                        <map>
                            <string key="@id"
                                >https://api.nb.no/catalog/v1/iiif/51a97ce22ce73c66bfa9d73a16064250/annotation/URN:NBN:no-nb_digibok_2016101048158_0079</string>
                            <string key="@type">oa:Annotation</string>
                            <string key="motivation">sc:painting</string>
                            <map key="resource">
                                <string key="@id">URN:NBN:no-nb_digibok_2016101048158_0079</string>
                                <string key="@type">dctypes:Image</string>
                                <string key="format">image/jpeg</string>
                                <map key="service">
                                    <string key="@context"
                                        >http://iiif.io/api/image/2/context.json</string>
                                    <string key="@id"
                                        >https://www.nb.no/services/image/resolver/URN:NBN:no-nb_digibok_2016101048158_0079</string>
                                    <string key="protocol">http://iiif.io/api/image</string>
                                    <number key="width">1798</number>
                                    <number key="height">3004</number>
                                    <array key="sizes">
                                        <map>
                                            <number key="width">899</number>
                                            <number key="height">1502</number>
                                        </map>
                                        <map>
                                            <number key="width">449</number>
                                            <number key="height">751</number>
                                        </map>
                                        <map>
                                            <number key="width">224</number>
                                            <number key="height">375</number>
                                        </map>
                                        <map>
                                            <number key="width">112</number>
                                            <number key="height">187</number>
                                        </map>
                                    </array>
                                    <array key="tiles">
                                        <map>
                                            <number key="width">1024</number>
                                            <array key="scaleFactors">
                                                <number>1</number>
                                                <number>2</number>
                                                <number>4</number>
                                                <number>8</number>
                                                <number>16</number>
                                            </array>
                                        </map>
                                    </array>
                                    <string key="profile"
                                        >http://iiif.io/api/image/2/level1.json</string>
                                    <map key="service">
                                        <string key="@context"
                                            >http://iiif.io/api/annex/service/physdim/1/context.json</string>
                                        <string key="profile"
                                            >http://iiif.io/api/annex/service/physdim</string>
                                        <number key="physicalScale">0.0025</number>
                                        <string key="physicalUnits">in</string>
                                    </map>
                                </map>
                                <number key="height">3004</number>
                                <number key="width">1798</number>
                            </map>
                            <string key="on"
                                >https://api.nb.no/catalog/v1/iiif/51a97ce22ce73c66bfa9d73a16064250/canvas/URN:NBN:no-nb_digibok_2016101048158_0079</string>
                        </map>
                    </array>
                </map>
                <map>
                    <string key="@id"
                        >https://api.nb.no/catalog/v1/iiif/51a97ce22ce73c66bfa9d73a16064250/canvas/URN:NBN:no-nb_digibok_2016101048158_0080</string>
                    <string key="@type">sc:Canvas</string>
                    <map key="@seeAlso">
                        <string key="id"
                            >https://api.nb.no:443/catalog/v1/metadata/51a97ce22ce73c66bfa9d73a16064250/altos/URN:NBN:no-nb_digibok_2016101048158_0080</string>
                        <string key="format">application/alto+xml</string>
                        <string key="profile">http://www.loc.gov/standards/alto</string>
                    </map>
                    <string key="label">78</string>
                    <string key="thumbnail"
                        >https://www.nb.no/services/image/resolver/URN:NBN:no-nb_digibok_2016101048158_0080/full/72,0/0/native.jpg</string>
                    <number key="height">3004</number>
                    <number key="width">1798</number>
                    <array key="images">
                        <map>
                            <string key="@id"
                                >https://api.nb.no/catalog/v1/iiif/51a97ce22ce73c66bfa9d73a16064250/annotation/URN:NBN:no-nb_digibok_2016101048158_0080</string>
                            <string key="@type">oa:Annotation</string>
                            <string key="motivation">sc:painting</string>
                            <map key="resource">
                                <string key="@id">URN:NBN:no-nb_digibok_2016101048158_0080</string>
                                <string key="@type">dctypes:Image</string>
                                <string key="format">image/jpeg</string>
                                <map key="service">
                                    <string key="@context"
                                        >http://iiif.io/api/image/2/context.json</string>
                                    <string key="@id"
                                        >https://www.nb.no/services/image/resolver/URN:NBN:no-nb_digibok_2016101048158_0080</string>
                                    <string key="protocol">http://iiif.io/api/image</string>
                                    <number key="width">1798</number>
                                    <number key="height">3004</number>
                                    <array key="sizes">
                                        <map>
                                            <number key="width">899</number>
                                            <number key="height">1502</number>
                                        </map>
                                        <map>
                                            <number key="width">449</number>
                                            <number key="height">751</number>
                                        </map>
                                        <map>
                                            <number key="width">224</number>
                                            <number key="height">375</number>
                                        </map>
                                        <map>
                                            <number key="width">112</number>
                                            <number key="height">187</number>
                                        </map>
                                    </array>
                                    <array key="tiles">
                                        <map>
                                            <number key="width">1024</number>
                                            <array key="scaleFactors">
                                                <number>1</number>
                                                <number>2</number>
                                                <number>4</number>
                                                <number>8</number>
                                                <number>16</number>
                                            </array>
                                        </map>
                                    </array>
                                    <string key="profile"
                                        >http://iiif.io/api/image/2/level1.json</string>
                                    <map key="service">
                                        <string key="@context"
                                            >http://iiif.io/api/annex/service/physdim/1/context.json</string>
                                        <string key="profile"
                                            >http://iiif.io/api/annex/service/physdim</string>
                                        <number key="physicalScale">0.0025</number>
                                        <string key="physicalUnits">in</string>
                                    </map>
                                </map>
                                <number key="height">3004</number>
                                <number key="width">1798</number>
                            </map>
                            <string key="on"
                                >https://api.nb.no/catalog/v1/iiif/51a97ce22ce73c66bfa9d73a16064250/canvas/URN:NBN:no-nb_digibok_2016101048158_0080</string>
                        </map>
                    </array>
                </map>
                <map>
                    <string key="@id"
                        >https://api.nb.no/catalog/v1/iiif/51a97ce22ce73c66bfa9d73a16064250/canvas/URN:NBN:no-nb_digibok_2016101048158_0081</string>
                    <string key="@type">sc:Canvas</string>
                    <map key="@seeAlso">
                        <string key="id"
                            >https://api.nb.no:443/catalog/v1/metadata/51a97ce22ce73c66bfa9d73a16064250/altos/URN:NBN:no-nb_digibok_2016101048158_0081</string>
                        <string key="format">application/alto+xml</string>
                        <string key="profile">http://www.loc.gov/standards/alto</string>
                    </map>
                    <string key="label">79</string>
                    <string key="thumbnail"
                        >https://www.nb.no/services/image/resolver/URN:NBN:no-nb_digibok_2016101048158_0081/full/72,0/0/native.jpg</string>
                    <number key="height">3004</number>
                    <number key="width">1798</number>
                    <array key="images">
                        <map>
                            <string key="@id"
                                >https://api.nb.no/catalog/v1/iiif/51a97ce22ce73c66bfa9d73a16064250/annotation/URN:NBN:no-nb_digibok_2016101048158_0081</string>
                            <string key="@type">oa:Annotation</string>
                            <string key="motivation">sc:painting</string>
                            <map key="resource">
                                <string key="@id">URN:NBN:no-nb_digibok_2016101048158_0081</string>
                                <string key="@type">dctypes:Image</string>
                                <string key="format">image/jpeg</string>
                                <map key="service">
                                    <string key="@context"
                                        >http://iiif.io/api/image/2/context.json</string>
                                    <string key="@id"
                                        >https://www.nb.no/services/image/resolver/URN:NBN:no-nb_digibok_2016101048158_0081</string>
                                    <string key="protocol">http://iiif.io/api/image</string>
                                    <number key="width">1798</number>
                                    <number key="height">3004</number>
                                    <array key="sizes">
                                        <map>
                                            <number key="width">899</number>
                                            <number key="height">1502</number>
                                        </map>
                                        <map>
                                            <number key="width">449</number>
                                            <number key="height">751</number>
                                        </map>
                                        <map>
                                            <number key="width">224</number>
                                            <number key="height">375</number>
                                        </map>
                                        <map>
                                            <number key="width">112</number>
                                            <number key="height">187</number>
                                        </map>
                                    </array>
                                    <array key="tiles">
                                        <map>
                                            <number key="width">1024</number>
                                            <array key="scaleFactors">
                                                <number>1</number>
                                                <number>2</number>
                                                <number>4</number>
                                                <number>8</number>
                                                <number>16</number>
                                            </array>
                                        </map>
                                    </array>
                                    <string key="profile"
                                        >http://iiif.io/api/image/2/level1.json</string>
                                    <map key="service">
                                        <string key="@context"
                                            >http://iiif.io/api/annex/service/physdim/1/context.json</string>
                                        <string key="profile"
                                            >http://iiif.io/api/annex/service/physdim</string>
                                        <number key="physicalScale">0.0025</number>
                                        <string key="physicalUnits">in</string>
                                    </map>
                                </map>
                                <number key="height">3004</number>
                                <number key="width">1798</number>
                            </map>
                            <string key="on"
                                >https://api.nb.no/catalog/v1/iiif/51a97ce22ce73c66bfa9d73a16064250/canvas/URN:NBN:no-nb_digibok_2016101048158_0081</string>
                        </map>
                    </array>
                </map>
                <map>
                    <string key="@id"
                        >https://api.nb.no/catalog/v1/iiif/51a97ce22ce73c66bfa9d73a16064250/canvas/URN:NBN:no-nb_digibok_2016101048158_0082</string>
                    <string key="@type">sc:Canvas</string>
                    <map key="@seeAlso">
                        <string key="id"
                            >https://api.nb.no:443/catalog/v1/metadata/51a97ce22ce73c66bfa9d73a16064250/altos/URN:NBN:no-nb_digibok_2016101048158_0082</string>
                        <string key="format">application/alto+xml</string>
                        <string key="profile">http://www.loc.gov/standards/alto</string>
                    </map>
                    <string key="label">80</string>
                    <string key="thumbnail"
                        >https://www.nb.no/services/image/resolver/URN:NBN:no-nb_digibok_2016101048158_0082/full/72,0/0/native.jpg</string>
                    <number key="height">3004</number>
                    <number key="width">1798</number>
                    <array key="images">
                        <map>
                            <string key="@id"
                                >https://api.nb.no/catalog/v1/iiif/51a97ce22ce73c66bfa9d73a16064250/annotation/URN:NBN:no-nb_digibok_2016101048158_0082</string>
                            <string key="@type">oa:Annotation</string>
                            <string key="motivation">sc:painting</string>
                            <map key="resource">
                                <string key="@id">URN:NBN:no-nb_digibok_2016101048158_0082</string>
                                <string key="@type">dctypes:Image</string>
                                <string key="format">image/jpeg</string>
                                <map key="service">
                                    <string key="@context"
                                        >http://iiif.io/api/image/2/context.json</string>
                                    <string key="@id"
                                        >https://www.nb.no/services/image/resolver/URN:NBN:no-nb_digibok_2016101048158_0082</string>
                                    <string key="protocol">http://iiif.io/api/image</string>
                                    <number key="width">1798</number>
                                    <number key="height">3004</number>
                                    <array key="sizes">
                                        <map>
                                            <number key="width">899</number>
                                            <number key="height">1502</number>
                                        </map>
                                        <map>
                                            <number key="width">449</number>
                                            <number key="height">751</number>
                                        </map>
                                        <map>
                                            <number key="width">224</number>
                                            <number key="height">375</number>
                                        </map>
                                        <map>
                                            <number key="width">112</number>
                                            <number key="height">187</number>
                                        </map>
                                    </array>
                                    <array key="tiles">
                                        <map>
                                            <number key="width">1024</number>
                                            <array key="scaleFactors">
                                                <number>1</number>
                                                <number>2</number>
                                                <number>4</number>
                                                <number>8</number>
                                                <number>16</number>
                                            </array>
                                        </map>
                                    </array>
                                    <string key="profile"
                                        >http://iiif.io/api/image/2/level1.json</string>
                                    <map key="service">
                                        <string key="@context"
                                            >http://iiif.io/api/annex/service/physdim/1/context.json</string>
                                        <string key="profile"
                                            >http://iiif.io/api/annex/service/physdim</string>
                                        <number key="physicalScale">0.0025</number>
                                        <string key="physicalUnits">in</string>
                                    </map>
                                </map>
                                <number key="height">3004</number>
                                <number key="width">1798</number>
                            </map>
                            <string key="on"
                                >https://api.nb.no/catalog/v1/iiif/51a97ce22ce73c66bfa9d73a16064250/canvas/URN:NBN:no-nb_digibok_2016101048158_0082</string>
                        </map>
                    </array>
                </map>
                <map>
                    <string key="@id"
                        >https://api.nb.no/catalog/v1/iiif/51a97ce22ce73c66bfa9d73a16064250/canvas/URN:NBN:no-nb_digibok_2016101048158_0083</string>
                    <string key="@type">sc:Canvas</string>
                    <map key="@seeAlso">
                        <string key="id"
                            >https://api.nb.no:443/catalog/v1/metadata/51a97ce22ce73c66bfa9d73a16064250/altos/URN:NBN:no-nb_digibok_2016101048158_0083</string>
                        <string key="format">application/alto+xml</string>
                        <string key="profile">http://www.loc.gov/standards/alto</string>
                    </map>
                    <string key="label">81</string>
                    <string key="thumbnail"
                        >https://www.nb.no/services/image/resolver/URN:NBN:no-nb_digibok_2016101048158_0083/full/72,0/0/native.jpg</string>
                    <number key="height">3004</number>
                    <number key="width">1798</number>
                    <array key="images">
                        <map>
                            <string key="@id"
                                >https://api.nb.no/catalog/v1/iiif/51a97ce22ce73c66bfa9d73a16064250/annotation/URN:NBN:no-nb_digibok_2016101048158_0083</string>
                            <string key="@type">oa:Annotation</string>
                            <string key="motivation">sc:painting</string>
                            <map key="resource">
                                <string key="@id">URN:NBN:no-nb_digibok_2016101048158_0083</string>
                                <string key="@type">dctypes:Image</string>
                                <string key="format">image/jpeg</string>
                                <map key="service">
                                    <string key="@context"
                                        >http://iiif.io/api/image/2/context.json</string>
                                    <string key="@id"
                                        >https://www.nb.no/services/image/resolver/URN:NBN:no-nb_digibok_2016101048158_0083</string>
                                    <string key="protocol">http://iiif.io/api/image</string>
                                    <number key="width">1798</number>
                                    <number key="height">3004</number>
                                    <array key="sizes">
                                        <map>
                                            <number key="width">899</number>
                                            <number key="height">1502</number>
                                        </map>
                                        <map>
                                            <number key="width">449</number>
                                            <number key="height">751</number>
                                        </map>
                                        <map>
                                            <number key="width">224</number>
                                            <number key="height">375</number>
                                        </map>
                                        <map>
                                            <number key="width">112</number>
                                            <number key="height">187</number>
                                        </map>
                                    </array>
                                    <array key="tiles">
                                        <map>
                                            <number key="width">1024</number>
                                            <array key="scaleFactors">
                                                <number>1</number>
                                                <number>2</number>
                                                <number>4</number>
                                                <number>8</number>
                                                <number>16</number>
                                            </array>
                                        </map>
                                    </array>
                                    <string key="profile"
                                        >http://iiif.io/api/image/2/level1.json</string>
                                    <map key="service">
                                        <string key="@context"
                                            >http://iiif.io/api/annex/service/physdim/1/context.json</string>
                                        <string key="profile"
                                            >http://iiif.io/api/annex/service/physdim</string>
                                        <number key="physicalScale">0.0025</number>
                                        <string key="physicalUnits">in</string>
                                    </map>
                                </map>
                                <number key="height">3004</number>
                                <number key="width">1798</number>
                            </map>
                            <string key="on"
                                >https://api.nb.no/catalog/v1/iiif/51a97ce22ce73c66bfa9d73a16064250/canvas/URN:NBN:no-nb_digibok_2016101048158_0083</string>
                        </map>
                    </array>
                </map>
                <map>
                    <string key="@id"
                        >https://api.nb.no/catalog/v1/iiif/51a97ce22ce73c66bfa9d73a16064250/canvas/URN:NBN:no-nb_digibok_2016101048158_0084</string>
                    <string key="@type">sc:Canvas</string>
                    <map key="@seeAlso">
                        <string key="id"
                            >https://api.nb.no:443/catalog/v1/metadata/51a97ce22ce73c66bfa9d73a16064250/altos/URN:NBN:no-nb_digibok_2016101048158_0084</string>
                        <string key="format">application/alto+xml</string>
                        <string key="profile">http://www.loc.gov/standards/alto</string>
                    </map>
                    <string key="label">82</string>
                    <string key="thumbnail"
                        >https://www.nb.no/services/image/resolver/URN:NBN:no-nb_digibok_2016101048158_0084/full/72,0/0/native.jpg</string>
                    <number key="height">3004</number>
                    <number key="width">1798</number>
                    <array key="images">
                        <map>
                            <string key="@id"
                                >https://api.nb.no/catalog/v1/iiif/51a97ce22ce73c66bfa9d73a16064250/annotation/URN:NBN:no-nb_digibok_2016101048158_0084</string>
                            <string key="@type">oa:Annotation</string>
                            <string key="motivation">sc:painting</string>
                            <map key="resource">
                                <string key="@id">URN:NBN:no-nb_digibok_2016101048158_0084</string>
                                <string key="@type">dctypes:Image</string>
                                <string key="format">image/jpeg</string>
                                <map key="service">
                                    <string key="@context"
                                        >http://iiif.io/api/image/2/context.json</string>
                                    <string key="@id"
                                        >https://www.nb.no/services/image/resolver/URN:NBN:no-nb_digibok_2016101048158_0084</string>
                                    <string key="protocol">http://iiif.io/api/image</string>
                                    <number key="width">1798</number>
                                    <number key="height">3004</number>
                                    <array key="sizes">
                                        <map>
                                            <number key="width">899</number>
                                            <number key="height">1502</number>
                                        </map>
                                        <map>
                                            <number key="width">449</number>
                                            <number key="height">751</number>
                                        </map>
                                        <map>
                                            <number key="width">224</number>
                                            <number key="height">375</number>
                                        </map>
                                        <map>
                                            <number key="width">112</number>
                                            <number key="height">187</number>
                                        </map>
                                    </array>
                                    <array key="tiles">
                                        <map>
                                            <number key="width">1024</number>
                                            <array key="scaleFactors">
                                                <number>1</number>
                                                <number>2</number>
                                                <number>4</number>
                                                <number>8</number>
                                                <number>16</number>
                                            </array>
                                        </map>
                                    </array>
                                    <string key="profile"
                                        >http://iiif.io/api/image/2/level1.json</string>
                                    <map key="service">
                                        <string key="@context"
                                            >http://iiif.io/api/annex/service/physdim/1/context.json</string>
                                        <string key="profile"
                                            >http://iiif.io/api/annex/service/physdim</string>
                                        <number key="physicalScale">0.0025</number>
                                        <string key="physicalUnits">in</string>
                                    </map>
                                </map>
                                <number key="height">3004</number>
                                <number key="width">1798</number>
                            </map>
                            <string key="on"
                                >https://api.nb.no/catalog/v1/iiif/51a97ce22ce73c66bfa9d73a16064250/canvas/URN:NBN:no-nb_digibok_2016101048158_0084</string>
                        </map>
                    </array>
                </map>
                <map>
                    <string key="@id"
                        >https://api.nb.no/catalog/v1/iiif/51a97ce22ce73c66bfa9d73a16064250/canvas/URN:NBN:no-nb_digibok_2016101048158_0085</string>
                    <string key="@type">sc:Canvas</string>
                    <map key="@seeAlso">
                        <string key="id"
                            >https://api.nb.no:443/catalog/v1/metadata/51a97ce22ce73c66bfa9d73a16064250/altos/URN:NBN:no-nb_digibok_2016101048158_0085</string>
                        <string key="format">application/alto+xml</string>
                        <string key="profile">http://www.loc.gov/standards/alto</string>
                    </map>
                    <string key="label">83</string>
                    <string key="thumbnail"
                        >https://www.nb.no/services/image/resolver/URN:NBN:no-nb_digibok_2016101048158_0085/full/72,0/0/native.jpg</string>
                    <number key="height">3004</number>
                    <number key="width">1798</number>
                    <array key="images">
                        <map>
                            <string key="@id"
                                >https://api.nb.no/catalog/v1/iiif/51a97ce22ce73c66bfa9d73a16064250/annotation/URN:NBN:no-nb_digibok_2016101048158_0085</string>
                            <string key="@type">oa:Annotation</string>
                            <string key="motivation">sc:painting</string>
                            <map key="resource">
                                <string key="@id">URN:NBN:no-nb_digibok_2016101048158_0085</string>
                                <string key="@type">dctypes:Image</string>
                                <string key="format">image/jpeg</string>
                                <map key="service">
                                    <string key="@context"
                                        >http://iiif.io/api/image/2/context.json</string>
                                    <string key="@id"
                                        >https://www.nb.no/services/image/resolver/URN:NBN:no-nb_digibok_2016101048158_0085</string>
                                    <string key="protocol">http://iiif.io/api/image</string>
                                    <number key="width">1798</number>
                                    <number key="height">3004</number>
                                    <array key="sizes">
                                        <map>
                                            <number key="width">899</number>
                                            <number key="height">1502</number>
                                        </map>
                                        <map>
                                            <number key="width">449</number>
                                            <number key="height">751</number>
                                        </map>
                                        <map>
                                            <number key="width">224</number>
                                            <number key="height">375</number>
                                        </map>
                                        <map>
                                            <number key="width">112</number>
                                            <number key="height">187</number>
                                        </map>
                                    </array>
                                    <array key="tiles">
                                        <map>
                                            <number key="width">1024</number>
                                            <array key="scaleFactors">
                                                <number>1</number>
                                                <number>2</number>
                                                <number>4</number>
                                                <number>8</number>
                                                <number>16</number>
                                            </array>
                                        </map>
                                    </array>
                                    <string key="profile"
                                        >http://iiif.io/api/image/2/level1.json</string>
                                    <map key="service">
                                        <string key="@context"
                                            >http://iiif.io/api/annex/service/physdim/1/context.json</string>
                                        <string key="profile"
                                            >http://iiif.io/api/annex/service/physdim</string>
                                        <number key="physicalScale">0.0025</number>
                                        <string key="physicalUnits">in</string>
                                    </map>
                                </map>
                                <number key="height">3004</number>
                                <number key="width">1798</number>
                            </map>
                            <string key="on"
                                >https://api.nb.no/catalog/v1/iiif/51a97ce22ce73c66bfa9d73a16064250/canvas/URN:NBN:no-nb_digibok_2016101048158_0085</string>
                        </map>
                    </array>
                </map>
                <map>
                    <string key="@id"
                        >https://api.nb.no/catalog/v1/iiif/51a97ce22ce73c66bfa9d73a16064250/canvas/URN:NBN:no-nb_digibok_2016101048158_0086</string>
                    <string key="@type">sc:Canvas</string>
                    <map key="@seeAlso">
                        <string key="id"
                            >https://api.nb.no:443/catalog/v1/metadata/51a97ce22ce73c66bfa9d73a16064250/altos/URN:NBN:no-nb_digibok_2016101048158_0086</string>
                        <string key="format">application/alto+xml</string>
                        <string key="profile">http://www.loc.gov/standards/alto</string>
                    </map>
                    <string key="label">84</string>
                    <string key="thumbnail"
                        >https://www.nb.no/services/image/resolver/URN:NBN:no-nb_digibok_2016101048158_0086/full/72,0/0/native.jpg</string>
                    <number key="height">3004</number>
                    <number key="width">1798</number>
                    <array key="images">
                        <map>
                            <string key="@id"
                                >https://api.nb.no/catalog/v1/iiif/51a97ce22ce73c66bfa9d73a16064250/annotation/URN:NBN:no-nb_digibok_2016101048158_0086</string>
                            <string key="@type">oa:Annotation</string>
                            <string key="motivation">sc:painting</string>
                            <map key="resource">
                                <string key="@id">URN:NBN:no-nb_digibok_2016101048158_0086</string>
                                <string key="@type">dctypes:Image</string>
                                <string key="format">image/jpeg</string>
                                <map key="service">
                                    <string key="@context"
                                        >http://iiif.io/api/image/2/context.json</string>
                                    <string key="@id"
                                        >https://www.nb.no/services/image/resolver/URN:NBN:no-nb_digibok_2016101048158_0086</string>
                                    <string key="protocol">http://iiif.io/api/image</string>
                                    <number key="width">1798</number>
                                    <number key="height">3004</number>
                                    <array key="sizes">
                                        <map>
                                            <number key="width">899</number>
                                            <number key="height">1502</number>
                                        </map>
                                        <map>
                                            <number key="width">449</number>
                                            <number key="height">751</number>
                                        </map>
                                        <map>
                                            <number key="width">224</number>
                                            <number key="height">375</number>
                                        </map>
                                        <map>
                                            <number key="width">112</number>
                                            <number key="height">187</number>
                                        </map>
                                    </array>
                                    <array key="tiles">
                                        <map>
                                            <number key="width">1024</number>
                                            <array key="scaleFactors">
                                                <number>1</number>
                                                <number>2</number>
                                                <number>4</number>
                                                <number>8</number>
                                                <number>16</number>
                                            </array>
                                        </map>
                                    </array>
                                    <string key="profile"
                                        >http://iiif.io/api/image/2/level1.json</string>
                                    <map key="service">
                                        <string key="@context"
                                            >http://iiif.io/api/annex/service/physdim/1/context.json</string>
                                        <string key="profile"
                                            >http://iiif.io/api/annex/service/physdim</string>
                                        <number key="physicalScale">0.0025</number>
                                        <string key="physicalUnits">in</string>
                                    </map>
                                </map>
                                <number key="height">3004</number>
                                <number key="width">1798</number>
                            </map>
                            <string key="on"
                                >https://api.nb.no/catalog/v1/iiif/51a97ce22ce73c66bfa9d73a16064250/canvas/URN:NBN:no-nb_digibok_2016101048158_0086</string>
                        </map>
                    </array>
                </map>
                <map>
                    <string key="@id"
                        >https://api.nb.no/catalog/v1/iiif/51a97ce22ce73c66bfa9d73a16064250/canvas/URN:NBN:no-nb_digibok_2016101048158_0087</string>
                    <string key="@type">sc:Canvas</string>
                    <map key="@seeAlso">
                        <string key="id"
                            >https://api.nb.no:443/catalog/v1/metadata/51a97ce22ce73c66bfa9d73a16064250/altos/URN:NBN:no-nb_digibok_2016101048158_0087</string>
                        <string key="format">application/alto+xml</string>
                        <string key="profile">http://www.loc.gov/standards/alto</string>
                    </map>
                    <string key="label">85</string>
                    <string key="thumbnail"
                        >https://www.nb.no/services/image/resolver/URN:NBN:no-nb_digibok_2016101048158_0087/full/72,0/0/native.jpg</string>
                    <number key="height">3004</number>
                    <number key="width">1798</number>
                    <array key="images">
                        <map>
                            <string key="@id"
                                >https://api.nb.no/catalog/v1/iiif/51a97ce22ce73c66bfa9d73a16064250/annotation/URN:NBN:no-nb_digibok_2016101048158_0087</string>
                            <string key="@type">oa:Annotation</string>
                            <string key="motivation">sc:painting</string>
                            <map key="resource">
                                <string key="@id">URN:NBN:no-nb_digibok_2016101048158_0087</string>
                                <string key="@type">dctypes:Image</string>
                                <string key="format">image/jpeg</string>
                                <map key="service">
                                    <string key="@context"
                                        >http://iiif.io/api/image/2/context.json</string>
                                    <string key="@id"
                                        >https://www.nb.no/services/image/resolver/URN:NBN:no-nb_digibok_2016101048158_0087</string>
                                    <string key="protocol">http://iiif.io/api/image</string>
                                    <number key="width">1798</number>
                                    <number key="height">3004</number>
                                    <array key="sizes">
                                        <map>
                                            <number key="width">899</number>
                                            <number key="height">1502</number>
                                        </map>
                                        <map>
                                            <number key="width">449</number>
                                            <number key="height">751</number>
                                        </map>
                                        <map>
                                            <number key="width">224</number>
                                            <number key="height">375</number>
                                        </map>
                                        <map>
                                            <number key="width">112</number>
                                            <number key="height">187</number>
                                        </map>
                                    </array>
                                    <array key="tiles">
                                        <map>
                                            <number key="width">1024</number>
                                            <array key="scaleFactors">
                                                <number>1</number>
                                                <number>2</number>
                                                <number>4</number>
                                                <number>8</number>
                                                <number>16</number>
                                            </array>
                                        </map>
                                    </array>
                                    <string key="profile"
                                        >http://iiif.io/api/image/2/level1.json</string>
                                    <map key="service">
                                        <string key="@context"
                                            >http://iiif.io/api/annex/service/physdim/1/context.json</string>
                                        <string key="profile"
                                            >http://iiif.io/api/annex/service/physdim</string>
                                        <number key="physicalScale">0.0025</number>
                                        <string key="physicalUnits">in</string>
                                    </map>
                                </map>
                                <number key="height">3004</number>
                                <number key="width">1798</number>
                            </map>
                            <string key="on"
                                >https://api.nb.no/catalog/v1/iiif/51a97ce22ce73c66bfa9d73a16064250/canvas/URN:NBN:no-nb_digibok_2016101048158_0087</string>
                        </map>
                    </array>
                </map>
                <map>
                    <string key="@id"
                        >https://api.nb.no/catalog/v1/iiif/51a97ce22ce73c66bfa9d73a16064250/canvas/URN:NBN:no-nb_digibok_2016101048158_0088</string>
                    <string key="@type">sc:Canvas</string>
                    <map key="@seeAlso">
                        <string key="id"
                            >https://api.nb.no:443/catalog/v1/metadata/51a97ce22ce73c66bfa9d73a16064250/altos/URN:NBN:no-nb_digibok_2016101048158_0088</string>
                        <string key="format">application/alto+xml</string>
                        <string key="profile">http://www.loc.gov/standards/alto</string>
                    </map>
                    <string key="label">86</string>
                    <string key="thumbnail"
                        >https://www.nb.no/services/image/resolver/URN:NBN:no-nb_digibok_2016101048158_0088/full/72,0/0/native.jpg</string>
                    <number key="height">3004</number>
                    <number key="width">1798</number>
                    <array key="images">
                        <map>
                            <string key="@id"
                                >https://api.nb.no/catalog/v1/iiif/51a97ce22ce73c66bfa9d73a16064250/annotation/URN:NBN:no-nb_digibok_2016101048158_0088</string>
                            <string key="@type">oa:Annotation</string>
                            <string key="motivation">sc:painting</string>
                            <map key="resource">
                                <string key="@id">URN:NBN:no-nb_digibok_2016101048158_0088</string>
                                <string key="@type">dctypes:Image</string>
                                <string key="format">image/jpeg</string>
                                <map key="service">
                                    <string key="@context"
                                        >http://iiif.io/api/image/2/context.json</string>
                                    <string key="@id"
                                        >https://www.nb.no/services/image/resolver/URN:NBN:no-nb_digibok_2016101048158_0088</string>
                                    <string key="protocol">http://iiif.io/api/image</string>
                                    <number key="width">1798</number>
                                    <number key="height">3004</number>
                                    <array key="sizes">
                                        <map>
                                            <number key="width">899</number>
                                            <number key="height">1502</number>
                                        </map>
                                        <map>
                                            <number key="width">449</number>
                                            <number key="height">751</number>
                                        </map>
                                        <map>
                                            <number key="width">224</number>
                                            <number key="height">375</number>
                                        </map>
                                        <map>
                                            <number key="width">112</number>
                                            <number key="height">187</number>
                                        </map>
                                    </array>
                                    <array key="tiles">
                                        <map>
                                            <number key="width">1024</number>
                                            <array key="scaleFactors">
                                                <number>1</number>
                                                <number>2</number>
                                                <number>4</number>
                                                <number>8</number>
                                                <number>16</number>
                                            </array>
                                        </map>
                                    </array>
                                    <string key="profile"
                                        >http://iiif.io/api/image/2/level1.json</string>
                                    <map key="service">
                                        <string key="@context"
                                            >http://iiif.io/api/annex/service/physdim/1/context.json</string>
                                        <string key="profile"
                                            >http://iiif.io/api/annex/service/physdim</string>
                                        <number key="physicalScale">0.0025</number>
                                        <string key="physicalUnits">in</string>
                                    </map>
                                </map>
                                <number key="height">3004</number>
                                <number key="width">1798</number>
                            </map>
                            <string key="on"
                                >https://api.nb.no/catalog/v1/iiif/51a97ce22ce73c66bfa9d73a16064250/canvas/URN:NBN:no-nb_digibok_2016101048158_0088</string>
                        </map>
                    </array>
                </map>
                <map>
                    <string key="@id"
                        >https://api.nb.no/catalog/v1/iiif/51a97ce22ce73c66bfa9d73a16064250/canvas/URN:NBN:no-nb_digibok_2016101048158_0089</string>
                    <string key="@type">sc:Canvas</string>
                    <map key="@seeAlso">
                        <string key="id"
                            >https://api.nb.no:443/catalog/v1/metadata/51a97ce22ce73c66bfa9d73a16064250/altos/URN:NBN:no-nb_digibok_2016101048158_0089</string>
                        <string key="format">application/alto+xml</string>
                        <string key="profile">http://www.loc.gov/standards/alto</string>
                    </map>
                    <string key="label">87</string>
                    <string key="thumbnail"
                        >https://www.nb.no/services/image/resolver/URN:NBN:no-nb_digibok_2016101048158_0089/full/72,0/0/native.jpg</string>
                    <number key="height">3004</number>
                    <number key="width">1798</number>
                    <array key="images">
                        <map>
                            <string key="@id"
                                >https://api.nb.no/catalog/v1/iiif/51a97ce22ce73c66bfa9d73a16064250/annotation/URN:NBN:no-nb_digibok_2016101048158_0089</string>
                            <string key="@type">oa:Annotation</string>
                            <string key="motivation">sc:painting</string>
                            <map key="resource">
                                <string key="@id">URN:NBN:no-nb_digibok_2016101048158_0089</string>
                                <string key="@type">dctypes:Image</string>
                                <string key="format">image/jpeg</string>
                                <map key="service">
                                    <string key="@context"
                                        >http://iiif.io/api/image/2/context.json</string>
                                    <string key="@id"
                                        >https://www.nb.no/services/image/resolver/URN:NBN:no-nb_digibok_2016101048158_0089</string>
                                    <string key="protocol">http://iiif.io/api/image</string>
                                    <number key="width">1798</number>
                                    <number key="height">3004</number>
                                    <array key="sizes">
                                        <map>
                                            <number key="width">899</number>
                                            <number key="height">1502</number>
                                        </map>
                                        <map>
                                            <number key="width">449</number>
                                            <number key="height">751</number>
                                        </map>
                                        <map>
                                            <number key="width">224</number>
                                            <number key="height">375</number>
                                        </map>
                                        <map>
                                            <number key="width">112</number>
                                            <number key="height">187</number>
                                        </map>
                                    </array>
                                    <array key="tiles">
                                        <map>
                                            <number key="width">1024</number>
                                            <array key="scaleFactors">
                                                <number>1</number>
                                                <number>2</number>
                                                <number>4</number>
                                                <number>8</number>
                                                <number>16</number>
                                            </array>
                                        </map>
                                    </array>
                                    <string key="profile"
                                        >http://iiif.io/api/image/2/level1.json</string>
                                    <map key="service">
                                        <string key="@context"
                                            >http://iiif.io/api/annex/service/physdim/1/context.json</string>
                                        <string key="profile"
                                            >http://iiif.io/api/annex/service/physdim</string>
                                        <number key="physicalScale">0.0025</number>
                                        <string key="physicalUnits">in</string>
                                    </map>
                                </map>
                                <number key="height">3004</number>
                                <number key="width">1798</number>
                            </map>
                            <string key="on"
                                >https://api.nb.no/catalog/v1/iiif/51a97ce22ce73c66bfa9d73a16064250/canvas/URN:NBN:no-nb_digibok_2016101048158_0089</string>
                        </map>
                    </array>
                </map>
                <map>
                    <string key="@id"
                        >https://api.nb.no/catalog/v1/iiif/51a97ce22ce73c66bfa9d73a16064250/canvas/URN:NBN:no-nb_digibok_2016101048158_0090</string>
                    <string key="@type">sc:Canvas</string>
                    <map key="@seeAlso">
                        <string key="id"
                            >https://api.nb.no:443/catalog/v1/metadata/51a97ce22ce73c66bfa9d73a16064250/altos/URN:NBN:no-nb_digibok_2016101048158_0090</string>
                        <string key="format">application/alto+xml</string>
                        <string key="profile">http://www.loc.gov/standards/alto</string>
                    </map>
                    <string key="label">88</string>
                    <string key="thumbnail"
                        >https://www.nb.no/services/image/resolver/URN:NBN:no-nb_digibok_2016101048158_0090/full/72,0/0/native.jpg</string>
                    <number key="height">3004</number>
                    <number key="width">1798</number>
                    <array key="images">
                        <map>
                            <string key="@id"
                                >https://api.nb.no/catalog/v1/iiif/51a97ce22ce73c66bfa9d73a16064250/annotation/URN:NBN:no-nb_digibok_2016101048158_0090</string>
                            <string key="@type">oa:Annotation</string>
                            <string key="motivation">sc:painting</string>
                            <map key="resource">
                                <string key="@id">URN:NBN:no-nb_digibok_2016101048158_0090</string>
                                <string key="@type">dctypes:Image</string>
                                <string key="format">image/jpeg</string>
                                <map key="service">
                                    <string key="@context"
                                        >http://iiif.io/api/image/2/context.json</string>
                                    <string key="@id"
                                        >https://www.nb.no/services/image/resolver/URN:NBN:no-nb_digibok_2016101048158_0090</string>
                                    <string key="protocol">http://iiif.io/api/image</string>
                                    <number key="width">1798</number>
                                    <number key="height">3004</number>
                                    <array key="sizes">
                                        <map>
                                            <number key="width">899</number>
                                            <number key="height">1502</number>
                                        </map>
                                        <map>
                                            <number key="width">449</number>
                                            <number key="height">751</number>
                                        </map>
                                        <map>
                                            <number key="width">224</number>
                                            <number key="height">375</number>
                                        </map>
                                        <map>
                                            <number key="width">112</number>
                                            <number key="height">187</number>
                                        </map>
                                    </array>
                                    <array key="tiles">
                                        <map>
                                            <number key="width">1024</number>
                                            <array key="scaleFactors">
                                                <number>1</number>
                                                <number>2</number>
                                                <number>4</number>
                                                <number>8</number>
                                                <number>16</number>
                                            </array>
                                        </map>
                                    </array>
                                    <string key="profile"
                                        >http://iiif.io/api/image/2/level1.json</string>
                                    <map key="service">
                                        <string key="@context"
                                            >http://iiif.io/api/annex/service/physdim/1/context.json</string>
                                        <string key="profile"
                                            >http://iiif.io/api/annex/service/physdim</string>
                                        <number key="physicalScale">0.0025</number>
                                        <string key="physicalUnits">in</string>
                                    </map>
                                </map>
                                <number key="height">3004</number>
                                <number key="width">1798</number>
                            </map>
                            <string key="on"
                                >https://api.nb.no/catalog/v1/iiif/51a97ce22ce73c66bfa9d73a16064250/canvas/URN:NBN:no-nb_digibok_2016101048158_0090</string>
                        </map>
                    </array>
                </map>
                <map>
                    <string key="@id"
                        >https://api.nb.no/catalog/v1/iiif/51a97ce22ce73c66bfa9d73a16064250/canvas/URN:NBN:no-nb_digibok_2016101048158_0091</string>
                    <string key="@type">sc:Canvas</string>
                    <map key="@seeAlso">
                        <string key="id"
                            >https://api.nb.no:443/catalog/v1/metadata/51a97ce22ce73c66bfa9d73a16064250/altos/URN:NBN:no-nb_digibok_2016101048158_0091</string>
                        <string key="format">application/alto+xml</string>
                        <string key="profile">http://www.loc.gov/standards/alto</string>
                    </map>
                    <string key="label">89</string>
                    <string key="thumbnail"
                        >https://www.nb.no/services/image/resolver/URN:NBN:no-nb_digibok_2016101048158_0091/full/72,0/0/native.jpg</string>
                    <number key="height">3004</number>
                    <number key="width">1798</number>
                    <array key="images">
                        <map>
                            <string key="@id"
                                >https://api.nb.no/catalog/v1/iiif/51a97ce22ce73c66bfa9d73a16064250/annotation/URN:NBN:no-nb_digibok_2016101048158_0091</string>
                            <string key="@type">oa:Annotation</string>
                            <string key="motivation">sc:painting</string>
                            <map key="resource">
                                <string key="@id">URN:NBN:no-nb_digibok_2016101048158_0091</string>
                                <string key="@type">dctypes:Image</string>
                                <string key="format">image/jpeg</string>
                                <map key="service">
                                    <string key="@context"
                                        >http://iiif.io/api/image/2/context.json</string>
                                    <string key="@id"
                                        >https://www.nb.no/services/image/resolver/URN:NBN:no-nb_digibok_2016101048158_0091</string>
                                    <string key="protocol">http://iiif.io/api/image</string>
                                    <number key="width">1798</number>
                                    <number key="height">3004</number>
                                    <array key="sizes">
                                        <map>
                                            <number key="width">899</number>
                                            <number key="height">1502</number>
                                        </map>
                                        <map>
                                            <number key="width">449</number>
                                            <number key="height">751</number>
                                        </map>
                                        <map>
                                            <number key="width">224</number>
                                            <number key="height">375</number>
                                        </map>
                                        <map>
                                            <number key="width">112</number>
                                            <number key="height">187</number>
                                        </map>
                                    </array>
                                    <array key="tiles">
                                        <map>
                                            <number key="width">1024</number>
                                            <array key="scaleFactors">
                                                <number>1</number>
                                                <number>2</number>
                                                <number>4</number>
                                                <number>8</number>
                                                <number>16</number>
                                            </array>
                                        </map>
                                    </array>
                                    <string key="profile"
                                        >http://iiif.io/api/image/2/level1.json</string>
                                    <map key="service">
                                        <string key="@context"
                                            >http://iiif.io/api/annex/service/physdim/1/context.json</string>
                                        <string key="profile"
                                            >http://iiif.io/api/annex/service/physdim</string>
                                        <number key="physicalScale">0.0025</number>
                                        <string key="physicalUnits">in</string>
                                    </map>
                                </map>
                                <number key="height">3004</number>
                                <number key="width">1798</number>
                            </map>
                            <string key="on"
                                >https://api.nb.no/catalog/v1/iiif/51a97ce22ce73c66bfa9d73a16064250/canvas/URN:NBN:no-nb_digibok_2016101048158_0091</string>
                        </map>
                    </array>
                </map>
                <map>
                    <string key="@id"
                        >https://api.nb.no/catalog/v1/iiif/51a97ce22ce73c66bfa9d73a16064250/canvas/URN:NBN:no-nb_digibok_2016101048158_0092</string>
                    <string key="@type">sc:Canvas</string>
                    <map key="@seeAlso">
                        <string key="id"
                            >https://api.nb.no:443/catalog/v1/metadata/51a97ce22ce73c66bfa9d73a16064250/altos/URN:NBN:no-nb_digibok_2016101048158_0092</string>
                        <string key="format">application/alto+xml</string>
                        <string key="profile">http://www.loc.gov/standards/alto</string>
                    </map>
                    <string key="label">90</string>
                    <string key="thumbnail"
                        >https://www.nb.no/services/image/resolver/URN:NBN:no-nb_digibok_2016101048158_0092/full/72,0/0/native.jpg</string>
                    <number key="height">3004</number>
                    <number key="width">1798</number>
                    <array key="images">
                        <map>
                            <string key="@id"
                                >https://api.nb.no/catalog/v1/iiif/51a97ce22ce73c66bfa9d73a16064250/annotation/URN:NBN:no-nb_digibok_2016101048158_0092</string>
                            <string key="@type">oa:Annotation</string>
                            <string key="motivation">sc:painting</string>
                            <map key="resource">
                                <string key="@id">URN:NBN:no-nb_digibok_2016101048158_0092</string>
                                <string key="@type">dctypes:Image</string>
                                <string key="format">image/jpeg</string>
                                <map key="service">
                                    <string key="@context"
                                        >http://iiif.io/api/image/2/context.json</string>
                                    <string key="@id"
                                        >https://www.nb.no/services/image/resolver/URN:NBN:no-nb_digibok_2016101048158_0092</string>
                                    <string key="protocol">http://iiif.io/api/image</string>
                                    <number key="width">1798</number>
                                    <number key="height">3004</number>
                                    <array key="sizes">
                                        <map>
                                            <number key="width">899</number>
                                            <number key="height">1502</number>
                                        </map>
                                        <map>
                                            <number key="width">449</number>
                                            <number key="height">751</number>
                                        </map>
                                        <map>
                                            <number key="width">224</number>
                                            <number key="height">375</number>
                                        </map>
                                        <map>
                                            <number key="width">112</number>
                                            <number key="height">187</number>
                                        </map>
                                    </array>
                                    <array key="tiles">
                                        <map>
                                            <number key="width">1024</number>
                                            <array key="scaleFactors">
                                                <number>1</number>
                                                <number>2</number>
                                                <number>4</number>
                                                <number>8</number>
                                                <number>16</number>
                                            </array>
                                        </map>
                                    </array>
                                    <string key="profile"
                                        >http://iiif.io/api/image/2/level1.json</string>
                                    <map key="service">
                                        <string key="@context"
                                            >http://iiif.io/api/annex/service/physdim/1/context.json</string>
                                        <string key="profile"
                                            >http://iiif.io/api/annex/service/physdim</string>
                                        <number key="physicalScale">0.0025</number>
                                        <string key="physicalUnits">in</string>
                                    </map>
                                </map>
                                <number key="height">3004</number>
                                <number key="width">1798</number>
                            </map>
                            <string key="on"
                                >https://api.nb.no/catalog/v1/iiif/51a97ce22ce73c66bfa9d73a16064250/canvas/URN:NBN:no-nb_digibok_2016101048158_0092</string>
                        </map>
                    </array>
                </map>
                <map>
                    <string key="@id"
                        >https://api.nb.no/catalog/v1/iiif/51a97ce22ce73c66bfa9d73a16064250/canvas/URN:NBN:no-nb_digibok_2016101048158_0093</string>
                    <string key="@type">sc:Canvas</string>
                    <map key="@seeAlso">
                        <string key="id"
                            >https://api.nb.no:443/catalog/v1/metadata/51a97ce22ce73c66bfa9d73a16064250/altos/URN:NBN:no-nb_digibok_2016101048158_0093</string>
                        <string key="format">application/alto+xml</string>
                        <string key="profile">http://www.loc.gov/standards/alto</string>
                    </map>
                    <string key="label">91</string>
                    <string key="thumbnail"
                        >https://www.nb.no/services/image/resolver/URN:NBN:no-nb_digibok_2016101048158_0093/full/72,0/0/native.jpg</string>
                    <number key="height">3004</number>
                    <number key="width">1798</number>
                    <array key="images">
                        <map>
                            <string key="@id"
                                >https://api.nb.no/catalog/v1/iiif/51a97ce22ce73c66bfa9d73a16064250/annotation/URN:NBN:no-nb_digibok_2016101048158_0093</string>
                            <string key="@type">oa:Annotation</string>
                            <string key="motivation">sc:painting</string>
                            <map key="resource">
                                <string key="@id">URN:NBN:no-nb_digibok_2016101048158_0093</string>
                                <string key="@type">dctypes:Image</string>
                                <string key="format">image/jpeg</string>
                                <map key="service">
                                    <string key="@context"
                                        >http://iiif.io/api/image/2/context.json</string>
                                    <string key="@id"
                                        >https://www.nb.no/services/image/resolver/URN:NBN:no-nb_digibok_2016101048158_0093</string>
                                    <string key="protocol">http://iiif.io/api/image</string>
                                    <number key="width">1798</number>
                                    <number key="height">3004</number>
                                    <array key="sizes">
                                        <map>
                                            <number key="width">899</number>
                                            <number key="height">1502</number>
                                        </map>
                                        <map>
                                            <number key="width">449</number>
                                            <number key="height">751</number>
                                        </map>
                                        <map>
                                            <number key="width">224</number>
                                            <number key="height">375</number>
                                        </map>
                                        <map>
                                            <number key="width">112</number>
                                            <number key="height">187</number>
                                        </map>
                                    </array>
                                    <array key="tiles">
                                        <map>
                                            <number key="width">1024</number>
                                            <array key="scaleFactors">
                                                <number>1</number>
                                                <number>2</number>
                                                <number>4</number>
                                                <number>8</number>
                                                <number>16</number>
                                            </array>
                                        </map>
                                    </array>
                                    <string key="profile"
                                        >http://iiif.io/api/image/2/level1.json</string>
                                    <map key="service">
                                        <string key="@context"
                                            >http://iiif.io/api/annex/service/physdim/1/context.json</string>
                                        <string key="profile"
                                            >http://iiif.io/api/annex/service/physdim</string>
                                        <number key="physicalScale">0.0025</number>
                                        <string key="physicalUnits">in</string>
                                    </map>
                                </map>
                                <number key="height">3004</number>
                                <number key="width">1798</number>
                            </map>
                            <string key="on"
                                >https://api.nb.no/catalog/v1/iiif/51a97ce22ce73c66bfa9d73a16064250/canvas/URN:NBN:no-nb_digibok_2016101048158_0093</string>
                        </map>
                    </array>
                </map>
                <map>
                    <string key="@id"
                        >https://api.nb.no/catalog/v1/iiif/51a97ce22ce73c66bfa9d73a16064250/canvas/URN:NBN:no-nb_digibok_2016101048158_0094</string>
                    <string key="@type">sc:Canvas</string>
                    <map key="@seeAlso">
                        <string key="id"
                            >https://api.nb.no:443/catalog/v1/metadata/51a97ce22ce73c66bfa9d73a16064250/altos/URN:NBN:no-nb_digibok_2016101048158_0094</string>
                        <string key="format">application/alto+xml</string>
                        <string key="profile">http://www.loc.gov/standards/alto</string>
                    </map>
                    <string key="label">92</string>
                    <string key="thumbnail"
                        >https://www.nb.no/services/image/resolver/URN:NBN:no-nb_digibok_2016101048158_0094/full/72,0/0/native.jpg</string>
                    <number key="height">3004</number>
                    <number key="width">1798</number>
                    <array key="images">
                        <map>
                            <string key="@id"
                                >https://api.nb.no/catalog/v1/iiif/51a97ce22ce73c66bfa9d73a16064250/annotation/URN:NBN:no-nb_digibok_2016101048158_0094</string>
                            <string key="@type">oa:Annotation</string>
                            <string key="motivation">sc:painting</string>
                            <map key="resource">
                                <string key="@id">URN:NBN:no-nb_digibok_2016101048158_0094</string>
                                <string key="@type">dctypes:Image</string>
                                <string key="format">image/jpeg</string>
                                <map key="service">
                                    <string key="@context"
                                        >http://iiif.io/api/image/2/context.json</string>
                                    <string key="@id"
                                        >https://www.nb.no/services/image/resolver/URN:NBN:no-nb_digibok_2016101048158_0094</string>
                                    <string key="protocol">http://iiif.io/api/image</string>
                                    <number key="width">1798</number>
                                    <number key="height">3004</number>
                                    <array key="sizes">
                                        <map>
                                            <number key="width">899</number>
                                            <number key="height">1502</number>
                                        </map>
                                        <map>
                                            <number key="width">449</number>
                                            <number key="height">751</number>
                                        </map>
                                        <map>
                                            <number key="width">224</number>
                                            <number key="height">375</number>
                                        </map>
                                        <map>
                                            <number key="width">112</number>
                                            <number key="height">187</number>
                                        </map>
                                    </array>
                                    <array key="tiles">
                                        <map>
                                            <number key="width">1024</number>
                                            <array key="scaleFactors">
                                                <number>1</number>
                                                <number>2</number>
                                                <number>4</number>
                                                <number>8</number>
                                                <number>16</number>
                                            </array>
                                        </map>
                                    </array>
                                    <string key="profile"
                                        >http://iiif.io/api/image/2/level1.json</string>
                                    <map key="service">
                                        <string key="@context"
                                            >http://iiif.io/api/annex/service/physdim/1/context.json</string>
                                        <string key="profile"
                                            >http://iiif.io/api/annex/service/physdim</string>
                                        <number key="physicalScale">0.0025</number>
                                        <string key="physicalUnits">in</string>
                                    </map>
                                </map>
                                <number key="height">3004</number>
                                <number key="width">1798</number>
                            </map>
                            <string key="on"
                                >https://api.nb.no/catalog/v1/iiif/51a97ce22ce73c66bfa9d73a16064250/canvas/URN:NBN:no-nb_digibok_2016101048158_0094</string>
                        </map>
                    </array>
                </map>
                <map>
                    <string key="@id"
                        >https://api.nb.no/catalog/v1/iiif/51a97ce22ce73c66bfa9d73a16064250/canvas/URN:NBN:no-nb_digibok_2016101048158_I3</string>
                    <string key="@type">sc:Canvas</string>
                    <map key="@seeAlso">
                        <string key="id"
                            >https://api.nb.no:443/catalog/v1/metadata/51a97ce22ce73c66bfa9d73a16064250/altos/URN:NBN:no-nb_digibok_2016101048158_I3</string>
                        <string key="format">application/alto+xml</string>
                        <string key="profile">http://www.loc.gov/standards/alto</string>
                    </map>
                    <string key="label">97</string>
                    <string key="thumbnail"
                        >https://www.nb.no/services/image/resolver/URN:NBN:no-nb_digibok_2016101048158_I3/full/72,0/0/native.jpg</string>
                    <number key="height">3004</number>
                    <number key="width">1798</number>
                    <array key="images">
                        <map>
                            <string key="@id"
                                >https://api.nb.no/catalog/v1/iiif/51a97ce22ce73c66bfa9d73a16064250/annotation/URN:NBN:no-nb_digibok_2016101048158_I3</string>
                            <string key="@type">oa:Annotation</string>
                            <string key="motivation">sc:painting</string>
                            <map key="resource">
                                <string key="@id">URN:NBN:no-nb_digibok_2016101048158_I3</string>
                                <string key="@type">dctypes:Image</string>
                                <string key="format">image/jpeg</string>
                                <map key="service">
                                    <string key="@context"
                                        >http://iiif.io/api/image/2/context.json</string>
                                    <string key="@id"
                                        >https://www.nb.no/services/image/resolver/URN:NBN:no-nb_digibok_2016101048158_I3</string>
                                    <string key="protocol">http://iiif.io/api/image</string>
                                    <number key="width">1798</number>
                                    <number key="height">3004</number>
                                    <array key="sizes">
                                        <map>
                                            <number key="width">899</number>
                                            <number key="height">1502</number>
                                        </map>
                                        <map>
                                            <number key="width">449</number>
                                            <number key="height">751</number>
                                        </map>
                                        <map>
                                            <number key="width">224</number>
                                            <number key="height">375</number>
                                        </map>
                                        <map>
                                            <number key="width">112</number>
                                            <number key="height">187</number>
                                        </map>
                                    </array>
                                    <array key="tiles">
                                        <map>
                                            <number key="width">1024</number>
                                            <array key="scaleFactors">
                                                <number>1</number>
                                                <number>2</number>
                                                <number>4</number>
                                                <number>8</number>
                                                <number>16</number>
                                            </array>
                                        </map>
                                    </array>
                                    <string key="profile"
                                        >http://iiif.io/api/image/2/level1.json</string>
                                    <map key="service">
                                        <string key="@context"
                                            >http://iiif.io/api/annex/service/physdim/1/context.json</string>
                                        <string key="profile"
                                            >http://iiif.io/api/annex/service/physdim</string>
                                        <number key="physicalScale">0.0025</number>
                                        <string key="physicalUnits">in</string>
                                    </map>
                                </map>
                                <number key="height">3004</number>
                                <number key="width">1798</number>
                            </map>
                            <string key="on"
                                >https://api.nb.no/catalog/v1/iiif/51a97ce22ce73c66bfa9d73a16064250/canvas/URN:NBN:no-nb_digibok_2016101048158_I3</string>
                        </map>
                    </array>
                </map>
                <map>
                    <string key="@id"
                        >https://api.nb.no/catalog/v1/iiif/51a97ce22ce73c66bfa9d73a16064250/canvas/URN:NBN:no-nb_digibok_2016101048158_C3</string>
                    <string key="@type">sc:Canvas</string>
                    <map key="@seeAlso">
                        <string key="id"
                            >https://api.nb.no:443/catalog/v1/metadata/51a97ce22ce73c66bfa9d73a16064250/altos/URN:NBN:no-nb_digibok_2016101048158_C3</string>
                        <string key="format">application/alto+xml</string>
                        <string key="profile">http://www.loc.gov/standards/alto</string>
                    </map>
                    <string key="label">95</string>
                    <string key="thumbnail"
                        >https://www.nb.no/services/image/resolver/URN:NBN:no-nb_digibok_2016101048158_C3/full/72,0/0/native.jpg</string>
                    <number key="height">3142</number>
                    <number key="width">1988</number>
                    <array key="images">
                        <map>
                            <string key="@id"
                                >https://api.nb.no/catalog/v1/iiif/51a97ce22ce73c66bfa9d73a16064250/annotation/URN:NBN:no-nb_digibok_2016101048158_C3</string>
                            <string key="@type">oa:Annotation</string>
                            <string key="motivation">sc:painting</string>
                            <map key="resource">
                                <string key="@id">URN:NBN:no-nb_digibok_2016101048158_C3</string>
                                <string key="@type">dctypes:Image</string>
                                <string key="format">image/jpeg</string>
                                <map key="service">
                                    <string key="@context"
                                        >http://iiif.io/api/image/2/context.json</string>
                                    <string key="@id"
                                        >https://www.nb.no/services/image/resolver/URN:NBN:no-nb_digibok_2016101048158_C3</string>
                                    <string key="protocol">http://iiif.io/api/image</string>
                                    <number key="width">1988</number>
                                    <number key="height">3142</number>
                                    <array key="sizes">
                                        <map>
                                            <number key="width">994</number>
                                            <number key="height">1571</number>
                                        </map>
                                        <map>
                                            <number key="width">497</number>
                                            <number key="height">785</number>
                                        </map>
                                        <map>
                                            <number key="width">248</number>
                                            <number key="height">392</number>
                                        </map>
                                        <map>
                                            <number key="width">124</number>
                                            <number key="height">196</number>
                                        </map>
                                        <map>
                                            <number key="width">62</number>
                                            <number key="height">98</number>
                                        </map>
                                    </array>
                                    <array key="tiles">
                                        <map>
                                            <number key="width">1024</number>
                                            <array key="scaleFactors">
                                                <number>1</number>
                                                <number>2</number>
                                                <number>4</number>
                                                <number>8</number>
                                                <number>16</number>
                                                <number>32</number>
                                            </array>
                                        </map>
                                    </array>
                                    <string key="profile"
                                        >http://iiif.io/api/image/2/level1.json</string>
                                    <map key="service">
                                        <string key="@context"
                                            >http://iiif.io/api/annex/service/physdim/1/context.json</string>
                                        <string key="profile"
                                            >http://iiif.io/api/annex/service/physdim</string>
                                        <number key="physicalScale">0.0025</number>
                                        <string key="physicalUnits">in</string>
                                    </map>
                                </map>
                                <number key="height">3142</number>
                                <number key="width">1988</number>
                            </map>
                            <string key="on"
                                >https://api.nb.no/catalog/v1/iiif/51a97ce22ce73c66bfa9d73a16064250/canvas/URN:NBN:no-nb_digibok_2016101048158_C3</string>
                        </map>
                    </array>
                </map>
                <map>
                    <string key="@id"
                        >https://api.nb.no/catalog/v1/iiif/51a97ce22ce73c66bfa9d73a16064250/canvas/URN:NBN:no-nb_digibok_2016101048158_C2</string>
                    <string key="@type">sc:Canvas</string>
                    <map key="@seeAlso">
                        <string key="id"
                            >https://api.nb.no:443/catalog/v1/metadata/51a97ce22ce73c66bfa9d73a16064250/altos/URN:NBN:no-nb_digibok_2016101048158_C2</string>
                        <string key="format">application/alto+xml</string>
                        <string key="profile">http://www.loc.gov/standards/alto</string>
                    </map>
                    <string key="label">94</string>
                    <string key="thumbnail"
                        >https://www.nb.no/services/image/resolver/URN:NBN:no-nb_digibok_2016101048158_C2/full/72,0/0/native.jpg</string>
                    <number key="height">3142</number>
                    <number key="width">161</number>
                    <array key="images">
                        <map>
                            <string key="@id"
                                >https://api.nb.no/catalog/v1/iiif/51a97ce22ce73c66bfa9d73a16064250/annotation/URN:NBN:no-nb_digibok_2016101048158_C2</string>
                            <string key="@type">oa:Annotation</string>
                            <string key="motivation">sc:painting</string>
                            <map key="resource">
                                <string key="@id">URN:NBN:no-nb_digibok_2016101048158_C2</string>
                                <string key="@type">dctypes:Image</string>
                                <string key="format">image/jpeg</string>
                                <map key="service">
                                    <string key="@context"
                                        >http://iiif.io/api/image/2/context.json</string>
                                    <string key="@id"
                                        >https://www.nb.no/services/image/resolver/URN:NBN:no-nb_digibok_2016101048158_C2</string>
                                    <string key="protocol">http://iiif.io/api/image</string>
                                    <number key="width">161</number>
                                    <number key="height">3142</number>
                                    <array key="sizes">
                                        <map>
                                            <number key="width">80</number>
                                            <number key="height">1571</number>
                                        </map>
                                        <map>
                                            <number key="width">40</number>
                                            <number key="height">785</number>
                                        </map>
                                        <map>
                                            <number key="width">20</number>
                                            <number key="height">392</number>
                                        </map>
                                        <map>
                                            <number key="width">10</number>
                                            <number key="height">196</number>
                                        </map>
                                        <map>
                                            <number key="width">5</number>
                                            <number key="height">98</number>
                                        </map>
                                    </array>
                                    <array key="tiles">
                                        <map>
                                            <number key="width">1024</number>
                                            <array key="scaleFactors">
                                                <number>1</number>
                                                <number>2</number>
                                                <number>4</number>
                                                <number>8</number>
                                                <number>16</number>
                                                <number>32</number>
                                            </array>
                                        </map>
                                    </array>
                                    <string key="profile"
                                        >http://iiif.io/api/image/2/level1.json</string>
                                    <map key="service">
                                        <string key="@context"
                                            >http://iiif.io/api/annex/service/physdim/1/context.json</string>
                                        <string key="profile"
                                            >http://iiif.io/api/annex/service/physdim</string>
                                        <number key="physicalScale">0.0025</number>
                                        <string key="physicalUnits">in</string>
                                    </map>
                                </map>
                                <number key="height">3142</number>
                                <number key="width">161</number>
                            </map>
                            <string key="on"
                                >https://api.nb.no/catalog/v1/iiif/51a97ce22ce73c66bfa9d73a16064250/canvas/URN:NBN:no-nb_digibok_2016101048158_C2</string>
                        </map>
                    </array>
                </map>
            </array>
        </map>
    </array>
    <array key="structures">
        <map>
            <string key="@id"
                >https://api.nb.no/catalog/v1/iiif/51a97ce22ce73c66bfa9d73a16064250/range/r-0</string>
            <string key="@type">sc:Range</string>
            <string key="label">Framside</string>
            <array key="canvases">
                <string>https://api.nb.no/catalog/v1/iiif/51a97ce22ce73c66bfa9d73a16064250/canvas/URN:NBN:no-nb_digibok_2016101048158_C1</string>
            </array>
        </map>
        <map>
            <string key="@id"
                >https://api.nb.no/catalog/v1/iiif/51a97ce22ce73c66bfa9d73a16064250/range/r-1</string>
            <string key="@type">sc:Range</string>
            <string key="label">Tittelside</string>
            <array key="canvases">
                <string>https://api.nb.no/catalog/v1/iiif/51a97ce22ce73c66bfa9d73a16064250/canvas/URN:NBN:no-nb_digibok_2016101048158_0003</string>
            </array>
        </map>
        <map>
            <string key="@id"
                >https://api.nb.no/catalog/v1/iiif/51a97ce22ce73c66bfa9d73a16064250/range/r-2</string>
            <string key="@type">sc:Range</string>
            <string key="label">Bakside</string>
            <array key="canvases">
                <string>https://api.nb.no/catalog/v1/iiif/51a97ce22ce73c66bfa9d73a16064250/canvas/URN:NBN:no-nb_digibok_2016101048158_C3</string>
            </array>
        </map>
    </array>
</map>